<?xml version="1.0" encoding="UTF-8"?>
<testsuite xmlns:xsi="http://www.w3.org/2001/XMLSchema-instance" xsi:noNamespaceSchemaLocation="https://maven.apache.org/surefire/maven-failsafe-plugin/xsd/failsafe-test-report-3.0.xsd" version="3.0" name="inicio.CucumberTestSuite" time="15.378" tests="1" errors="0" skipped="0" failures="0">
  <properties>
    <property name="sun.desktop" value="windows"/>
    <property name="awt.toolkit" value="sun.awt.windows.WToolkit"/>
    <property name="java.specification.version" value="1.8"/>
    <property name="file.encoding.pkg" value="sun.io"/>
    <property name="webdriver.chrome.driver" value="C:\Users\JOSUE\.cache\selenium\chromedriver\win32\108.0.5359.71\chromedriver.exe"/>
    <property name="sun.cpu.isalist" value="amd64"/>
    <property name="sun.jnu.encoding" value="Cp1252"/>
    <property name="java.class.path" value="C:\Users\JOSUE\IdeaProjects\ExamenReniec\target\test-classes;C:\Users\JOSUE\IdeaProjects\ExamenReniec\target\ExamenReniec-1.0-SNAPSHOT.jar;C:\Users\JOSUE\.m2\repository\net\serenity-bdd\serenity-core\3.3.4\serenity-core-3.3.4.jar;C:\Users\JOSUE\.m2\repository\net\serenity-bdd\serenity-model\3.3.4\serenity-model-3.3.4.jar;C:\Users\JOSUE\.m2\repository\org\apache\commons\commons-text\1.9\commons-text-1.9.jar;C:\Users\JOSUE\.m2\repository\commons-net\commons-net\3.8.0\commons-net-3.8.0.jar;C:\Users\JOSUE\.m2\repository\com\google\guava\guava\31.1-jre\guava-31.1-jre.jar;C:\Users\JOSUE\.m2\repository\com\google\guava\failureaccess\1.0.1\failureaccess-1.0.1.jar;C:\Users\JOSUE\.m2\repository\com\google\guava\listenablefuture\9999.0-empty-to-avoid-conflict-with-guava\listenablefuture-9999.0-empty-to-avoid-conflict-with-guava.jar;C:\Users\JOSUE\.m2\repository\com\google\code\findbugs\jsr305\3.0.2\jsr305-3.0.2.jar;C:\Users\JOSUE\.m2\repository\org\checkerframework\checker-qual\3.12.0\checker-qual-3.12.0.jar;C:\Users\JOSUE\.m2\repository\com\google\errorprone\error_prone_annotations\2.11.0\error_prone_annotations-2.11.0.jar;C:\Users\JOSUE\.m2\repository\com\google\j2objc\j2objc-annotations\1.3\j2objc-annotations-1.3.jar;C:\Users\JOSUE\.m2\repository\com\google\inject\guice\5.1.0\guice-5.1.0.jar;C:\Users\JOSUE\.m2\repository\javax\inject\javax.inject\1\javax.inject-1.jar;C:\Users\JOSUE\.m2\repository\aopalliance\aopalliance\1.0\aopalliance-1.0.jar;C:\Users\JOSUE\.m2\repository\org\jsoup\jsoup\1.14.3\jsoup-1.14.3.jar;C:\Users\JOSUE\.m2\repository\com\thoughtworks\xstream\xstream\1.4.19\xstream-1.4.19.jar;C:\Users\JOSUE\.m2\repository\io\github\x-stream\mxparser\1.2.2\mxparser-1.2.2.jar;C:\Users\JOSUE\.m2\repository\xmlpull\xmlpull\1.1.3.1\xmlpull-1.1.3.1.jar;C:\Users\JOSUE\.m2\repository\com\typesafe\config\1.4.2\config-1.4.2.jar;C:\Users\JOSUE\.m2\repository\org\imgscalr\imgscalr-lib\4.2\imgscalr-lib-4.2.jar;C:\Users\JOSUE\.m2\repository\org\awaitility\awaitility\4.2.0\awaitility-4.2.0.jar;C:\Users\JOSUE\.m2\repository\org\freemarker\freemarker\2.3.31\freemarker-2.3.31.jar;C:\Users\JOSUE\.m2\repository\io\github\classgraph\classgraph\4.8.138\classgraph-4.8.138.jar;C:\Users\JOSUE\.m2\repository\net\sourceforge\jexcelapi\jxl\2.6.12\jxl-2.6.12.jar;C:\Users\JOSUE\.m2\repository\net\bytebuddy\byte-buddy-agent\1.12.12\byte-buddy-agent-1.12.12.jar;C:\Users\JOSUE\.m2\repository\org\objenesis\objenesis\3.1\objenesis-3.1.jar;C:\Users\JOSUE\.m2\repository\net\serenity-bdd\serenity-reports\3.3.4\serenity-reports-3.3.4.jar;C:\Users\JOSUE\.m2\repository\net\serenity-bdd\serenity-stats\3.3.4\serenity-stats-3.3.4.jar;C:\Users\JOSUE\.m2\repository\net\serenity-bdd\serenity-reports-configuration\3.3.4\serenity-reports-configuration-3.3.4.jar;C:\Users\JOSUE\.m2\repository\com\vladsch\flexmark\flexmark-all\0.34.30\flexmark-all-0.34.30.jar;C:\Users\JOSUE\.m2\repository\com\vladsch\flexmark\flexmark\0.34.30\flexmark-0.34.30.jar;C:\Users\JOSUE\.m2\repository\com\vladsch\flexmark\flexmark-ext-abbreviation\0.34.30\flexmark-ext-abbreviation-0.34.30.jar;C:\Users\JOSUE\.m2\repository\com\vladsch\flexmark\flexmark-ext-admonition\0.34.30\flexmark-ext-admonition-0.34.30.jar;C:\Users\JOSUE\.m2\repository\com\vladsch\flexmark\flexmark-ext-anchorlink\0.34.30\flexmark-ext-anchorlink-0.34.30.jar;C:\Users\JOSUE\.m2\repository\com\vladsch\flexmark\flexmark-ext-aside\0.34.30\flexmark-ext-aside-0.34.30.jar;C:\Users\JOSUE\.m2\repository\com\vladsch\flexmark\flexmark-ext-attributes\0.34.30\flexmark-ext-attributes-0.34.30.jar;C:\Users\JOSUE\.m2\repository\com\vladsch\flexmark\flexmark-ext-autolink\0.34.30\flexmark-ext-autolink-0.34.30.jar;C:\Users\JOSUE\.m2\repository\org\nibor\autolink\autolink\0.6.0\autolink-0.6.0.jar;C:\Users\JOSUE\.m2\repository\com\vladsch\flexmark\flexmark-ext-definition\0.34.30\flexmark-ext-definition-0.34.30.jar;C:\Users\JOSUE\.m2\repository\com\vladsch\flexmark\flexmark-ext-emoji\0.34.30\flexmark-ext-emoji-0.34.30.jar;C:\Users\JOSUE\.m2\repository\com\vladsch\flexmark\flexmark-ext-enumerated-reference\0.34.30\flexmark-ext-enumerated-reference-0.34.30.jar;C:\Users\JOSUE\.m2\repository\com\vladsch\flexmark\flexmark-ext-escaped-character\0.34.30\flexmark-ext-escaped-character-0.34.30.jar;C:\Users\JOSUE\.m2\repository\com\vladsch\flexmark\flexmark-ext-footnotes\0.34.30\flexmark-ext-footnotes-0.34.30.jar;C:\Users\JOSUE\.m2\repository\com\vladsch\flexmark\flexmark-ext-gfm-issues\0.34.30\flexmark-ext-gfm-issues-0.34.30.jar;C:\Users\JOSUE\.m2\repository\com\vladsch\flexmark\flexmark-ext-gfm-strikethrough\0.34.30\flexmark-ext-gfm-strikethrough-0.34.30.jar;C:\Users\JOSUE\.m2\repository\com\vladsch\flexmark\flexmark-ext-gfm-tables\0.34.30\flexmark-ext-gfm-tables-0.34.30.jar;C:\Users\JOSUE\.m2\repository\com\vladsch\flexmark\flexmark-ext-gfm-tasklist\0.34.30\flexmark-ext-gfm-tasklist-0.34.30.jar;C:\Users\JOSUE\.m2\repository\com\vladsch\flexmark\flexmark-ext-gfm-users\0.34.30\flexmark-ext-gfm-users-0.34.30.jar;C:\Users\JOSUE\.m2\repository\com\vladsch\flexmark\flexmark-ext-gitlab\0.34.30\flexmark-ext-gitlab-0.34.30.jar;C:\Users\JOSUE\.m2\repository\com\vladsch\flexmark\flexmark-ext-jekyll-front-matter\0.34.30\flexmark-ext-jekyll-front-matter-0.34.30.jar;C:\Users\JOSUE\.m2\repository\com\vladsch\flexmark\flexmark-ext-jekyll-tag\0.34.30\flexmark-ext-jekyll-tag-0.34.30.jar;C:\Users\JOSUE\.m2\repository\com\vladsch\flexmark\flexmark-ext-media-tags\0.34.30\flexmark-ext-media-tags-0.34.30.jar;C:\Users\JOSUE\.m2\repository\com\vladsch\flexmark\flexmark-test-util\0.34.30\flexmark-test-util-0.34.30.jar;C:\Users\JOSUE\.m2\repository\com\vladsch\flexmark\flexmark-ext-ins\0.34.30\flexmark-ext-ins-0.34.30.jar;C:\Users\JOSUE\.m2\repository\com\vladsch\flexmark\flexmark-ext-xwiki-macros\0.34.30\flexmark-ext-xwiki-macros-0.34.30.jar;C:\Users\JOSUE\.m2\repository\com\vladsch\flexmark\flexmark-ext-superscript\0.34.30\flexmark-ext-superscript-0.34.30.jar;C:\Users\JOSUE\.m2\repository\com\vladsch\flexmark\flexmark-ext-tables\0.34.30\flexmark-ext-tables-0.34.30.jar;C:\Users\JOSUE\.m2\repository\com\vladsch\flexmark\flexmark-ext-toc\0.34.30\flexmark-ext-toc-0.34.30.jar;C:\Users\JOSUE\.m2\repository\com\vladsch\flexmark\flexmark-ext-typographic\0.34.30\flexmark-ext-typographic-0.34.30.jar;C:\Users\JOSUE\.m2\repository\com\vladsch\flexmark\flexmark-ext-wikilink\0.34.30\flexmark-ext-wikilink-0.34.30.jar;C:\Users\JOSUE\.m2\repository\com\vladsch\flexmark\flexmark-ext-yaml-front-matter\0.34.30\flexmark-ext-yaml-front-matter-0.34.30.jar;C:\Users\JOSUE\.m2\repository\com\vladsch\flexmark\flexmark-ext-youtube-embedded\0.34.30\flexmark-ext-youtube-embedded-0.34.30.jar;C:\Users\JOSUE\.m2\repository\com\vladsch\flexmark\flexmark-formatter\0.34.30\flexmark-formatter-0.34.30.jar;C:\Users\JOSUE\.m2\repository\com\vladsch\flexmark\flexmark-html-parser\0.34.30\flexmark-html-parser-0.34.30.jar;C:\Users\JOSUE\.m2\repository\com\vladsch\flexmark\flexmark-jira-converter\0.34.30\flexmark-jira-converter-0.34.30.jar;C:\Users\JOSUE\.m2\repository\com\vladsch\flexmark\flexmark-pdf-converter\0.34.30\flexmark-pdf-converter-0.34.30.jar;C:\Users\JOSUE\.m2\repository\com\openhtmltopdf\openhtmltopdf-core\0.0.1-RC13\openhtmltopdf-core-0.0.1-RC13.jar;C:\Users\JOSUE\.m2\repository\com\openhtmltopdf\openhtmltopdf-pdfbox\0.0.1-RC13\openhtmltopdf-pdfbox-0.0.1-RC13.jar;C:\Users\JOSUE\.m2\repository\org\apache\pdfbox\pdfbox\2.0.8\pdfbox-2.0.8.jar;C:\Users\JOSUE\.m2\repository\org\apache\pdfbox\fontbox\2.0.8\fontbox-2.0.8.jar;C:\Users\JOSUE\.m2\repository\org\apache\pdfbox\xmpbox\2.0.8\xmpbox-2.0.8.jar;C:\Users\JOSUE\.m2\repository\de\rototor\pdfbox\graphics2d\0.12\graphics2d-0.12.jar;C:\Users\JOSUE\.m2\repository\com\openhtmltopdf\openhtmltopdf-rtl-support\0.0.1-RC13\openhtmltopdf-rtl-support-0.0.1-RC13.jar;C:\Users\JOSUE\.m2\repository\com\ibm\icu\icu4j\59.1\icu4j-59.1.jar;C:\Users\JOSUE\.m2\repository\com\openhtmltopdf\openhtmltopdf-jsoup-dom-converter\0.0.1-RC13\openhtmltopdf-jsoup-dom-converter-0.0.1-RC13.jar;C:\Users\JOSUE\.m2\repository\com\vladsch\flexmark\flexmark-profile-pegdown\0.34.30\flexmark-profile-pegdown-0.34.30.jar;C:\Users\JOSUE\.m2\repository\com\vladsch\flexmark\flexmark-util\0.34.30\flexmark-util-0.34.30.jar;C:\Users\JOSUE\.m2\repository\com\vladsch\flexmark\flexmark-youtrack-converter\0.34.30\flexmark-youtrack-converter-0.34.30.jar;C:\Users\JOSUE\.m2\repository\es\nitaur\markdown\txtmark\0.16\txtmark-0.16.jar;C:\Users\JOSUE\.m2\repository\net\serenity-bdd\serenity-report-resources\3.3.4\serenity-report-resources-3.3.4.jar;C:\Users\JOSUE\.m2\repository\com\google\code\gson\gson\2.9.0\gson-2.9.0.jar;C:\Users\JOSUE\.m2\repository\com\fasterxml\jackson\core\jackson-core\2.13.3\jackson-core-2.13.3.jar;C:\Users\JOSUE\.m2\repository\com\fasterxml\jackson\core\jackson-databind\2.13.3\jackson-databind-2.13.3.jar;C:\Users\JOSUE\.m2\repository\com\fasterxml\jackson\core\jackson-annotations\2.13.3\jackson-annotations-2.13.3.jar;C:\Users\JOSUE\.m2\repository\commons-codec\commons-codec\1.15\commons-codec-1.15.jar;C:\Users\JOSUE\.m2\repository\commons-io\commons-io\2.11.0\commons-io-2.11.0.jar;C:\Users\JOSUE\.m2\repository\org\apache\httpcomponents\httpclient\4.5.13\httpclient-4.5.13.jar;C:\Users\JOSUE\.m2\repository\org\apache\httpcomponents\httpcore\4.4.13\httpcore-4.4.13.jar;C:\Users\JOSUE\.m2\repository\commons-logging\commons-logging\1.2\commons-logging-1.2.jar;C:\Users\JOSUE\.m2\repository\org\seleniumhq\selenium\selenium-java\4.4.0\selenium-java-4.4.0.jar;C:\Users\JOSUE\.m2\repository\org\seleniumhq\selenium\selenium-devtools-v102\4.4.0\selenium-devtools-v102-4.4.0.jar;C:\Users\JOSUE\.m2\repository\org\seleniumhq\selenium\selenium-devtools-v103\4.4.0\selenium-devtools-v103-4.4.0.jar;C:\Users\JOSUE\.m2\repository\org\seleniumhq\selenium\selenium-devtools-v104\4.4.0\selenium-devtools-v104-4.4.0.jar;C:\Users\JOSUE\.m2\repository\org\seleniumhq\selenium\selenium-devtools-v85\4.4.0\selenium-devtools-v85-4.4.0.jar;C:\Users\JOSUE\.m2\repository\org\seleniumhq\selenium\selenium-opera-driver\4.4.0\selenium-opera-driver-4.4.0.jar;C:\Users\JOSUE\.m2\repository\org\seleniumhq\selenium\selenium-remote-driver\4.4.0\selenium-remote-driver-4.4.0.jar;C:\Users\JOSUE\.m2\repository\com\beust\jcommander\1.82\jcommander-1.82.jar;C:\Users\JOSUE\.m2\repository\io\netty\netty-buffer\4.1.78.Final\netty-buffer-4.1.78.Final.jar;C:\Users\JOSUE\.m2\repository\io\netty\netty-codec-http\4.1.78.Final\netty-codec-http-4.1.78.Final.jar;C:\Users\JOSUE\.m2\repository\io\netty\netty-codec\4.1.78.Final\netty-codec-4.1.78.Final.jar;C:\Users\JOSUE\.m2\repository\io\netty\netty-handler\4.1.78.Final\netty-handler-4.1.78.Final.jar;C:\Users\JOSUE\.m2\repository\io\netty\netty-common\4.1.78.Final\netty-common-4.1.78.Final.jar;C:\Users\JOSUE\.m2\repository\io\netty\netty-transport-classes-epoll\4.1.78.Final\netty-transport-classes-epoll-4.1.78.Final.jar;C:\Users\JOSUE\.m2\repository\io\netty\netty-transport-classes-kqueue\4.1.78.Final\netty-transport-classes-kqueue-4.1.78.Final.jar;C:\Users\JOSUE\.m2\repository\io\netty\netty-transport-native-epoll\4.1.78.Final\netty-transport-native-epoll-4.1.78.Final.jar;C:\Users\JOSUE\.m2\repository\io\netty\netty-transport-native-kqueue\4.1.78.Final\netty-transport-native-kqueue-4.1.78.Final.jar;C:\Users\JOSUE\.m2\repository\io\netty\netty-transport-native-unix-common\4.1.78.Final\netty-transport-native-unix-common-4.1.78.Final.jar;C:\Users\JOSUE\.m2\repository\io\netty\netty-transport\4.1.78.Final\netty-transport-4.1.78.Final.jar;C:\Users\JOSUE\.m2\repository\io\netty\netty-resolver\4.1.78.Final\netty-resolver-4.1.78.Final.jar;C:\Users\JOSUE\.m2\repository\io\opentelemetry\opentelemetry-api\1.16.0\opentelemetry-api-1.16.0.jar;C:\Users\JOSUE\.m2\repository\io\opentelemetry\opentelemetry-context\1.16.0\opentelemetry-context-1.16.0.jar;C:\Users\JOSUE\.m2\repository\io\opentelemetry\opentelemetry-exporter-logging\1.16.0\opentelemetry-exporter-logging-1.16.0.jar;C:\Users\JOSUE\.m2\repository\io\opentelemetry\opentelemetry-sdk-metrics\1.16.0\opentelemetry-sdk-metrics-1.16.0.jar;C:\Users\JOSUE\.m2\repository\io\opentelemetry\opentelemetry-sdk-logs\1.16.0-alpha\opentelemetry-sdk-logs-1.16.0-alpha.jar;C:\Users\JOSUE\.m2\repository\io\opentelemetry\opentelemetry-sdk-common\1.16.0\opentelemetry-sdk-common-1.16.0.jar;C:\Users\JOSUE\.m2\repository\io\opentelemetry\opentelemetry-sdk-extension-autoconfigure-spi\1.16.0\opentelemetry-sdk-extension-autoconfigure-spi-1.16.0.jar;C:\Users\JOSUE\.m2\repository\io\opentelemetry\opentelemetry-sdk-extension-autoconfigure\1.16.0-alpha\opentelemetry-sdk-extension-autoconfigure-1.16.0-alpha.jar;C:\Users\JOSUE\.m2\repository\io\opentelemetry\opentelemetry-sdk-trace\1.16.0\opentelemetry-sdk-trace-1.16.0.jar;C:\Users\JOSUE\.m2\repository\io\opentelemetry\opentelemetry-sdk\1.16.0\opentelemetry-sdk-1.16.0.jar;C:\Users\JOSUE\.m2\repository\io\opentelemetry\opentelemetry-semconv\1.16.0-alpha\opentelemetry-semconv-1.16.0-alpha.jar;C:\Users\JOSUE\.m2\repository\io\ous\jtoml\2.0.0\jtoml-2.0.0.jar;C:\Users\JOSUE\.m2\repository\org\apache\commons\commons-exec\1.3\commons-exec-1.3.jar;C:\Users\JOSUE\.m2\repository\org\asynchttpclient\async-http-client\2.12.3\async-http-client-2.12.3.jar;C:\Users\JOSUE\.m2\repository\org\asynchttpclient\async-http-client-netty-utils\2.12.3\async-http-client-netty-utils-2.12.3.jar;C:\Users\JOSUE\.m2\repository\io\netty\netty-codec-socks\4.1.60.Final\netty-codec-socks-4.1.60.Final.jar;C:\Users\JOSUE\.m2\repository\io\netty\netty-handler-proxy\4.1.60.Final\netty-handler-proxy-4.1.60.Final.jar;C:\Users\JOSUE\.m2\repository\io\netty\netty-transport-native-epoll\4.1.60.Final\netty-transport-native-epoll-4.1.60.Final-linux-x86_64.jar;C:\Users\JOSUE\.m2\repository\io\netty\netty-transport-native-kqueue\4.1.60.Final\netty-transport-native-kqueue-4.1.60.Final-osx-x86_64.jar;C:\Users\JOSUE\.m2\repository\org\reactivestreams\reactive-streams\1.0.3\reactive-streams-1.0.3.jar;C:\Users\JOSUE\.m2\repository\com\typesafe\netty\netty-reactive-streams\2.0.4\netty-reactive-streams-2.0.4.jar;C:\Users\JOSUE\.m2\repository\org\seleniumhq\selenium\selenium-http\4.4.0\selenium-http-4.4.0.jar;C:\Users\JOSUE\.m2\repository\dev\failsafe\failsafe\3.2.4\failsafe-3.2.4.jar;C:\Users\JOSUE\.m2\repository\org\seleniumhq\selenium\selenium-safari-driver\4.4.0\selenium-safari-driver-4.4.0.jar;C:\Users\JOSUE\.m2\repository\org\seleniumhq\selenium\selenium-api\4.4.0\selenium-api-4.4.0.jar;C:\Users\JOSUE\.m2\repository\org\seleniumhq\selenium\selenium-support\4.4.0\selenium-support-4.4.0.jar;C:\Users\JOSUE\.m2\repository\com\google\auto\service\auto-service-annotations\1.0.1\auto-service-annotations-1.0.1.jar;C:\Users\JOSUE\.m2\repository\com\google\auto\service\auto-service\1.0.1\auto-service-1.0.1.jar;C:\Users\JOSUE\.m2\repository\com\google\auto\auto-common\1.2\auto-common-1.2.jar;C:\Users\JOSUE\.m2\repository\org\seleniumhq\selenium\selenium-json\4.4.0\selenium-json-4.4.0.jar;C:\Users\JOSUE\.m2\repository\org\seleniumhq\selenium\selenium-chrome-driver\4.4.0\selenium-chrome-driver-4.4.0.jar;C:\Users\JOSUE\.m2\repository\org\seleniumhq\selenium\selenium-chromium-driver\4.4.0\selenium-chromium-driver-4.4.0.jar;C:\Users\JOSUE\.m2\repository\org\seleniumhq\selenium\selenium-firefox-driver\4.4.0\selenium-firefox-driver-4.4.0.jar;C:\Users\JOSUE\.m2\repository\org\seleniumhq\selenium\selenium-edge-driver\4.4.0\selenium-edge-driver-4.4.0.jar;C:\Users\JOSUE\.m2\repository\org\seleniumhq\selenium\selenium-ie-driver\4.4.0\selenium-ie-driver-4.4.0.jar;C:\Users\JOSUE\.m2\repository\org\projectlombok\lombok\1.18.20\lombok-1.18.20.jar;C:\Users\JOSUE\.m2\repository\io\appium\java-client\8.1.1\java-client-8.1.1.jar;C:\Users\JOSUE\.m2\repository\commons-validator\commons-validator\1.7\commons-validator-1.7.jar;C:\Users\JOSUE\.m2\repository\commons-digester\commons-digester\2.1\commons-digester-2.1.jar;C:\Users\JOSUE\.m2\repository\org\apache\groovy\groovy\4.0.1\groovy-4.0.1.jar;C:\Users\JOSUE\.m2\repository\net\sf\opencsv\opencsv\2.0\opencsv-2.0.jar;C:\Users\JOSUE\.m2\repository\commons-beanutils\commons-beanutils\1.9.4\commons-beanutils-1.9.4.jar;C:\Users\JOSUE\.m2\repository\org\apache\commons\commons-lang3\3.12.0\commons-lang3-3.12.0.jar;C:\Users\JOSUE\.m2\repository\commons-collections\commons-collections\3.2.2\commons-collections-3.2.2.jar;C:\Users\JOSUE\.m2\repository\org\fluentlenium\fluentlenium-core\0.10.2\fluentlenium-core-0.10.2.jar;C:\Users\JOSUE\.m2\repository\io\github\bonigarcia\webdrivermanager\5.2.1\webdrivermanager-5.2.1.jar;C:\Users\JOSUE\.m2\repository\com\github\docker-java\docker-java\3.2.13\docker-java-3.2.13.jar;C:\Users\JOSUE\.m2\repository\com\github\docker-java\docker-java-core\3.2.13\docker-java-core-3.2.13.jar;C:\Users\JOSUE\.m2\repository\com\github\docker-java\docker-java-api\3.2.13\docker-java-api-3.2.13.jar;C:\Users\JOSUE\.m2\repository\org\apache\commons\commons-compress\1.21\commons-compress-1.21.jar;C:\Users\JOSUE\.m2\repository\org\bouncycastle\bcpkix-jdk15on\1.64\bcpkix-jdk15on-1.64.jar;C:\Users\JOSUE\.m2\repository\org\bouncycastle\bcprov-jdk15on\1.64\bcprov-jdk15on-1.64.jar;C:\Users\JOSUE\.m2\repository\org\slf4j\jcl-over-slf4j\1.7.30\jcl-over-slf4j-1.7.30.jar;C:\Users\JOSUE\.m2\repository\com\github\docker-java\docker-java-transport-httpclient5\3.2.13\docker-java-transport-httpclient5-3.2.13.jar;C:\Users\JOSUE\.m2\repository\com\github\docker-java\docker-java-transport\3.2.13\docker-java-transport-3.2.13.jar;C:\Users\JOSUE\.m2\repository\net\java\dev\jna\jna\5.8.0\jna-5.8.0.jar;C:\Users\JOSUE\.m2\repository\org\brotli\dec\0.1.2\dec-0.1.2.jar;C:\Users\JOSUE\.m2\repository\org\apache\httpcomponents\client5\httpclient5\5.1.3\httpclient5-5.1.3.jar;C:\Users\JOSUE\.m2\repository\org\apache\httpcomponents\core5\httpcore5\5.1.3\httpcore5-5.1.3.jar;C:\Users\JOSUE\.m2\repository\org\apache\httpcomponents\core5\httpcore5-h2\5.1.3\httpcore5-h2-5.1.3.jar;C:\Users\JOSUE\.m2\repository\com\jhlabs\filters\2.0.235\filters-2.0.235.jar;C:\Users\JOSUE\.m2\repository\com\paulhammant\ngwebdriver\1.1.6\ngwebdriver-1.1.6.jar;C:\Users\JOSUE\.m2\repository\joda-time\joda-time\2.8.2\joda-time-2.8.2.jar;C:\Users\JOSUE\.m2\repository\org\hamcrest\hamcrest\2.2\hamcrest-2.2.jar;C:\Users\JOSUE\.m2\repository\com\google\jimfs\jimfs\1.2\jimfs-1.2.jar;C:\Users\JOSUE\.m2\repository\org\mockito\mockito-core\3.3.3\mockito-core-3.3.3.jar;C:\Users\JOSUE\.m2\repository\javax\xml\bind\jaxb-api\2.3.1\jaxb-api-2.3.1.jar;C:\Users\JOSUE\.m2\repository\javax\activation\javax.activation-api\1.2.0\javax.activation-api-1.2.0.jar;C:\Users\JOSUE\.m2\repository\com\sun\xml\bind\jaxb-core\2.3.0.1\jaxb-core-2.3.0.1.jar;C:\Users\JOSUE\.m2\repository\com\sun\xml\bind\jaxb-impl\2.3.3\jaxb-impl-2.3.3.jar;C:\Users\JOSUE\.m2\repository\jakarta\xml\bind\jakarta.xml.bind-api\2.3.3\jakarta.xml.bind-api-2.3.3.jar;C:\Users\JOSUE\.m2\repository\com\sun\activation\jakarta.activation\1.2.2\jakarta.activation-1.2.2.jar;C:\Users\JOSUE\.m2\repository\javax\activation\activation\1.1.1\activation-1.1.1.jar;C:\Users\JOSUE\.m2\repository\net\serenity-bdd\serenity-cucumber\3.3.4\serenity-cucumber-3.3.4.jar;C:\Users\JOSUE\.m2\repository\io\cucumber\cucumber-core\7.4.1\cucumber-core-7.4.1.jar;C:\Users\JOSUE\.m2\repository\io\cucumber\cucumber-gherkin\7.4.1\cucumber-gherkin-7.4.1.jar;C:\Users\JOSUE\.m2\repository\io\cucumber\cucumber-gherkin-messages\7.4.1\cucumber-gherkin-messages-7.4.1.jar;C:\Users\JOSUE\.m2\repository\io\cucumber\gherkin\23.0.1\gherkin-23.0.1.jar;C:\Users\JOSUE\.m2\repository\io\cucumber\messages\18.0.0\messages-18.0.0.jar;C:\Users\JOSUE\.m2\repository\io\cucumber\tag-expressions\4.1.0\tag-expressions-4.1.0.jar;C:\Users\JOSUE\.m2\repository\io\cucumber\cucumber-expressions\16.0.0\cucumber-expressions-16.0.0.jar;C:\Users\JOSUE\.m2\repository\io\cucumber\datatable\7.4.1\datatable-7.4.1.jar;C:\Users\JOSUE\.m2\repository\io\cucumber\cucumber-plugin\7.4.1\cucumber-plugin-7.4.1.jar;C:\Users\JOSUE\.m2\repository\io\cucumber\docstring\7.4.1\docstring-7.4.1.jar;C:\Users\JOSUE\.m2\repository\io\cucumber\html-formatter\19.2.0\html-formatter-19.2.0.jar;C:\Users\JOSUE\.m2\repository\io\cucumber\ci-environment\9.0.4\ci-environment-9.0.4.jar;C:\Users\JOSUE\.m2\repository\io\cucumber\cucumber-java\7.4.1\cucumber-java-7.4.1.jar;C:\Users\JOSUE\.m2\repository\io\cucumber\cucumber-junit\7.4.1\cucumber-junit-7.4.1.jar;C:\Users\JOSUE\.m2\repository\org\apache\commons\commons-csv\1.5\commons-csv-1.5.jar;C:\Users\JOSUE\.m2\repository\net\serenity-bdd\serenity-screenplay\3.3.4\serenity-screenplay-3.3.4.jar;C:\Users\JOSUE\.m2\repository\net\serenity-bdd\serenity-screenplay-webdriver\3.3.4\serenity-screenplay-webdriver-3.3.4.jar;C:\Users\JOSUE\.m2\repository\net\serenity-bdd\serenity-ensure\3.3.4\serenity-ensure-3.3.4.jar;C:\Users\JOSUE\.m2\repository\net\serenity-bdd\serenity-junit\3.3.4\serenity-junit-3.3.4.jar;C:\Users\JOSUE\.m2\repository\org\jetbrains\kotlin\kotlin-stdlib\1.7.10\kotlin-stdlib-1.7.10.jar;C:\Users\JOSUE\.m2\repository\org\jetbrains\kotlin\kotlin-stdlib-common\1.7.10\kotlin-stdlib-common-1.7.10.jar;C:\Users\JOSUE\.m2\repository\org\jetbrains\annotations\13.0\annotations-13.0.jar;C:\Users\JOSUE\.m2\repository\org\junit\platform\junit-platform-launcher\1.8.2\junit-platform-launcher-1.8.2.jar;C:\Users\JOSUE\.m2\repository\org\junit\platform\junit-platform-engine\1.8.2\junit-platform-engine-1.8.2.jar;C:\Users\JOSUE\.m2\repository\org\opentest4j\opentest4j\1.2.0\opentest4j-1.2.0.jar;C:\Users\JOSUE\.m2\repository\org\junit\platform\junit-platform-commons\1.8.2\junit-platform-commons-1.8.2.jar;C:\Users\JOSUE\.m2\repository\org\apiguardian\apiguardian-api\1.1.2\apiguardian-api-1.1.2.jar;C:\Users\JOSUE\.m2\repository\org\junit\jupiter\junit-jupiter-engine\5.8.2\junit-jupiter-engine-5.8.2.jar;C:\Users\JOSUE\.m2\repository\org\junit\jupiter\junit-jupiter-api\5.8.2\junit-jupiter-api-5.8.2.jar;C:\Users\JOSUE\.m2\repository\org\junit\vintage\junit-vintage-engine\5.8.2\junit-vintage-engine-5.8.2.jar;C:\Users\JOSUE\.m2\repository\junit\junit\4.13.2\junit-4.13.2.jar;C:\Users\JOSUE\.m2\repository\org\hamcrest\hamcrest-core\1.3\hamcrest-core-1.3.jar;C:\Users\JOSUE\.m2\repository\ch\qos\logback\logback-classic\1.2.10\logback-classic-1.2.10.jar;C:\Users\JOSUE\.m2\repository\ch\qos\logback\logback-core\1.2.10\logback-core-1.2.10.jar;C:\Users\JOSUE\.m2\repository\org\slf4j\slf4j-api\1.7.32\slf4j-api-1.7.32.jar;C:\Users\JOSUE\.m2\repository\org\assertj\assertj-core\3.23.1\assertj-core-3.23.1.jar;C:\Users\JOSUE\.m2\repository\net\bytebuddy\byte-buddy\1.12.10\byte-buddy-1.12.10.jar;"/>
    <property name="java.vm.vendor" value="Oracle Corporation"/>
    <property name="sun.arch.data.model" value="64"/>
    <property name="user.variant" value=""/>
    <property name="java.vendor.url" value="http://java.oracle.com/"/>
    <property name="user.timezone" value="America/Bogota"/>
    <property name="java.vm.specification.version" value="1.8"/>
    <property name="os.name" value="Windows 10"/>
    <property name="user.country" value="ES"/>
    <property name="sun.java.launcher" value="SUN_STANDARD"/>
    <property name="sun.boot.library.path" value="C:\Program Files\Java\jdk1.8.0_202\jre\bin"/>
    <property name="sun.java.command" value="C:\Users\JOSUE\AppData\Local\Temp\surefire6655012531432390640\surefirebooter8373074765650052047.jar C:\Users\JOSUE\AppData\Local\Temp\surefire6655012531432390640 2022-12-29T12-00-28_221-jvmRun1 surefire959985045169257753tmp surefire_02216869016812552264tmp"/>
    <property name="surefire.test.class.path" value="C:\Users\JOSUE\IdeaProjects\ExamenReniec\target\test-classes;C:\Users\JOSUE\IdeaProjects\ExamenReniec\target\ExamenReniec-1.0-SNAPSHOT.jar;C:\Users\JOSUE\.m2\repository\net\serenity-bdd\serenity-core\3.3.4\serenity-core-3.3.4.jar;C:\Users\JOSUE\.m2\repository\net\serenity-bdd\serenity-model\3.3.4\serenity-model-3.3.4.jar;C:\Users\JOSUE\.m2\repository\org\apache\commons\commons-text\1.9\commons-text-1.9.jar;C:\Users\JOSUE\.m2\repository\commons-net\commons-net\3.8.0\commons-net-3.8.0.jar;C:\Users\JOSUE\.m2\repository\com\google\guava\guava\31.1-jre\guava-31.1-jre.jar;C:\Users\JOSUE\.m2\repository\com\google\guava\failureaccess\1.0.1\failureaccess-1.0.1.jar;C:\Users\JOSUE\.m2\repository\com\google\guava\listenablefuture\9999.0-empty-to-avoid-conflict-with-guava\listenablefuture-9999.0-empty-to-avoid-conflict-with-guava.jar;C:\Users\JOSUE\.m2\repository\com\google\code\findbugs\jsr305\3.0.2\jsr305-3.0.2.jar;C:\Users\JOSUE\.m2\repository\org\checkerframework\checker-qual\3.12.0\checker-qual-3.12.0.jar;C:\Users\JOSUE\.m2\repository\com\google\errorprone\error_prone_annotations\2.11.0\error_prone_annotations-2.11.0.jar;C:\Users\JOSUE\.m2\repository\com\google\j2objc\j2objc-annotations\1.3\j2objc-annotations-1.3.jar;C:\Users\JOSUE\.m2\repository\com\google\inject\guice\5.1.0\guice-5.1.0.jar;C:\Users\JOSUE\.m2\repository\javax\inject\javax.inject\1\javax.inject-1.jar;C:\Users\JOSUE\.m2\repository\aopalliance\aopalliance\1.0\aopalliance-1.0.jar;C:\Users\JOSUE\.m2\repository\org\jsoup\jsoup\1.14.3\jsoup-1.14.3.jar;C:\Users\JOSUE\.m2\repository\com\thoughtworks\xstream\xstream\1.4.19\xstream-1.4.19.jar;C:\Users\JOSUE\.m2\repository\io\github\x-stream\mxparser\1.2.2\mxparser-1.2.2.jar;C:\Users\JOSUE\.m2\repository\xmlpull\xmlpull\1.1.3.1\xmlpull-1.1.3.1.jar;C:\Users\JOSUE\.m2\repository\com\typesafe\config\1.4.2\config-1.4.2.jar;C:\Users\JOSUE\.m2\repository\org\imgscalr\imgscalr-lib\4.2\imgscalr-lib-4.2.jar;C:\Users\JOSUE\.m2\repository\org\awaitility\awaitility\4.2.0\awaitility-4.2.0.jar;C:\Users\JOSUE\.m2\repository\org\freemarker\freemarker\2.3.31\freemarker-2.3.31.jar;C:\Users\JOSUE\.m2\repository\io\github\classgraph\classgraph\4.8.138\classgraph-4.8.138.jar;C:\Users\JOSUE\.m2\repository\net\sourceforge\jexcelapi\jxl\2.6.12\jxl-2.6.12.jar;C:\Users\JOSUE\.m2\repository\net\bytebuddy\byte-buddy-agent\1.12.12\byte-buddy-agent-1.12.12.jar;C:\Users\JOSUE\.m2\repository\org\objenesis\objenesis\3.1\objenesis-3.1.jar;C:\Users\JOSUE\.m2\repository\net\serenity-bdd\serenity-reports\3.3.4\serenity-reports-3.3.4.jar;C:\Users\JOSUE\.m2\repository\net\serenity-bdd\serenity-stats\3.3.4\serenity-stats-3.3.4.jar;C:\Users\JOSUE\.m2\repository\net\serenity-bdd\serenity-reports-configuration\3.3.4\serenity-reports-configuration-3.3.4.jar;C:\Users\JOSUE\.m2\repository\com\vladsch\flexmark\flexmark-all\0.34.30\flexmark-all-0.34.30.jar;C:\Users\JOSUE\.m2\repository\com\vladsch\flexmark\flexmark\0.34.30\flexmark-0.34.30.jar;C:\Users\JOSUE\.m2\repository\com\vladsch\flexmark\flexmark-ext-abbreviation\0.34.30\flexmark-ext-abbreviation-0.34.30.jar;C:\Users\JOSUE\.m2\repository\com\vladsch\flexmark\flexmark-ext-admonition\0.34.30\flexmark-ext-admonition-0.34.30.jar;C:\Users\JOSUE\.m2\repository\com\vladsch\flexmark\flexmark-ext-anchorlink\0.34.30\flexmark-ext-anchorlink-0.34.30.jar;C:\Users\JOSUE\.m2\repository\com\vladsch\flexmark\flexmark-ext-aside\0.34.30\flexmark-ext-aside-0.34.30.jar;C:\Users\JOSUE\.m2\repository\com\vladsch\flexmark\flexmark-ext-attributes\0.34.30\flexmark-ext-attributes-0.34.30.jar;C:\Users\JOSUE\.m2\repository\com\vladsch\flexmark\flexmark-ext-autolink\0.34.30\flexmark-ext-autolink-0.34.30.jar;C:\Users\JOSUE\.m2\repository\org\nibor\autolink\autolink\0.6.0\autolink-0.6.0.jar;C:\Users\JOSUE\.m2\repository\com\vladsch\flexmark\flexmark-ext-definition\0.34.30\flexmark-ext-definition-0.34.30.jar;C:\Users\JOSUE\.m2\repository\com\vladsch\flexmark\flexmark-ext-emoji\0.34.30\flexmark-ext-emoji-0.34.30.jar;C:\Users\JOSUE\.m2\repository\com\vladsch\flexmark\flexmark-ext-enumerated-reference\0.34.30\flexmark-ext-enumerated-reference-0.34.30.jar;C:\Users\JOSUE\.m2\repository\com\vladsch\flexmark\flexmark-ext-escaped-character\0.34.30\flexmark-ext-escaped-character-0.34.30.jar;C:\Users\JOSUE\.m2\repository\com\vladsch\flexmark\flexmark-ext-footnotes\0.34.30\flexmark-ext-footnotes-0.34.30.jar;C:\Users\JOSUE\.m2\repository\com\vladsch\flexmark\flexmark-ext-gfm-issues\0.34.30\flexmark-ext-gfm-issues-0.34.30.jar;C:\Users\JOSUE\.m2\repository\com\vladsch\flexmark\flexmark-ext-gfm-strikethrough\0.34.30\flexmark-ext-gfm-strikethrough-0.34.30.jar;C:\Users\JOSUE\.m2\repository\com\vladsch\flexmark\flexmark-ext-gfm-tables\0.34.30\flexmark-ext-gfm-tables-0.34.30.jar;C:\Users\JOSUE\.m2\repository\com\vladsch\flexmark\flexmark-ext-gfm-tasklist\0.34.30\flexmark-ext-gfm-tasklist-0.34.30.jar;C:\Users\JOSUE\.m2\repository\com\vladsch\flexmark\flexmark-ext-gfm-users\0.34.30\flexmark-ext-gfm-users-0.34.30.jar;C:\Users\JOSUE\.m2\repository\com\vladsch\flexmark\flexmark-ext-gitlab\0.34.30\flexmark-ext-gitlab-0.34.30.jar;C:\Users\JOSUE\.m2\repository\com\vladsch\flexmark\flexmark-ext-jekyll-front-matter\0.34.30\flexmark-ext-jekyll-front-matter-0.34.30.jar;C:\Users\JOSUE\.m2\repository\com\vladsch\flexmark\flexmark-ext-jekyll-tag\0.34.30\flexmark-ext-jekyll-tag-0.34.30.jar;C:\Users\JOSUE\.m2\repository\com\vladsch\flexmark\flexmark-ext-media-tags\0.34.30\flexmark-ext-media-tags-0.34.30.jar;C:\Users\JOSUE\.m2\repository\com\vladsch\flexmark\flexmark-test-util\0.34.30\flexmark-test-util-0.34.30.jar;C:\Users\JOSUE\.m2\repository\com\vladsch\flexmark\flexmark-ext-ins\0.34.30\flexmark-ext-ins-0.34.30.jar;C:\Users\JOSUE\.m2\repository\com\vladsch\flexmark\flexmark-ext-xwiki-macros\0.34.30\flexmark-ext-xwiki-macros-0.34.30.jar;C:\Users\JOSUE\.m2\repository\com\vladsch\flexmark\flexmark-ext-superscript\0.34.30\flexmark-ext-superscript-0.34.30.jar;C:\Users\JOSUE\.m2\repository\com\vladsch\flexmark\flexmark-ext-tables\0.34.30\flexmark-ext-tables-0.34.30.jar;C:\Users\JOSUE\.m2\repository\com\vladsch\flexmark\flexmark-ext-toc\0.34.30\flexmark-ext-toc-0.34.30.jar;C:\Users\JOSUE\.m2\repository\com\vladsch\flexmark\flexmark-ext-typographic\0.34.30\flexmark-ext-typographic-0.34.30.jar;C:\Users\JOSUE\.m2\repository\com\vladsch\flexmark\flexmark-ext-wikilink\0.34.30\flexmark-ext-wikilink-0.34.30.jar;C:\Users\JOSUE\.m2\repository\com\vladsch\flexmark\flexmark-ext-yaml-front-matter\0.34.30\flexmark-ext-yaml-front-matter-0.34.30.jar;C:\Users\JOSUE\.m2\repository\com\vladsch\flexmark\flexmark-ext-youtube-embedded\0.34.30\flexmark-ext-youtube-embedded-0.34.30.jar;C:\Users\JOSUE\.m2\repository\com\vladsch\flexmark\flexmark-formatter\0.34.30\flexmark-formatter-0.34.30.jar;C:\Users\JOSUE\.m2\repository\com\vladsch\flexmark\flexmark-html-parser\0.34.30\flexmark-html-parser-0.34.30.jar;C:\Users\JOSUE\.m2\repository\com\vladsch\flexmark\flexmark-jira-converter\0.34.30\flexmark-jira-converter-0.34.30.jar;C:\Users\JOSUE\.m2\repository\com\vladsch\flexmark\flexmark-pdf-converter\0.34.30\flexmark-pdf-converter-0.34.30.jar;C:\Users\JOSUE\.m2\repository\com\openhtmltopdf\openhtmltopdf-core\0.0.1-RC13\openhtmltopdf-core-0.0.1-RC13.jar;C:\Users\JOSUE\.m2\repository\com\openhtmltopdf\openhtmltopdf-pdfbox\0.0.1-RC13\openhtmltopdf-pdfbox-0.0.1-RC13.jar;C:\Users\JOSUE\.m2\repository\org\apache\pdfbox\pdfbox\2.0.8\pdfbox-2.0.8.jar;C:\Users\JOSUE\.m2\repository\org\apache\pdfbox\fontbox\2.0.8\fontbox-2.0.8.jar;C:\Users\JOSUE\.m2\repository\org\apache\pdfbox\xmpbox\2.0.8\xmpbox-2.0.8.jar;C:\Users\JOSUE\.m2\repository\de\rototor\pdfbox\graphics2d\0.12\graphics2d-0.12.jar;C:\Users\JOSUE\.m2\repository\com\openhtmltopdf\openhtmltopdf-rtl-support\0.0.1-RC13\openhtmltopdf-rtl-support-0.0.1-RC13.jar;C:\Users\JOSUE\.m2\repository\com\ibm\icu\icu4j\59.1\icu4j-59.1.jar;C:\Users\JOSUE\.m2\repository\com\openhtmltopdf\openhtmltopdf-jsoup-dom-converter\0.0.1-RC13\openhtmltopdf-jsoup-dom-converter-0.0.1-RC13.jar;C:\Users\JOSUE\.m2\repository\com\vladsch\flexmark\flexmark-profile-pegdown\0.34.30\flexmark-profile-pegdown-0.34.30.jar;C:\Users\JOSUE\.m2\repository\com\vladsch\flexmark\flexmark-util\0.34.30\flexmark-util-0.34.30.jar;C:\Users\JOSUE\.m2\repository\com\vladsch\flexmark\flexmark-youtrack-converter\0.34.30\flexmark-youtrack-converter-0.34.30.jar;C:\Users\JOSUE\.m2\repository\es\nitaur\markdown\txtmark\0.16\txtmark-0.16.jar;C:\Users\JOSUE\.m2\repository\net\serenity-bdd\serenity-report-resources\3.3.4\serenity-report-resources-3.3.4.jar;C:\Users\JOSUE\.m2\repository\com\google\code\gson\gson\2.9.0\gson-2.9.0.jar;C:\Users\JOSUE\.m2\repository\com\fasterxml\jackson\core\jackson-core\2.13.3\jackson-core-2.13.3.jar;C:\Users\JOSUE\.m2\repository\com\fasterxml\jackson\core\jackson-databind\2.13.3\jackson-databind-2.13.3.jar;C:\Users\JOSUE\.m2\repository\com\fasterxml\jackson\core\jackson-annotations\2.13.3\jackson-annotations-2.13.3.jar;C:\Users\JOSUE\.m2\repository\commons-codec\commons-codec\1.15\commons-codec-1.15.jar;C:\Users\JOSUE\.m2\repository\commons-io\commons-io\2.11.0\commons-io-2.11.0.jar;C:\Users\JOSUE\.m2\repository\org\apache\httpcomponents\httpclient\4.5.13\httpclient-4.5.13.jar;C:\Users\JOSUE\.m2\repository\org\apache\httpcomponents\httpcore\4.4.13\httpcore-4.4.13.jar;C:\Users\JOSUE\.m2\repository\commons-logging\commons-logging\1.2\commons-logging-1.2.jar;C:\Users\JOSUE\.m2\repository\org\seleniumhq\selenium\selenium-java\4.4.0\selenium-java-4.4.0.jar;C:\Users\JOSUE\.m2\repository\org\seleniumhq\selenium\selenium-devtools-v102\4.4.0\selenium-devtools-v102-4.4.0.jar;C:\Users\JOSUE\.m2\repository\org\seleniumhq\selenium\selenium-devtools-v103\4.4.0\selenium-devtools-v103-4.4.0.jar;C:\Users\JOSUE\.m2\repository\org\seleniumhq\selenium\selenium-devtools-v104\4.4.0\selenium-devtools-v104-4.4.0.jar;C:\Users\JOSUE\.m2\repository\org\seleniumhq\selenium\selenium-devtools-v85\4.4.0\selenium-devtools-v85-4.4.0.jar;C:\Users\JOSUE\.m2\repository\org\seleniumhq\selenium\selenium-opera-driver\4.4.0\selenium-opera-driver-4.4.0.jar;C:\Users\JOSUE\.m2\repository\org\seleniumhq\selenium\selenium-remote-driver\4.4.0\selenium-remote-driver-4.4.0.jar;C:\Users\JOSUE\.m2\repository\com\beust\jcommander\1.82\jcommander-1.82.jar;C:\Users\JOSUE\.m2\repository\io\netty\netty-buffer\4.1.78.Final\netty-buffer-4.1.78.Final.jar;C:\Users\JOSUE\.m2\repository\io\netty\netty-codec-http\4.1.78.Final\netty-codec-http-4.1.78.Final.jar;C:\Users\JOSUE\.m2\repository\io\netty\netty-codec\4.1.78.Final\netty-codec-4.1.78.Final.jar;C:\Users\JOSUE\.m2\repository\io\netty\netty-handler\4.1.78.Final\netty-handler-4.1.78.Final.jar;C:\Users\JOSUE\.m2\repository\io\netty\netty-common\4.1.78.Final\netty-common-4.1.78.Final.jar;C:\Users\JOSUE\.m2\repository\io\netty\netty-transport-classes-epoll\4.1.78.Final\netty-transport-classes-epoll-4.1.78.Final.jar;C:\Users\JOSUE\.m2\repository\io\netty\netty-transport-classes-kqueue\4.1.78.Final\netty-transport-classes-kqueue-4.1.78.Final.jar;C:\Users\JOSUE\.m2\repository\io\netty\netty-transport-native-epoll\4.1.78.Final\netty-transport-native-epoll-4.1.78.Final.jar;C:\Users\JOSUE\.m2\repository\io\netty\netty-transport-native-kqueue\4.1.78.Final\netty-transport-native-kqueue-4.1.78.Final.jar;C:\Users\JOSUE\.m2\repository\io\netty\netty-transport-native-unix-common\4.1.78.Final\netty-transport-native-unix-common-4.1.78.Final.jar;C:\Users\JOSUE\.m2\repository\io\netty\netty-transport\4.1.78.Final\netty-transport-4.1.78.Final.jar;C:\Users\JOSUE\.m2\repository\io\netty\netty-resolver\4.1.78.Final\netty-resolver-4.1.78.Final.jar;C:\Users\JOSUE\.m2\repository\io\opentelemetry\opentelemetry-api\1.16.0\opentelemetry-api-1.16.0.jar;C:\Users\JOSUE\.m2\repository\io\opentelemetry\opentelemetry-context\1.16.0\opentelemetry-context-1.16.0.jar;C:\Users\JOSUE\.m2\repository\io\opentelemetry\opentelemetry-exporter-logging\1.16.0\opentelemetry-exporter-logging-1.16.0.jar;C:\Users\JOSUE\.m2\repository\io\opentelemetry\opentelemetry-sdk-metrics\1.16.0\opentelemetry-sdk-metrics-1.16.0.jar;C:\Users\JOSUE\.m2\repository\io\opentelemetry\opentelemetry-sdk-logs\1.16.0-alpha\opentelemetry-sdk-logs-1.16.0-alpha.jar;C:\Users\JOSUE\.m2\repository\io\opentelemetry\opentelemetry-sdk-common\1.16.0\opentelemetry-sdk-common-1.16.0.jar;C:\Users\JOSUE\.m2\repository\io\opentelemetry\opentelemetry-sdk-extension-autoconfigure-spi\1.16.0\opentelemetry-sdk-extension-autoconfigure-spi-1.16.0.jar;C:\Users\JOSUE\.m2\repository\io\opentelemetry\opentelemetry-sdk-extension-autoconfigure\1.16.0-alpha\opentelemetry-sdk-extension-autoconfigure-1.16.0-alpha.jar;C:\Users\JOSUE\.m2\repository\io\opentelemetry\opentelemetry-sdk-trace\1.16.0\opentelemetry-sdk-trace-1.16.0.jar;C:\Users\JOSUE\.m2\repository\io\opentelemetry\opentelemetry-sdk\1.16.0\opentelemetry-sdk-1.16.0.jar;C:\Users\JOSUE\.m2\repository\io\opentelemetry\opentelemetry-semconv\1.16.0-alpha\opentelemetry-semconv-1.16.0-alpha.jar;C:\Users\JOSUE\.m2\repository\io\ous\jtoml\2.0.0\jtoml-2.0.0.jar;C:\Users\JOSUE\.m2\repository\org\apache\commons\commons-exec\1.3\commons-exec-1.3.jar;C:\Users\JOSUE\.m2\repository\org\asynchttpclient\async-http-client\2.12.3\async-http-client-2.12.3.jar;C:\Users\JOSUE\.m2\repository\org\asynchttpclient\async-http-client-netty-utils\2.12.3\async-http-client-netty-utils-2.12.3.jar;C:\Users\JOSUE\.m2\repository\io\netty\netty-codec-socks\4.1.60.Final\netty-codec-socks-4.1.60.Final.jar;C:\Users\JOSUE\.m2\repository\io\netty\netty-handler-proxy\4.1.60.Final\netty-handler-proxy-4.1.60.Final.jar;C:\Users\JOSUE\.m2\repository\io\netty\netty-transport-native-epoll\4.1.60.Final\netty-transport-native-epoll-4.1.60.Final-linux-x86_64.jar;C:\Users\JOSUE\.m2\repository\io\netty\netty-transport-native-kqueue\4.1.60.Final\netty-transport-native-kqueue-4.1.60.Final-osx-x86_64.jar;C:\Users\JOSUE\.m2\repository\org\reactivestreams\reactive-streams\1.0.3\reactive-streams-1.0.3.jar;C:\Users\JOSUE\.m2\repository\com\typesafe\netty\netty-reactive-streams\2.0.4\netty-reactive-streams-2.0.4.jar;C:\Users\JOSUE\.m2\repository\org\seleniumhq\selenium\selenium-http\4.4.0\selenium-http-4.4.0.jar;C:\Users\JOSUE\.m2\repository\dev\failsafe\failsafe\3.2.4\failsafe-3.2.4.jar;C:\Users\JOSUE\.m2\repository\org\seleniumhq\selenium\selenium-safari-driver\4.4.0\selenium-safari-driver-4.4.0.jar;C:\Users\JOSUE\.m2\repository\org\seleniumhq\selenium\selenium-api\4.4.0\selenium-api-4.4.0.jar;C:\Users\JOSUE\.m2\repository\org\seleniumhq\selenium\selenium-support\4.4.0\selenium-support-4.4.0.jar;C:\Users\JOSUE\.m2\repository\com\google\auto\service\auto-service-annotations\1.0.1\auto-service-annotations-1.0.1.jar;C:\Users\JOSUE\.m2\repository\com\google\auto\service\auto-service\1.0.1\auto-service-1.0.1.jar;C:\Users\JOSUE\.m2\repository\com\google\auto\auto-common\1.2\auto-common-1.2.jar;C:\Users\JOSUE\.m2\repository\org\seleniumhq\selenium\selenium-json\4.4.0\selenium-json-4.4.0.jar;C:\Users\JOSUE\.m2\repository\org\seleniumhq\selenium\selenium-chrome-driver\4.4.0\selenium-chrome-driver-4.4.0.jar;C:\Users\JOSUE\.m2\repository\org\seleniumhq\selenium\selenium-chromium-driver\4.4.0\selenium-chromium-driver-4.4.0.jar;C:\Users\JOSUE\.m2\repository\org\seleniumhq\selenium\selenium-firefox-driver\4.4.0\selenium-firefox-driver-4.4.0.jar;C:\Users\JOSUE\.m2\repository\org\seleniumhq\selenium\selenium-edge-driver\4.4.0\selenium-edge-driver-4.4.0.jar;C:\Users\JOSUE\.m2\repository\org\seleniumhq\selenium\selenium-ie-driver\4.4.0\selenium-ie-driver-4.4.0.jar;C:\Users\JOSUE\.m2\repository\org\projectlombok\lombok\1.18.20\lombok-1.18.20.jar;C:\Users\JOSUE\.m2\repository\io\appium\java-client\8.1.1\java-client-8.1.1.jar;C:\Users\JOSUE\.m2\repository\commons-validator\commons-validator\1.7\commons-validator-1.7.jar;C:\Users\JOSUE\.m2\repository\commons-digester\commons-digester\2.1\commons-digester-2.1.jar;C:\Users\JOSUE\.m2\repository\org\apache\groovy\groovy\4.0.1\groovy-4.0.1.jar;C:\Users\JOSUE\.m2\repository\net\sf\opencsv\opencsv\2.0\opencsv-2.0.jar;C:\Users\JOSUE\.m2\repository\commons-beanutils\commons-beanutils\1.9.4\commons-beanutils-1.9.4.jar;C:\Users\JOSUE\.m2\repository\org\apache\commons\commons-lang3\3.12.0\commons-lang3-3.12.0.jar;C:\Users\JOSUE\.m2\repository\commons-collections\commons-collections\3.2.2\commons-collections-3.2.2.jar;C:\Users\JOSUE\.m2\repository\org\fluentlenium\fluentlenium-core\0.10.2\fluentlenium-core-0.10.2.jar;C:\Users\JOSUE\.m2\repository\io\github\bonigarcia\webdrivermanager\5.2.1\webdrivermanager-5.2.1.jar;C:\Users\JOSUE\.m2\repository\com\github\docker-java\docker-java\3.2.13\docker-java-3.2.13.jar;C:\Users\JOSUE\.m2\repository\com\github\docker-java\docker-java-core\3.2.13\docker-java-core-3.2.13.jar;C:\Users\JOSUE\.m2\repository\com\github\docker-java\docker-java-api\3.2.13\docker-java-api-3.2.13.jar;C:\Users\JOSUE\.m2\repository\org\apache\commons\commons-compress\1.21\commons-compress-1.21.jar;C:\Users\JOSUE\.m2\repository\org\bouncycastle\bcpkix-jdk15on\1.64\bcpkix-jdk15on-1.64.jar;C:\Users\JOSUE\.m2\repository\org\bouncycastle\bcprov-jdk15on\1.64\bcprov-jdk15on-1.64.jar;C:\Users\JOSUE\.m2\repository\org\slf4j\jcl-over-slf4j\1.7.30\jcl-over-slf4j-1.7.30.jar;C:\Users\JOSUE\.m2\repository\com\github\docker-java\docker-java-transport-httpclient5\3.2.13\docker-java-transport-httpclient5-3.2.13.jar;C:\Users\JOSUE\.m2\repository\com\github\docker-java\docker-java-transport\3.2.13\docker-java-transport-3.2.13.jar;C:\Users\JOSUE\.m2\repository\net\java\dev\jna\jna\5.8.0\jna-5.8.0.jar;C:\Users\JOSUE\.m2\repository\org\brotli\dec\0.1.2\dec-0.1.2.jar;C:\Users\JOSUE\.m2\repository\org\apache\httpcomponents\client5\httpclient5\5.1.3\httpclient5-5.1.3.jar;C:\Users\JOSUE\.m2\repository\org\apache\httpcomponents\core5\httpcore5\5.1.3\httpcore5-5.1.3.jar;C:\Users\JOSUE\.m2\repository\org\apache\httpcomponents\core5\httpcore5-h2\5.1.3\httpcore5-h2-5.1.3.jar;C:\Users\JOSUE\.m2\repository\com\jhlabs\filters\2.0.235\filters-2.0.235.jar;C:\Users\JOSUE\.m2\repository\com\paulhammant\ngwebdriver\1.1.6\ngwebdriver-1.1.6.jar;C:\Users\JOSUE\.m2\repository\joda-time\joda-time\2.8.2\joda-time-2.8.2.jar;C:\Users\JOSUE\.m2\repository\org\hamcrest\hamcrest\2.2\hamcrest-2.2.jar;C:\Users\JOSUE\.m2\repository\com\google\jimfs\jimfs\1.2\jimfs-1.2.jar;C:\Users\JOSUE\.m2\repository\org\mockito\mockito-core\3.3.3\mockito-core-3.3.3.jar;C:\Users\JOSUE\.m2\repository\javax\xml\bind\jaxb-api\2.3.1\jaxb-api-2.3.1.jar;C:\Users\JOSUE\.m2\repository\javax\activation\javax.activation-api\1.2.0\javax.activation-api-1.2.0.jar;C:\Users\JOSUE\.m2\repository\com\sun\xml\bind\jaxb-core\2.3.0.1\jaxb-core-2.3.0.1.jar;C:\Users\JOSUE\.m2\repository\com\sun\xml\bind\jaxb-impl\2.3.3\jaxb-impl-2.3.3.jar;C:\Users\JOSUE\.m2\repository\jakarta\xml\bind\jakarta.xml.bind-api\2.3.3\jakarta.xml.bind-api-2.3.3.jar;C:\Users\JOSUE\.m2\repository\com\sun\activation\jakarta.activation\1.2.2\jakarta.activation-1.2.2.jar;C:\Users\JOSUE\.m2\repository\javax\activation\activation\1.1.1\activation-1.1.1.jar;C:\Users\JOSUE\.m2\repository\net\serenity-bdd\serenity-cucumber\3.3.4\serenity-cucumber-3.3.4.jar;C:\Users\JOSUE\.m2\repository\io\cucumber\cucumber-core\7.4.1\cucumber-core-7.4.1.jar;C:\Users\JOSUE\.m2\repository\io\cucumber\cucumber-gherkin\7.4.1\cucumber-gherkin-7.4.1.jar;C:\Users\JOSUE\.m2\repository\io\cucumber\cucumber-gherkin-messages\7.4.1\cucumber-gherkin-messages-7.4.1.jar;C:\Users\JOSUE\.m2\repository\io\cucumber\gherkin\23.0.1\gherkin-23.0.1.jar;C:\Users\JOSUE\.m2\repository\io\cucumber\messages\18.0.0\messages-18.0.0.jar;C:\Users\JOSUE\.m2\repository\io\cucumber\tag-expressions\4.1.0\tag-expressions-4.1.0.jar;C:\Users\JOSUE\.m2\repository\io\cucumber\cucumber-expressions\16.0.0\cucumber-expressions-16.0.0.jar;C:\Users\JOSUE\.m2\repository\io\cucumber\datatable\7.4.1\datatable-7.4.1.jar;C:\Users\JOSUE\.m2\repository\io\cucumber\cucumber-plugin\7.4.1\cucumber-plugin-7.4.1.jar;C:\Users\JOSUE\.m2\repository\io\cucumber\docstring\7.4.1\docstring-7.4.1.jar;C:\Users\JOSUE\.m2\repository\io\cucumber\html-formatter\19.2.0\html-formatter-19.2.0.jar;C:\Users\JOSUE\.m2\repository\io\cucumber\ci-environment\9.0.4\ci-environment-9.0.4.jar;C:\Users\JOSUE\.m2\repository\io\cucumber\cucumber-java\7.4.1\cucumber-java-7.4.1.jar;C:\Users\JOSUE\.m2\repository\io\cucumber\cucumber-junit\7.4.1\cucumber-junit-7.4.1.jar;C:\Users\JOSUE\.m2\repository\org\apache\commons\commons-csv\1.5\commons-csv-1.5.jar;C:\Users\JOSUE\.m2\repository\net\serenity-bdd\serenity-screenplay\3.3.4\serenity-screenplay-3.3.4.jar;C:\Users\JOSUE\.m2\repository\net\serenity-bdd\serenity-screenplay-webdriver\3.3.4\serenity-screenplay-webdriver-3.3.4.jar;C:\Users\JOSUE\.m2\repository\net\serenity-bdd\serenity-ensure\3.3.4\serenity-ensure-3.3.4.jar;C:\Users\JOSUE\.m2\repository\net\serenity-bdd\serenity-junit\3.3.4\serenity-junit-3.3.4.jar;C:\Users\JOSUE\.m2\repository\org\jetbrains\kotlin\kotlin-stdlib\1.7.10\kotlin-stdlib-1.7.10.jar;C:\Users\JOSUE\.m2\repository\org\jetbrains\kotlin\kotlin-stdlib-common\1.7.10\kotlin-stdlib-common-1.7.10.jar;C:\Users\JOSUE\.m2\repository\org\jetbrains\annotations\13.0\annotations-13.0.jar;C:\Users\JOSUE\.m2\repository\org\junit\platform\junit-platform-launcher\1.8.2\junit-platform-launcher-1.8.2.jar;C:\Users\JOSUE\.m2\repository\org\junit\platform\junit-platform-engine\1.8.2\junit-platform-engine-1.8.2.jar;C:\Users\JOSUE\.m2\repository\org\opentest4j\opentest4j\1.2.0\opentest4j-1.2.0.jar;C:\Users\JOSUE\.m2\repository\org\junit\platform\junit-platform-commons\1.8.2\junit-platform-commons-1.8.2.jar;C:\Users\JOSUE\.m2\repository\org\apiguardian\apiguardian-api\1.1.2\apiguardian-api-1.1.2.jar;C:\Users\JOSUE\.m2\repository\org\junit\jupiter\junit-jupiter-engine\5.8.2\junit-jupiter-engine-5.8.2.jar;C:\Users\JOSUE\.m2\repository\org\junit\jupiter\junit-jupiter-api\5.8.2\junit-jupiter-api-5.8.2.jar;C:\Users\JOSUE\.m2\repository\org\junit\vintage\junit-vintage-engine\5.8.2\junit-vintage-engine-5.8.2.jar;C:\Users\JOSUE\.m2\repository\junit\junit\4.13.2\junit-4.13.2.jar;C:\Users\JOSUE\.m2\repository\org\hamcrest\hamcrest-core\1.3\hamcrest-core-1.3.jar;C:\Users\JOSUE\.m2\repository\ch\qos\logback\logback-classic\1.2.10\logback-classic-1.2.10.jar;C:\Users\JOSUE\.m2\repository\ch\qos\logback\logback-core\1.2.10\logback-core-1.2.10.jar;C:\Users\JOSUE\.m2\repository\org\slf4j\slf4j-api\1.7.32\slf4j-api-1.7.32.jar;C:\Users\JOSUE\.m2\repository\org\assertj\assertj-core\3.23.1\assertj-core-3.23.1.jar;C:\Users\JOSUE\.m2\repository\net\bytebuddy\byte-buddy\1.12.10\byte-buddy-1.12.10.jar;"/>
    <property name="sun.cpu.endian" value="little"/>
    <property name="user.home" value="C:\Users\JOSUE"/>
    <property name="user.language" value="es"/>
    <property name="java.specification.vendor" value="Oracle Corporation"/>
    <property name="java.home" value="C:\Program Files\Java\jdk1.8.0_202\jre"/>
    <property name="basedir" value="C:\Users\JOSUE\IdeaProjects\ExamenReniec"/>
    <property name="file.separator" value="\"/>
    <property name="line.separator" value="&#10;"/>
    <property name="java.vm.specification.vendor" value="Oracle Corporation"/>
    <property name="java.specification.name" value="Java Platform API Specification"/>
    <property name="java.awt.graphicsenv" value="sun.awt.Win32GraphicsEnvironment"/>
    <property name="surefire.real.class.path" value="C:\Users\JOSUE\AppData\Local\Temp\surefire6655012531432390640\surefirebooter8373074765650052047.jar"/>
    <property name="sun.boot.class.path" value="C:\Program Files\Java\jdk1.8.0_202\jre\lib\resources.jar;C:\Program Files\Java\jdk1.8.0_202\jre\lib\rt.jar;C:\Program Files\Java\jdk1.8.0_202\jre\lib\sunrsasign.jar;C:\Program Files\Java\jdk1.8.0_202\jre\lib\jsse.jar;C:\Program Files\Java\jdk1.8.0_202\jre\lib\jce.jar;C:\Program Files\Java\jdk1.8.0_202\jre\lib\charsets.jar;C:\Program Files\Java\jdk1.8.0_202\jre\lib\jfr.jar;C:\Program Files\Java\jdk1.8.0_202\jre\classes"/>
    <property name="user.script" value=""/>
    <property name="java.protocol.handler.pkgs" value="com.google.common"/>
    <property name="sun.management.compiler" value="HotSpot 64-Bit Tiered Compilers"/>
    <property name="java.runtime.version" value="1.8.0_202-b08"/>
    <property name="user.name" value="JOSUE"/>
    <property name="path.separator" value=";"/>
    <property name="os.version" value="10.0"/>
    <property name="java.endorsed.dirs" value="C:\Program Files\Java\jdk1.8.0_202\jre\lib\endorsed"/>
    <property name="java.runtime.name" value="Java(TM) SE Runtime Environment"/>
    <property name="file.encoding" value="Cp1252"/>
    <property name="webdriver.base.url" value=""/>
    <property name="java.vm.name" value="Java HotSpot(TM) 64-Bit Server VM"/>
    <property name="localRepository" value="C:\Users\JOSUE\.m2\repository"/>
    <property name="java.vendor.url.bug" value="http://bugreport.sun.com/bugreport/"/>
    <property name="java.io.tmpdir" value="C:\Users\JOSUE\AppData\Local\Temp\"/>
    <property name="java.version" value="1.8.0_202"/>
    <property name="user.dir" value="C:\Users\JOSUE\IdeaProjects\ExamenReniec"/>
    <property name="os.arch" value="amd64"/>
    <property name="java.vm.specification.name" value="Java Virtual Machine Specification"/>
    <property name="java.awt.printerjob" value="sun.awt.windows.WPrinterJob"/>
    <property name="sun.os.patch.level" value=""/>
    <property name="java.library.path" value="C:\Program Files\Java\jdk1.8.0_202\jre\bin;C:\Windows\Sun\Java\bin;C:\Windows\system32;C:\Windows;C:\Program Files (x86)\Common Files\Oracle\Java\javapath;C:\Windows\system32;C:\Windows;C:\Windows\System32\Wbem;C:\Windows\System32\WindowsPowerShell\v1.0\;C:\Windows\System32\OpenSSH\;C:\Program Files\Git\cmd;C:\Gradle\gradle-7.6\bin;C:\Program Files\Java\jdk1.8.0_202\bin;C:\apache-maven-3.8.6\\bin;C:\Program Files\PuTTY\;C:\Users\JOSUE\AppData\Local\Microsoft\WindowsApps;C:\Users\JOSUE\AppData\Local\GitHubDesktop\bin;."/>
    <property name="java.vm.info" value="mixed mode"/>
    <property name="java.vendor" value="Oracle Corporation"/>
    <property name="java.vm.version" value="25.202-b08"/>
    <property name="java.ext.dirs" value="C:\Program Files\Java\jdk1.8.0_202\jre\lib\ext;C:\Windows\Sun\Java\lib\ext"/>
    <property name="sun.io.unicode.encoding" value="UnicodeLittle"/>
    <property name="java.class.version" value="52.0"/>
  </properties>
  <testcase name="Peruanos en el Extranjero Consulados en el mundo y Lista de Consulados en el mundo" classname="Navegar en la web de la reniec" time="13.41">
    <system-out><![CDATA[12:00:29.466 [main] DEBUG net.thucydides.core.guice.Injectors - Created injector for module net.thucydides.core.guice.ThucydidesModule
12:00:29.625 [main] INFO io.cucumber.core.plugin.SerenityReporter - Running feature from file:///C:/Users/JOSUE/IdeaProjects/ExamenReniec/src/test/resources/features/navegar_reniec.feature
12:00:29.736 [main] DEBUG net.thucydides.core.guice.Injectors - Created injector for module net.thucydides.core.guice.webdriver.WebDriverModule
12:00:29.748 [main] INFO  - 

-------------------------------------------------------------------------------------
     _______. _______ .______       _______ .__   __.  __  .___________.____    ____ 
    /       ||   ____||   _  \     |   ____||  \ |  | |  | |           |\   \  /   / 
   |   (----`|  |__   |  |_)  |    |  |__   |   \|  | |  | `---|  |----` \   \/   /  
    \   \    |   __|  |      /     |   __|  |  . `  | |  |     |  |       \_    _/   
.----)   |   |  |____ |  |\  \----.|  |____ |  |\   | |  |     |  |         |  |     
|_______/    |_______|| _| `._____||_______||__| \__| |__|     |__|         |__|    
                                                                                     
 News and tutorials at http://www.serenity-bdd.info                                  
 Documentation at https://wakaleo.gitbooks.io/the-serenity-book/content/             
 Join the Serenity Community on Gitter: https://gitter.im/serenity-bdd/serenity-core 
 Serenity BDD Support and Training at http://serenity-bdd.info/#/trainingandsupport  
-------------------------------------------------------------------------------------

12:00:29.750 [main] DEBUG net.thucydides.core.steps.StepEventBus - Test suite started for story net.thucydides.core.model.Story@9243a921
12:00:29.751 [main] INFO  - Test Suite Started: Navegar en la web de la reniec
12:00:29.762 [main] INFO io.cucumber.core.plugin.SerenityReporter - Running feature from file:///C:/Users/JOSUE/IdeaProjects/ExamenReniec/src/test/resources/features/navegar_reniec.feature
12:00:29.763 [main] DEBUG net.thucydides.core.steps.StepEventBus - Test suite started for story net.thucydides.core.model.Story@9243a921
12:00:29.764 [main] INFO  - Test Suite Started: Navegar en la web de la reniec
12:00:29.813 [main] INFO io.cucumber.core.plugin.SerenityReporter - Running feature from file:///C:/Users/JOSUE/IdeaProjects/ExamenReniec/src/test/resources/features/navegar_reniec.feature
12:00:29.906 [main] INFO  - 
  _____   ___   ___   _____     ___   _____     _     ___   _____   ___   ___  
 |_   _| | __| / __| |_   _|   / __| |_   _|   /_\   | _ \ |_   _| | __| |   \ 
   | |   | _|  \__ \   | |     \__ \   | |    / _ \  |   /   | |   | _|  | |) |
   |_|   |___| |___/   |_|     |___/   |_|   /_/ \_\ |_|_\   |_|   |___| |___/ 

Peruanos en el Extranjero Consulados en el mundo y Lista de Consulados en el mundo(navegar-en-la-web-de-la-reniec;peruanos-en-el-extranjero-consulados-en-el-mundo-y-lista-de-consulados-en-el-mundo)
--------------------------------------------------------------------------------
12:00:30.305 [main] DEBUG net.thucydides.core.steps.StepInterceptor - STARTING STEP: ReniecStepDefinitions.usuarioEstaEnLaWebDeLaReniec - !#title
12:00:30.319 [main] DEBUG net.thucydides.core.steps.StepInterceptor - STARTING STEP: ReniecStepDefinitions.usuarioEstaEnLaWebDeLaReniec - {0} opens the #targetPageName
12:00:30.338 [main] INFO net.serenitybdd.core.webdriver.driverproviders.DriverProvider - Using WebDriverManager configuration for chrome
12:00:30.619 [main] DEBUG io.github.bonigarcia.wdm.cache.ResolutionCache - Removing resolution chrome=108 from cache (expired on Wed Dec 28 18:40:35 COT 2022)
12:00:30.633 [main] DEBUG org.apache.hc.client5.http.impl.classic.InternalHttpClient - ex-0000000001 preparing request execution
12:00:30.638 [main] DEBUG org.apache.hc.client5.http.protocol.RequestAddCookies - ex-0000000001 Cookie spec selected: strict
12:00:30.641 [main] DEBUG org.apache.hc.client5.http.protocol.RequestAuthCache - ex-0000000001 Auth cache not set in the context
12:00:30.642 [main] DEBUG org.apache.hc.client5.http.impl.classic.ProtocolExec - ex-0000000001 target auth state: UNCHALLENGED
12:00:30.642 [main] DEBUG org.apache.hc.client5.http.impl.classic.ProtocolExec - ex-0000000001 proxy auth state: UNCHALLENGED
12:00:30.642 [main] DEBUG org.apache.hc.client5.http.impl.classic.ConnectExec - ex-0000000001 acquiring connection with route {s}->https://raw.githubusercontent.com:443
12:00:30.642 [main] DEBUG org.apache.hc.client5.http.impl.classic.InternalHttpClient - ex-0000000001 acquiring endpoint (3 MINUTES)
12:00:30.643 [main] DEBUG org.apache.hc.client5.http.impl.io.PoolingHttpClientConnectionManager - ex-0000000001 endpoint lease request (3 MINUTES) [route: {s}->https://raw.githubusercontent.com:443][total available: 0; route allocated: 0 of 5; total allocated: 0 of 25]
12:00:30.645 [main] DEBUG org.apache.hc.client5.http.impl.io.PoolingHttpClientConnectionManager - ex-0000000001 endpoint leased [route: {s}->https://raw.githubusercontent.com:443][total available: 0; route allocated: 1 of 5; total allocated: 1 of 25]
12:00:30.654 [main] DEBUG org.apache.hc.client5.http.impl.io.PoolingHttpClientConnectionManager - ex-0000000001 acquired ep-0000000000
12:00:30.655 [main] DEBUG org.apache.hc.client5.http.impl.classic.InternalHttpClient - ex-0000000001 acquired endpoint ep-0000000000
12:00:30.655 [main] DEBUG org.apache.hc.client5.http.impl.classic.ConnectExec - ex-0000000001 opening connection {s}->https://raw.githubusercontent.com:443
12:00:30.655 [main] DEBUG org.apache.hc.client5.http.impl.classic.InternalHttpClient - ep-0000000000 connecting endpoint (30 SECONDS)
12:00:30.655 [main] DEBUG org.apache.hc.client5.http.impl.io.PoolingHttpClientConnectionManager - ep-0000000000 connecting endpoint to https://raw.githubusercontent.com:443 (30 SECONDS)
12:00:30.709 [main] DEBUG org.apache.hc.client5.http.impl.io.DefaultHttpClientConnectionOperator - http-outgoing-0 connecting to raw.githubusercontent.com/185.199.111.133:443
12:00:30.709 [main] DEBUG org.apache.hc.client5.http.ssl.SSLConnectionSocketFactory - Connecting socket to raw.githubusercontent.com/185.199.111.133:443 with timeout 30 SECONDS
12:00:30.763 [main] DEBUG org.apache.hc.client5.http.ssl.SSLConnectionSocketFactory - Enabled protocols: [TLSv1.2]
12:00:30.763 [main] DEBUG org.apache.hc.client5.http.ssl.SSLConnectionSocketFactory - Enabled cipher suites: [TLS_ECDHE_ECDSA_WITH_AES_256_CBC_SHA384, TLS_ECDHE_RSA_WITH_AES_256_CBC_SHA384, TLS_RSA_WITH_AES_256_CBC_SHA256, TLS_ECDH_ECDSA_WITH_AES_256_CBC_SHA384, TLS_ECDH_RSA_WITH_AES_256_CBC_SHA384, TLS_DHE_RSA_WITH_AES_256_CBC_SHA256, TLS_DHE_DSS_WITH_AES_256_CBC_SHA256, TLS_ECDHE_ECDSA_WITH_AES_256_CBC_SHA, TLS_ECDHE_RSA_WITH_AES_256_CBC_SHA, TLS_RSA_WITH_AES_256_CBC_SHA, TLS_ECDH_ECDSA_WITH_AES_256_CBC_SHA, TLS_ECDH_RSA_WITH_AES_256_CBC_SHA, TLS_DHE_RSA_WITH_AES_256_CBC_SHA, TLS_DHE_DSS_WITH_AES_256_CBC_SHA, TLS_ECDHE_ECDSA_WITH_AES_128_CBC_SHA256, TLS_ECDHE_RSA_WITH_AES_128_CBC_SHA256, TLS_RSA_WITH_AES_128_CBC_SHA256, TLS_ECDH_ECDSA_WITH_AES_128_CBC_SHA256, TLS_ECDH_RSA_WITH_AES_128_CBC_SHA256, TLS_DHE_RSA_WITH_AES_128_CBC_SHA256, TLS_DHE_DSS_WITH_AES_128_CBC_SHA256, TLS_ECDHE_ECDSA_WITH_AES_128_CBC_SHA, TLS_ECDHE_RSA_WITH_AES_128_CBC_SHA, TLS_RSA_WITH_AES_128_CBC_SHA, TLS_ECDH_ECDSA_WITH_AES_128_CBC_SHA, TLS_ECDH_RSA_WITH_AES_128_CBC_SHA, TLS_DHE_RSA_WITH_AES_128_CBC_SHA, TLS_DHE_DSS_WITH_AES_128_CBC_SHA, TLS_ECDHE_ECDSA_WITH_AES_256_GCM_SHA384, TLS_ECDHE_ECDSA_WITH_AES_128_GCM_SHA256, TLS_ECDHE_RSA_WITH_AES_256_GCM_SHA384, TLS_RSA_WITH_AES_256_GCM_SHA384, TLS_ECDH_ECDSA_WITH_AES_256_GCM_SHA384, TLS_ECDH_RSA_WITH_AES_256_GCM_SHA384, TLS_DHE_RSA_WITH_AES_256_GCM_SHA384, TLS_DHE_DSS_WITH_AES_256_GCM_SHA384, TLS_ECDHE_RSA_WITH_AES_128_GCM_SHA256, TLS_RSA_WITH_AES_128_GCM_SHA256, TLS_ECDH_ECDSA_WITH_AES_128_GCM_SHA256, TLS_ECDH_RSA_WITH_AES_128_GCM_SHA256, TLS_DHE_RSA_WITH_AES_128_GCM_SHA256, TLS_DHE_DSS_WITH_AES_128_GCM_SHA256]
12:00:30.763 [main] DEBUG org.apache.hc.client5.http.ssl.SSLConnectionSocketFactory - Starting handshake
12:00:30.814 [main] DEBUG org.apache.hc.client5.http.ssl.SSLConnectionSocketFactory - Secure session established
12:00:30.814 [main] DEBUG org.apache.hc.client5.http.ssl.SSLConnectionSocketFactory -  negotiated protocol: TLSv1.2
12:00:30.814 [main] DEBUG org.apache.hc.client5.http.ssl.SSLConnectionSocketFactory -  negotiated cipher suite: TLS_ECDHE_RSA_WITH_AES_128_GCM_SHA256
12:00:30.814 [main] DEBUG org.apache.hc.client5.http.ssl.SSLConnectionSocketFactory -  peer principal: CN=*.github.io, O="GitHub, Inc.", L=San Francisco, ST=California, C=US
12:00:30.815 [main] DEBUG org.apache.hc.client5.http.ssl.SSLConnectionSocketFactory -  peer alternative names: [*.github.io, github.com, *.github.com, www.github.com, github.io, githubusercontent.com, *.githubusercontent.com]
12:00:30.815 [main] DEBUG org.apache.hc.client5.http.ssl.SSLConnectionSocketFactory -  issuer principal: CN=DigiCert TLS RSA SHA256 2020 CA1, O=DigiCert Inc, C=US
12:00:30.816 [main] DEBUG org.apache.hc.client5.http.impl.io.DefaultHttpClientConnectionOperator - http-outgoing-0 connection established 192.168.0.107:54788<->185.199.111.133:443
12:00:30.816 [main] DEBUG org.apache.hc.client5.http.impl.io.PoolingHttpClientConnectionManager - ep-0000000000 connected http-outgoing-0
12:00:30.816 [main] DEBUG org.apache.hc.client5.http.impl.classic.InternalHttpClient - ep-0000000000 endpoint connected
12:00:30.816 [main] DEBUG org.apache.hc.client5.http.impl.classic.MainClientExec - ex-0000000001 executing GET /bonigarcia/webdrivermanager/master/src/main/resources/commands.properties HTTP/1.1
12:00:30.816 [main] DEBUG org.apache.hc.client5.http.impl.classic.InternalHttpClient - ep-0000000000 start execution ex-0000000001
12:00:30.816 [main] DEBUG org.apache.hc.client5.http.impl.io.PoolingHttpClientConnectionManager - ep-0000000000 executing exchange ex-0000000001 over http-outgoing-0
12:00:30.817 [main] DEBUG org.apache.hc.client5.http.headers - http-outgoing-0 >> GET /bonigarcia/webdrivermanager/master/src/main/resources/commands.properties HTTP/1.1
12:00:30.817 [main] DEBUG org.apache.hc.client5.http.headers - http-outgoing-0 >> user-agent: Apache-HttpClient/5.0
12:00:30.817 [main] DEBUG org.apache.hc.client5.http.headers - http-outgoing-0 >> accept-encoding: gzip, deflate, br
12:00:30.817 [main] DEBUG org.apache.hc.client5.http.headers - http-outgoing-0 >> cache-control: max-age=0
12:00:30.817 [main] DEBUG org.apache.hc.client5.http.headers - http-outgoing-0 >> connection: keep-alive
12:00:30.817 [main] DEBUG org.apache.hc.client5.http.headers - http-outgoing-0 >> Host: raw.githubusercontent.com
12:00:30.817 [main] DEBUG org.apache.hc.client5.http.wire - http-outgoing-0 >> "GET /bonigarcia/webdrivermanager/master/src/main/resources/commands.properties HTTP/1.1[\r][\n]"
12:00:30.817 [main] DEBUG org.apache.hc.client5.http.wire - http-outgoing-0 >> "user-agent: Apache-HttpClient/5.0[\r][\n]"
12:00:30.817 [main] DEBUG org.apache.hc.client5.http.wire - http-outgoing-0 >> "accept-encoding: gzip, deflate, br[\r][\n]"
12:00:30.817 [main] DEBUG org.apache.hc.client5.http.wire - http-outgoing-0 >> "cache-control: max-age=0[\r][\n]"
12:00:30.817 [main] DEBUG org.apache.hc.client5.http.wire - http-outgoing-0 >> "connection: keep-alive[\r][\n]"
12:00:30.817 [main] DEBUG org.apache.hc.client5.http.wire - http-outgoing-0 >> "Host: raw.githubusercontent.com[\r][\n]"
12:00:30.817 [main] DEBUG org.apache.hc.client5.http.wire - http-outgoing-0 >> "[\r][\n]"
12:00:31.031 [main] DEBUG org.apache.hc.client5.http.wire - http-outgoing-0 << "HTTP/1.1 200 OK[\r][\n]"
12:00:31.031 [main] DEBUG org.apache.hc.client5.http.wire - http-outgoing-0 << "Connection: keep-alive[\r][\n]"
12:00:31.031 [main] DEBUG org.apache.hc.client5.http.wire - http-outgoing-0 << "Content-Length: 723[\r][\n]"
12:00:31.032 [main] DEBUG org.apache.hc.client5.http.wire - http-outgoing-0 << "Cache-Control: max-age=300[\r][\n]"
12:00:31.032 [main] DEBUG org.apache.hc.client5.http.wire - http-outgoing-0 << "Content-Security-Policy: default-src 'none'; style-src 'unsafe-inline'; sandbox[\r][\n]"
12:00:31.032 [main] DEBUG org.apache.hc.client5.http.wire - http-outgoing-0 << "Content-Type: text/plain; charset=utf-8[\r][\n]"
12:00:31.032 [main] DEBUG org.apache.hc.client5.http.wire - http-outgoing-0 << "ETag: W/"e82b438271e9e8680c688b0b680efd0bdd22faa6d6f0a32fc1fd8accc486b67e"[\r][\n]"
12:00:31.032 [main] DEBUG org.apache.hc.client5.http.wire - http-outgoing-0 << "Strict-Transport-Security: max-age=31536000[\r][\n]"
12:00:31.033 [main] DEBUG org.apache.hc.client5.http.wire - http-outgoing-0 << "X-Content-Type-Options: nosniff[\r][\n]"
12:00:31.033 [main] DEBUG org.apache.hc.client5.http.wire - http-outgoing-0 << "X-Frame-Options: deny[\r][\n]"
12:00:31.033 [main] DEBUG org.apache.hc.client5.http.wire - http-outgoing-0 << "X-XSS-Protection: 1; mode=block[\r][\n]"
12:00:31.033 [main] DEBUG org.apache.hc.client5.http.wire - http-outgoing-0 << "X-GitHub-Request-Id: 0864:320A:2848B:5DEB9:63ADBBD4[\r][\n]"
12:00:31.033 [main] DEBUG org.apache.hc.client5.http.wire - http-outgoing-0 << "Content-Encoding: gzip[\r][\n]"
12:00:31.033 [main] DEBUG org.apache.hc.client5.http.wire - http-outgoing-0 << "Accept-Ranges: bytes[\r][\n]"
12:00:31.033 [main] DEBUG org.apache.hc.client5.http.wire - http-outgoing-0 << "Date: Thu, 29 Dec 2022 17:00:30 GMT[\r][\n]"
12:00:31.034 [main] DEBUG org.apache.hc.client5.http.wire - http-outgoing-0 << "Via: 1.1 varnish[\r][\n]"
12:00:31.034 [main] DEBUG org.apache.hc.client5.http.wire - http-outgoing-0 << "X-Served-By: cache-lim12121-LIM[\r][\n]"
12:00:31.034 [main] DEBUG org.apache.hc.client5.http.wire - http-outgoing-0 << "X-Cache: HIT[\r][\n]"
12:00:31.034 [main] DEBUG org.apache.hc.client5.http.wire - http-outgoing-0 << "X-Cache-Hits: 1[\r][\n]"
12:00:31.034 [main] DEBUG org.apache.hc.client5.http.wire - http-outgoing-0 << "X-Timer: S1672333231.521053,VS0,VE198[\r][\n]"
12:00:31.034 [main] DEBUG org.apache.hc.client5.http.wire - http-outgoing-0 << "Vary: Authorization,Accept-Encoding,Origin[\r][\n]"
12:00:31.034 [main] DEBUG org.apache.hc.client5.http.wire - http-outgoing-0 << "Access-Control-Allow-Origin: *[\r][\n]"
12:00:31.034 [main] DEBUG org.apache.hc.client5.http.wire - http-outgoing-0 << "X-Fastly-Request-ID: 33500c932aa7cd45321b8b17acbc2b4e926698be[\r][\n]"
12:00:31.034 [main] DEBUG org.apache.hc.client5.http.wire - http-outgoing-0 << "Expires: Thu, 29 Dec 2022 17:05:30 GMT[\r][\n]"
12:00:31.034 [main] DEBUG org.apache.hc.client5.http.wire - http-outgoing-0 << "Source-Age: 0[\r][\n]"
12:00:31.034 [main] DEBUG org.apache.hc.client5.http.wire - http-outgoing-0 << "[\r][\n]"
12:00:31.036 [main] DEBUG org.apache.hc.client5.http.headers - http-outgoing-0 << HTTP/1.1 200 OK
12:00:31.036 [main] DEBUG org.apache.hc.client5.http.headers - http-outgoing-0 << Connection: keep-alive
12:00:31.036 [main] DEBUG org.apache.hc.client5.http.headers - http-outgoing-0 << Content-Length: 723
12:00:31.036 [main] DEBUG org.apache.hc.client5.http.headers - http-outgoing-0 << Cache-Control: max-age=300
12:00:31.036 [main] DEBUG org.apache.hc.client5.http.headers - http-outgoing-0 << Content-Security-Policy: default-src 'none'; style-src 'unsafe-inline'; sandbox
12:00:31.036 [main] DEBUG org.apache.hc.client5.http.headers - http-outgoing-0 << Content-Type: text/plain; charset=utf-8
12:00:31.036 [main] DEBUG org.apache.hc.client5.http.headers - http-outgoing-0 << ETag: W/"e82b438271e9e8680c688b0b680efd0bdd22faa6d6f0a32fc1fd8accc486b67e"
12:00:31.036 [main] DEBUG org.apache.hc.client5.http.headers - http-outgoing-0 << Strict-Transport-Security: max-age=31536000
12:00:31.036 [main] DEBUG org.apache.hc.client5.http.headers - http-outgoing-0 << X-Content-Type-Options: nosniff
12:00:31.036 [main] DEBUG org.apache.hc.client5.http.headers - http-outgoing-0 << X-Frame-Options: deny
12:00:31.036 [main] DEBUG org.apache.hc.client5.http.headers - http-outgoing-0 << X-XSS-Protection: 1; mode=block
12:00:31.036 [main] DEBUG org.apache.hc.client5.http.headers - http-outgoing-0 << X-GitHub-Request-Id: 0864:320A:2848B:5DEB9:63ADBBD4
12:00:31.036 [main] DEBUG org.apache.hc.client5.http.headers - http-outgoing-0 << Content-Encoding: gzip
12:00:31.036 [main] DEBUG org.apache.hc.client5.http.headers - http-outgoing-0 << Accept-Ranges: bytes
12:00:31.036 [main] DEBUG org.apache.hc.client5.http.headers - http-outgoing-0 << Date: Thu, 29 Dec 2022 17:00:30 GMT
12:00:31.036 [main] DEBUG org.apache.hc.client5.http.headers - http-outgoing-0 << Via: 1.1 varnish
12:00:31.036 [main] DEBUG org.apache.hc.client5.http.headers - http-outgoing-0 << X-Served-By: cache-lim12121-LIM
12:00:31.036 [main] DEBUG org.apache.hc.client5.http.headers - http-outgoing-0 << X-Cache: HIT
12:00:31.036 [main] DEBUG org.apache.hc.client5.http.headers - http-outgoing-0 << X-Cache-Hits: 1
12:00:31.036 [main] DEBUG org.apache.hc.client5.http.headers - http-outgoing-0 << X-Timer: S1672333231.521053,VS0,VE198
12:00:31.036 [main] DEBUG org.apache.hc.client5.http.headers - http-outgoing-0 << Vary: Authorization,Accept-Encoding,Origin
12:00:31.036 [main] DEBUG org.apache.hc.client5.http.headers - http-outgoing-0 << Access-Control-Allow-Origin: *
12:00:31.036 [main] DEBUG org.apache.hc.client5.http.headers - http-outgoing-0 << X-Fastly-Request-ID: 33500c932aa7cd45321b8b17acbc2b4e926698be
12:00:31.036 [main] DEBUG org.apache.hc.client5.http.headers - http-outgoing-0 << Expires: Thu, 29 Dec 2022 17:05:30 GMT
12:00:31.037 [main] DEBUG org.apache.hc.client5.http.headers - http-outgoing-0 << Source-Age: 0
12:00:31.039 [main] DEBUG org.apache.hc.client5.http.impl.classic.MainClientExec - ex-0000000001 connection can be kept alive for 3 MINUTES
12:00:31.042 [main] DEBUG org.apache.hc.client5.http.wire - http-outgoing-0 << "[0x1f][0xffffff8b][0x8][0x0][0x0][0x0][0x0][0x0][0x0][0x3][0xffffffb5]V]o[0xffffffda]0[0x14]}[0xffffffe7]W\[0xffffff81]*[0xffffffb5][0x12][0x1f][[M[0xffffffd3]$[0x1e]hF[0xffffffbb]i [0x18][0xffffffb4][0xffffffdd]&[0xfffffff9][0xffffffc5]$7[0xffffffc1]R[0x12]#;[0xffffff94]v[0xffffffbf]~[0xffffffb6][0xfffffff3]1[0xffffff92][0xffffff9a][0xffffffc1][0x1a]x[0xffffffcb][0xffffffb5][0xffffffaf][0xffffffcf]9[0xffffffbe][0xfffffff7]8v[0xb][0x1c][0x1e]E4[0xfffffff6]$x4[0xffffffa1][0xb]*[0xffffffb1][0xffffffd1][0xffffff82][0xfffffffb]%[0xffffff93][0xffffffe0][0xffffffb3][0x10][0xffffffc1][0xffffffe5]qBY,!Y[0xffffffea] KM8,[0x10][0xfffffff0][0x19][0xffffffdd]u[0xffffff82][0x1e][0xffffffb0][0xffffffd8]L[0xffffffcb]%[0xffffff86][0xffffffa1][0xe][0xffffffb8][0xfffffff0]P[0xffffffe8]$[0xf][0x13]t[0x13]3[0xfffffff9][0xffffff84]B2[0xffffffae][0xffffffe6]|@[0xfffffff5][0x1d][0x8][0xffffffc4][0x18][0x16][0xffffff82]o[0xffffffa4][0xffffff9a]P[0xffffff94][0xffffffe7][0xffffffce]R[0xfffffff0][0x8][0xffffffdb]p[0xffffffcb][0x4][0xfffffffa][0xfffffffc][0xffffffb9][\r][0xffffff93][0x15][\n]"
12:00:31.043 [main] DEBUG org.apache.hc.client5.http.wire - http-outgoing-0 << "[0xffffffda][0xffffff86][0xffffffa1][0x17][0xffffffa8]Q3[0xffffffcb][0xffffffd6][0xffffffd1][0xffffff85][0xffffffc6][0xfffffff7][0xffffff98][0xffffffef][0xffffffa3][0xffffffc0]8[0x1][0xffffffae]s[0x12][0x16][0x7] _d[0xffffff82][0xffffff91][0xffffff84][0xfffffff3][0x1f],[0xfffffff6][0x14]j[0x1b]F,^+[0xffffff98]1ua2[0xffffffbf]h([0xffffff8e][0xffffff94][0xffffffa2][0xffffff91]m[0xffffffa3][0xffffffeb][0xffffff9a][0xffffffb0][0xffffffbb]I[0x17]t[0xffffffdf][0xffffffbd][0xffffffef][0xffffffbb][0xffffff91][0xffffffd7]U[0xffffffbb][0xffffff82][0xffffff9e][0x3][0xffffff9b][0xffffff88][0xffffffb9][0xffffffa6]$[0xffffffa6][0xc][0xffffff9b][0xffffffa5][0xffffffe2][0xffffff83][0xffffff98]F[0xffffffd8]o[0xffffff9e]Mg[0xffffff93][0xffffffbb][0xffffffd9]`|[0xfffffffb]u4[0xffffff9c][0x7f]"}B[0xffffffce][0x8][0xffffffb9][0xffffffe3]<[0x8][0xffffff91][0xffffff90][0xffffff94][0xffffff82][0xffffff90][0xffffffc1]j[0x15]2WI[0xffffffe3]1![0x19][0xffffff91]BnB[0xffffff80][0x9]<f[0xffffffb5][0xffffffe8]=[0xffffffd1]p[0xffffffbd][[0xffffffcf][0xffffffe5][0x1b][0xfffffff4][0xffffff9c][0xffffffff][0xfffffffc][0xfffffff8][0xffffffe1][0xffffffe2][0xffffff94][0xffffffa2][0xffffffae][0xe][0x14]5[0xffffff9a]8[0xffffff83][0xffffffd1]`:[0xfffffffd]<[0xffffffb8][0x1f][0xffffff9c]R[0xffffffcf]u[0x7f]6[0xffffffbc][0xffffff83][0xffffffef][0xf][0xffffffc3][0xffffffd9]/[0xfffffff8][0xfffffff2][0xffffffcd]y s[0xffffffee]'[0x1b]*0g[0xffffffcb][0xffffffc8]nF7H][0xffffff83][0xffffff97]{[0xffffffb1]Q[0x5][\r][0xffffffb5]c[0xffffffb4][0xf][0x2][0xffffffb3][0xffffffb4][0xffffff93][0xe]C[0xffffffa7][0xffffffb3]kAD][0xffffff9d][0xffffffde][0xffffffdb][0xffffffda][0xffffff88][0xffffffec][0xffffffa5][0xffffffbc][0xffffff99][0xffffffd9][0xffffffba]t[0xffffffb5][0xffffffea]9[0xffffffea][0x10])[0xffffffb7][0xffffffca][0xffffff9e][0xfffffff2][0xffffffe2]d^N[0xffffffd8]FW[0x16][0xffffffcd][0xffffffdc]_[0x10][0xfffffff9]i|[0x1c][0xffffff93][0xffffff8e][0xfffffff9]o[0x16][0xffffff86]4'!$G[0xffffffdf]W[0xfffffff4]W*j[[0xfffffff3]xR[0xffffffae][0xffffffb6][0xc][0xffffffd0],; #[0xffffffa9][0xffffff92]5[0xffffffb5][0x7][0xffffff9c][0xffffffb5][0xffffffd0][0x7f][0xffffff90][0xffffffc7]jgs[0xfffffffc][0xffffffc2][0xb][0xffffffd9][0x0]t[0xffffff9e]^'Y[0xfffffffb][0xffffff9f][0xffffffb1][0xffffffd8]:[0xffffffbf][0xffffff8d][0xffffffa5][0xffffff9a][0xffffffad][0x7f]m[0x5]&[0xffffffaa][0xffffffa0]^[0xffffff9b][0xffffffcb][0x5]f[0xffffffae][0xffffffe0]RU[0xffffff82][0x10]MS9l[0xffffff91]4t[0xfffffffb][0xffffff8a]][0xffffffd6][0xfffffff4][0xffffff96][0xffffffa6][0xffffff9f]P[0xffffffce][0xffffffd5][0xffffffce][0xffffff93][0xffffffff][0xffffff97][0xffffffcc]p[0xfffffffd][0xfffffff3][0xffffffe8][0x1b][0xffffffcc][0xffffffa2][0xffffffd9]Q[0xffffffbe][0xffffffb2][0xffffffa3][0xffffffc7]m'[0xffffffdf][0xffffffe4][[0xfffffffb]^[0xffffffb0][0xffffff9a][0xffffffbe][0xffffffda][0xffffffda]_[0xffffffce][0xffffff80][0xffffffd2][0xffffffc1]7[0xffffffb7]][0xffffffc1]b[0xffffffee][0xffffffb5][0xffffffff]w[0xffffff83][0xffffffed][0xffffffa7];[0x15]<[0x10]4[0xffffff92][0xffffff84][0x18][\n]"
12:00:31.043 [main] DEBUG org.apache.hc.client5.http.wire - http-outgoing-0 << "BB[0xffffffba][0xffffff8e]][0xffffffb5]jo[0xffffffb9]+"[0xffffffea][0xffffffb4][0xffffffff]h"[0xffffffea]\?5[0xffffffa9][0xffffffaf]k[0xffffffec][0xffffffff]P[0xffffffea][\n]"
12:00:31.043 [main] DEBUG org.apache.hc.client5.http.wire - http-outgoing-0 << "w[0xffffffe1]K[0x13][0xffffffda][0xffffffec][0xffffff98][0xffffffe6]Y[0xfffffffd]h8m6[0xffffff9c]T[0xffffffc1][0xfffffff2][0xffffffa7][0xffffff91]z_[0xffffff95]o85p[0x1c][0x13][0xffffffe6][0xfffffff0]5[0xffffffee][0xfffffffc][0xffffff92][0xffffff96][0xffffffda][0xfffffff7][0xffffffcf][0xffffffb1][0x5][0x1d][0xffffffea]K[0xffffff9b]9[0xffffff8e][0xffffffad]e[0xfffffff7][0xffffff93][0xffffffa8]`[0xffffffda][0xffffffff][0x1a][0xffffffd2][0xffffff88][0xffffff85][0xfffffffd][0xfffffff2][0xffffff91]N[0xfffffff6]`[0xffffffdf]2[0xffffffcf][0xffffffae]E[0xffffff97][0xffffffc5][0xffffffa2][0xffffff9d][0xffffffef]'[0xffffff9d]mun.[0xffffffd3]f^[0xffffffc7][0xffffff82][0xffffffda][0xffffff82]9[0xfffffff5][0xffffffa9]`[0x5][0xffffffbc]4[0xffffffa1][0x1d]<M[0xffffffb5]A[0xffffffa7]3[[0xffffffc0][0x7f][0x0][0xffffffc1][0xffffffd0]$[0xffffff85][0x1d][\r][0x0][0x0]"
12:00:31.043 [main] DEBUG org.apache.hc.client5.http.impl.classic.InternalHttpClient - ep-0000000000 releasing valid endpoint
12:00:31.043 [main] DEBUG org.apache.hc.client5.http.impl.io.PoolingHttpClientConnectionManager - ep-0000000000 releasing endpoint
12:00:31.043 [main] DEBUG org.apache.hc.client5.http.impl.io.PoolingHttpClientConnectionManager - ep-0000000000 connection http-outgoing-0 can be kept alive for 3 MINUTES
12:00:31.044 [main] DEBUG org.apache.hc.client5.http.impl.io.PoolingHttpClientConnectionManager - ep-0000000000 connection released [route: {s}->https://raw.githubusercontent.com:443][total available: 1; route allocated: 1 of 5; total allocated: 1 of 25]
12:00:31.044 [main] DEBUG io.github.bonigarcia.wdm.versions.VersionDetector - Detecting chrome version using online commands.properties
12:00:31.045 [main] DEBUG io.github.bonigarcia.wdm.versions.Shell - Running command on the shell: [cmd.exe, /C, wmic, datafile, where, name="%PROGRAMFILES:\=\\%\\Google\\Chrome\\Application\\chrome.exe", get, Version, /value]
12:00:31.131 [main] DEBUG io.github.bonigarcia.wdm.versions.Shell - Result: Version=108.0.5359.125
12:00:31.132 [main] DEBUG io.github.bonigarcia.wdm.cache.ResolutionCache - Resolution chrome108=108.0.5359.71 in cache (valid until 16:06:26 29/12/2022 PET)
12:00:31.132 [main] INFO io.github.bonigarcia.wdm.WebDriverManager - Using chromedriver 108.0.5359.71 (resolved driver for Chrome 108)
12:00:31.133 [main] DEBUG io.github.bonigarcia.wdm.cache.ResolutionCache - Storing resolution chrome=108 in cache (valid until 13:00:31 29/12/2022 PET)
12:00:31.138 [main] DEBUG io.github.bonigarcia.wdm.WebDriverManager - Driver chromedriver 108.0.5359.71 found in cache
12:00:31.139 [main] INFO io.github.bonigarcia.wdm.WebDriverManager - Exporting webdriver.chrome.driver as C:\Users\JOSUE\.cache\selenium\chromedriver\win32\108.0.5359.71\chromedriver.exe
12:00:31.187 [main] INFO net.serenitybdd.core.webdriver.driverproviders.ChromeDriverProvider - Starting Chrome driver instance with capabilities:
12:00:31.188 [main] INFO net.serenitybdd.core.webdriver.driverproviders.ChromeDriverProvider - Capabilities {acceptInsecureCerts: false, browserName: chrome, goog:chromeOptions: {args: [--start-maximized, --test-type, --no-sandbox, --ignore-certificate-errors, \r\n                   --di..., --disable-default-apps, --disable-extensions-file-a..., \r\n                   --in..., --disable-infobars,--disabl...], extensions: []}}
12:00:31.229 [main] DEBUG io.netty.util.internal.logging.InternalLoggerFactory - Using SLF4J as the default logging framework
12:00:31.232 [main] DEBUG io.netty.util.ResourceLeakDetector - -Dio.netty.leakDetection.level: simple
12:00:31.232 [main] DEBUG io.netty.util.ResourceLeakDetector - -Dio.netty.leakDetection.targetRecords: 4
12:00:31.234 [main] DEBUG io.netty.util.ResourceLeakDetectorFactory - Loaded default ResourceLeakDetector: io.netty.util.ResourceLeakDetector@6801b414
12:00:31.271 [main] DEBUG io.netty.util.internal.PlatformDependent0 - -Dio.netty.noUnsafe: false
12:00:31.271 [main] DEBUG io.netty.util.internal.PlatformDependent0 - Java version: 8
12:00:31.271 [main] DEBUG io.netty.util.internal.PlatformDependent0 - sun.misc.Unsafe.theUnsafe: available
12:00:31.272 [main] DEBUG io.netty.util.internal.PlatformDependent0 - sun.misc.Unsafe.copyMemory: available
12:00:31.272 [main] DEBUG io.netty.util.internal.PlatformDependent0 - sun.misc.Unsafe.storeFence: available
12:00:31.272 [main] DEBUG io.netty.util.internal.PlatformDependent0 - java.nio.Buffer.address: available
12:00:31.272 [main] DEBUG io.netty.util.internal.PlatformDependent0 - direct buffer constructor: available
12:00:31.273 [main] DEBUG io.netty.util.internal.PlatformDependent0 - java.nio.Bits.unaligned: available, true
12:00:31.273 [main] DEBUG io.netty.util.internal.PlatformDependent0 - jdk.internal.misc.Unsafe.allocateUninitializedArray(int): unavailable prior to Java9
12:00:31.273 [main] DEBUG io.netty.util.internal.PlatformDependent0 - java.nio.DirectByteBuffer.<init>(long, int): available
12:00:31.273 [main] DEBUG io.netty.util.internal.PlatformDependent - sun.misc.Unsafe: available
12:00:31.273 [main] DEBUG io.netty.util.internal.PlatformDependent - -Dio.netty.tmpdir: C:\Users\JOSUE\AppData\Local\Temp (java.io.tmpdir)
12:00:31.273 [main] DEBUG io.netty.util.internal.PlatformDependent - -Dio.netty.bitMode: 64 (sun.arch.data.model)
12:00:31.273 [main] DEBUG io.netty.util.internal.PlatformDependent - Platform: Windows
12:00:31.274 [main] DEBUG io.netty.util.internal.PlatformDependent - -Dio.netty.maxDirectMemory: 3763863552 bytes
12:00:31.274 [main] DEBUG io.netty.util.internal.PlatformDependent - -Dio.netty.uninitializedArrayAllocationThreshold: -1
12:00:31.274 [main] DEBUG io.netty.util.internal.CleanerJava6 - java.nio.ByteBuffer.cleaner(): available
12:00:31.275 [main] DEBUG io.netty.util.internal.PlatformDependent - -Dio.netty.noPreferDirect: false
12:00:31.279 [main] DEBUG io.netty.util.internal.PlatformDependent - org.jctools-core.MpscChunkedArrayQueue: available
12:00:31.294 [main] DEBUG io.netty.util.internal.InternalThreadLocalMap - -Dio.netty.threadLocalMap.stringBuilder.initialSize: 1024
12:00:31.294 [main] DEBUG io.netty.util.internal.InternalThreadLocalMap - -Dio.netty.threadLocalMap.stringBuilder.maxSize: 4096
12:00:31.305 [main] DEBUG io.netty.handler.ssl.JdkSslContext - Default protocols (JDK): [TLSv1.2, TLSv1.1, TLSv1] 
12:00:31.305 [main] DEBUG io.netty.handler.ssl.JdkSslContext - Default cipher suites (JDK): [TLS_ECDHE_ECDSA_WITH_AES_256_GCM_SHA384, TLS_ECDHE_ECDSA_WITH_AES_128_GCM_SHA256, TLS_ECDHE_RSA_WITH_AES_128_GCM_SHA256, TLS_ECDHE_RSA_WITH_AES_256_GCM_SHA384, TLS_ECDHE_RSA_WITH_AES_128_CBC_SHA, TLS_ECDHE_RSA_WITH_AES_256_CBC_SHA, TLS_RSA_WITH_AES_128_GCM_SHA256, TLS_RSA_WITH_AES_128_CBC_SHA, TLS_RSA_WITH_AES_256_CBC_SHA]
12:00:31.324 [main] DEBUG io.netty.channel.MultithreadEventLoopGroup - -Dio.netty.eventLoopThreads: 24
12:00:31.330 [main] DEBUG io.netty.channel.nio.NioEventLoop - -Dio.netty.noKeySetOptimization: false
12:00:31.330 [main] DEBUG io.netty.channel.nio.NioEventLoop - -Dio.netty.selectorAutoRebuildThreshold: 512
12:00:31.356 [main] DEBUG io.netty.buffer.PooledByteBufAllocator - -Dio.netty.allocator.numHeapArenas: 24
12:00:31.356 [main] DEBUG io.netty.buffer.PooledByteBufAllocator - -Dio.netty.allocator.numDirectArenas: 24
12:00:31.356 [main] DEBUG io.netty.buffer.PooledByteBufAllocator - -Dio.netty.allocator.pageSize: 8192
12:00:31.357 [main] DEBUG io.netty.buffer.PooledByteBufAllocator - -Dio.netty.allocator.maxOrder: 9
12:00:31.357 [main] DEBUG io.netty.buffer.PooledByteBufAllocator - -Dio.netty.allocator.chunkSize: 4194304
12:00:31.357 [main] DEBUG io.netty.buffer.PooledByteBufAllocator - -Dio.netty.allocator.smallCacheSize: 256
12:00:31.357 [main] DEBUG io.netty.buffer.PooledByteBufAllocator - -Dio.netty.allocator.normalCacheSize: 64
12:00:31.357 [main] DEBUG io.netty.buffer.PooledByteBufAllocator - -Dio.netty.allocator.maxCachedBufferCapacity: 32768
12:00:31.357 [main] DEBUG io.netty.buffer.PooledByteBufAllocator - -Dio.netty.allocator.cacheTrimInterval: 8192
12:00:31.357 [main] DEBUG io.netty.buffer.PooledByteBufAllocator - -Dio.netty.allocator.cacheTrimIntervalMillis: 0
12:00:31.357 [main] DEBUG io.netty.buffer.PooledByteBufAllocator - -Dio.netty.allocator.useCacheForAllThreads: false
12:00:31.357 [main] DEBUG io.netty.buffer.PooledByteBufAllocator - -Dio.netty.allocator.maxCachedByteBuffersPerChunk: 1023
12:00:31.363 [main] DEBUG io.netty.buffer.ByteBufUtil - -Dio.netty.allocator.type: pooled
12:00:31.364 [main] DEBUG io.netty.buffer.ByteBufUtil - -Dio.netty.threadLocalDirectBufferSize: 0
12:00:31.364 [main] DEBUG io.netty.buffer.ByteBufUtil - -Dio.netty.maxThreadLocalCharBufferSize: 16384
12:00:32.035 [Forwarding newSession on session null to remote] DEBUG io.netty.channel.DefaultChannelId - -Dio.netty.processId: 9392 (auto-detected)
12:00:32.037 [Forwarding newSession on session null to remote] DEBUG io.netty.util.NetUtil - -Djava.net.preferIPv4Stack: false
12:00:32.037 [Forwarding newSession on session null to remote] DEBUG io.netty.util.NetUtil - -Djava.net.preferIPv6Addresses: false
12:00:32.102 [Forwarding newSession on session null to remote] DEBUG io.netty.util.NetUtilInitializations - Loopback interface: lo (Software Loopback Interface 1, 127.0.0.1)
12:00:32.103 [Forwarding newSession on session null to remote] DEBUG io.netty.util.NetUtil - Failed to get SOMAXCONN from sysctl and file \proc\sys\net\core\somaxconn. Default: 200
12:00:32.172 [Forwarding newSession on session null to remote] DEBUG io.netty.channel.DefaultChannelId - -Dio.netty.machineId: b4:b0:24:ff:fe:7d:a4:8c (auto-detected)
12:00:32.207 [AsyncHttpClient-1-2] DEBUG io.netty.buffer.AbstractByteBuf - -Dio.netty.buffer.checkAccessible: true
12:00:32.207 [AsyncHttpClient-1-2] DEBUG io.netty.buffer.AbstractByteBuf - -Dio.netty.buffer.checkBounds: true
12:00:32.207 [AsyncHttpClient-1-2] DEBUG io.netty.util.ResourceLeakDetectorFactory - Loaded default ResourceLeakDetector: io.netty.util.ResourceLeakDetector@6573ccb0
12:00:32.215 [AsyncHttpClient-1-2] DEBUG org.asynchttpclient.netty.channel.NettyConnectListener - Using new Channel '[id: 0x620f1558, L:/127.0.0.1:54840 - R:localhost/127.0.0.1:56665]' for 'POST' to '/session'
12:00:32.228 [AsyncHttpClient-1-2] DEBUG io.netty.util.Recycler - -Dio.netty.recycler.maxCapacityPerThread: 4096
12:00:32.228 [AsyncHttpClient-1-2] DEBUG io.netty.util.Recycler - -Dio.netty.recycler.ratio: 8
12:00:32.228 [AsyncHttpClient-1-2] DEBUG io.netty.util.Recycler - -Dio.netty.recycler.chunkSize: 32
12:00:32.228 [AsyncHttpClient-1-2] DEBUG io.netty.util.Recycler - -Dio.netty.recycler.blocking: false
12:00:32.700 [AsyncHttpClient-1-2] DEBUG io.netty.handler.codec.compression.Brotli - brotli4j not in the classpath; Brotli support will be unavailable.
12:00:32.700 [AsyncHttpClient-1-2] DEBUG org.asynchttpclient.netty.handler.HttpHandler - 

Request DefaultHttpRequest(decodeResult: success, version: HTTP/1.1)
POST /session HTTP/1.1
User-Agent: selenium/4.4.0 (java windows)
Content-Length: 1175
Content-Type: application/json; charset=utf-8
host: localhost:56665
accept: */*

Response DefaultHttpResponse(decodeResult: success, version: HTTP/1.1)
HTTP/1.1 200 OK
Content-Type: application/json; charset=utf-8
cache-control: no-cache
content-length: 791

12:00:32.706 [AsyncHttpClient-1-2] DEBUG org.asynchttpclient.netty.channel.ChannelManager - Adding key: http://localhost:56665 for channel [id: 0x620f1558, L:/127.0.0.1:54840 - R:localhost/127.0.0.1:56665]
12:00:32.752 [AsyncHttpClient-1-3] DEBUG org.asynchttpclient.netty.channel.NettyConnectListener - Using new Channel '[id: 0xce232ded, L:/127.0.0.1:54846 - R:localhost/127.0.0.1:54841]' for 'GET' to '/json/version'
12:00:32.754 [AsyncHttpClient-1-3] DEBUG org.asynchttpclient.netty.handler.HttpHandler - 

Request DefaultFullHttpRequest(decodeResult: success, version: HTTP/1.1, content: EmptyByteBufBE)
GET /json/version HTTP/1.1
User-Agent: selenium/4.4.0 (java windows)
host: localhost:54841
accept: */*

Response DefaultHttpResponse(decodeResult: success, version: HTTP/1.1)
HTTP/1.1 200 OK
Content-Type: application/json; charset=UTF-8
content-length: 424

12:00:32.754 [AsyncHttpClient-1-3] DEBUG org.asynchttpclient.netty.channel.ChannelManager - Adding key: http://localhost:54841 for channel [id: 0xce232ded, L:/127.0.0.1:54846 - R:localhost/127.0.0.1:54841]
12:00:32.761 [main] DEBUG io.netty.util.internal.ThreadLocalRandom - -Dio.netty.initialSeedUniquifier: 0x61caa8e3a1a2aa93
12:00:32.764 [AsyncHttpClient-1-4] DEBUG org.asynchttpclient.netty.channel.NettyConnectListener - Using new Channel '[id: 0x88d71c53, L:/127.0.0.1:54847 - R:localhost/127.0.0.1:54841]' for 'GET' to '/devtools/browser/42aa653e-fbcb-4bcb-96d2-f91680d06771'
12:00:32.766 [AsyncHttpClient-1-4] DEBUG org.asynchttpclient.netty.handler.WebSocketHandler - 

Request DefaultFullHttpRequest(decodeResult: success, version: HTTP/1.1, content: EmptyByteBufBE)
GET /devtools/browser/42aa653e-fbcb-4bcb-96d2-f91680d06771 HTTP/1.1
upgrade: websocket
connection: upgrade
sec-websocket-key: Q17Vca7S3JWnj2xegORebw==
sec-websocket-version: 13
origin: http://localhost:54841
host: localhost:54841
accept: */*
user-agent: AHC/2.1

Response DefaultHttpResponse(decodeResult: success, version: HTTP/1.1)
HTTP/1.1 101 WebSocket Protocol Handshake
Upgrade: WebSocket
Connection: Upgrade
Sec-WebSocket-Accept: RCcz7gxxBmNkEEIBELyuAjiLfjc=

12:00:32.837 [main] DEBUG net.thucydides.core.reflection.ClassFinder - Could not load class .inicio.CucumberTestSuite
12:00:32.837 [main] DEBUG net.thucydides.core.reflection.ClassFinder - Could not load class .inicio.navegacion.CambiarPestania
12:00:32.838 [main] DEBUG net.thucydides.core.reflection.ClassFinder - Could not load class .inicio.navegacion.ReniecPerformable
12:00:32.838 [main] DEBUG net.thucydides.core.reflection.ClassFinder - Could not load class .inicio.navegacion.ReniecURL
12:00:32.838 [main] DEBUG net.thucydides.core.reflection.ClassFinder - Could not load class .inicio.question.ReniecBy
12:00:32.838 [main] DEBUG net.thucydides.core.reflection.ClassFinder - Could not load class .inicio.question.ReniecTitulo
12:00:32.838 [main] DEBUG net.thucydides.core.reflection.ClassFinder - Could not load class .inicio.stepdefinitions.ReniecStepDefinitions
12:00:32.844 [Forwarding get on session 7d7ecb7f0c3f35b6fe1fd1ef80a5860c to remote] DEBUG org.asynchttpclient.netty.request.NettyRequestSender - Using pooled Channel '[id: 0x620f1558, L:/127.0.0.1:54840 - R:localhost/127.0.0.1:56665]' for 'POST' to 'http://localhost:56665/session/7d7ecb7f0c3f35b6fe1fd1ef80a5860c/url'
12:00:32.844 [Forwarding get on session 7d7ecb7f0c3f35b6fe1fd1ef80a5860c to remote] DEBUG org.asynchttpclient.netty.request.NettyRequestSender - Using open Channel [id: 0x620f1558, L:/127.0.0.1:54840 - R:localhost/127.0.0.1:56665] for POST '/session/7d7ecb7f0c3f35b6fe1fd1ef80a5860c/url'
12:00:33.490 [AsyncHttpClient-1-1] DEBUG org.asynchttpclient.netty.channel.DefaultChannelPool - Entry count for : http://localhost:54841 : 1
12:00:34.583 [AsyncHttpClient-1-1] DEBUG org.asynchttpclient.netty.channel.DefaultChannelPool - Entry count for : http://localhost:54841 : 1
12:00:35.683 [AsyncHttpClient-1-1] DEBUG org.asynchttpclient.netty.channel.DefaultChannelPool - Entry count for : http://localhost:54841 : 1
12:00:36.590 [AsyncHttpClient-1-2] DEBUG org.asynchttpclient.netty.handler.HttpHandler - 

Request DefaultHttpRequest(decodeResult: success, version: HTTP/1.1)
POST /session/7d7ecb7f0c3f35b6fe1fd1ef80a5860c/url HTTP/1.1
User-Agent: selenium/4.4.0 (java windows)
Content-Length: 89
Content-Type: application/json; charset=utf-8
host: localhost:56665
accept: */*

Response DefaultHttpResponse(decodeResult: success, version: HTTP/1.1)
HTTP/1.1 200 OK
Content-Type: application/json; charset=utf-8
cache-control: no-cache
content-length: 14

12:00:36.590 [AsyncHttpClient-1-2] DEBUG org.asynchttpclient.netty.channel.ChannelManager - Adding key: http://localhost:56665 for channel [id: 0x620f1558, L:/127.0.0.1:54840 - R:localhost/127.0.0.1:56665]
12:00:36.594 [Forwarding setTimeout on session 7d7ecb7f0c3f35b6fe1fd1ef80a5860c to remote] DEBUG org.asynchttpclient.netty.request.NettyRequestSender - Using pooled Channel '[id: 0x620f1558, L:/127.0.0.1:54840 - R:localhost/127.0.0.1:56665]' for 'POST' to 'http://localhost:56665/session/7d7ecb7f0c3f35b6fe1fd1ef80a5860c/timeouts'
12:00:36.594 [Forwarding setTimeout on session 7d7ecb7f0c3f35b6fe1fd1ef80a5860c to remote] DEBUG org.asynchttpclient.netty.request.NettyRequestSender - Using open Channel [id: 0x620f1558, L:/127.0.0.1:54840 - R:localhost/127.0.0.1:56665] for POST '/session/7d7ecb7f0c3f35b6fe1fd1ef80a5860c/timeouts'
12:00:36.595 [AsyncHttpClient-1-2] DEBUG org.asynchttpclient.netty.handler.HttpHandler - 

Request DefaultHttpRequest(decodeResult: success, version: HTTP/1.1)
POST /session/7d7ecb7f0c3f35b6fe1fd1ef80a5860c/timeouts HTTP/1.1
User-Agent: selenium/4.4.0 (java windows)
Content-Length: 22
Content-Type: application/json; charset=utf-8
host: localhost:56665
accept: */*

Response DefaultHttpResponse(decodeResult: success, version: HTTP/1.1)
HTTP/1.1 200 OK
Content-Type: application/json; charset=utf-8
cache-control: no-cache
content-length: 14

12:00:36.595 [AsyncHttpClient-1-2] DEBUG org.asynchttpclient.netty.channel.ChannelManager - Adding key: http://localhost:56665 for channel [id: 0x620f1558, L:/127.0.0.1:54840 - R:localhost/127.0.0.1:56665]
12:00:36.599 [Forwarding getCurrentUrl on session 7d7ecb7f0c3f35b6fe1fd1ef80a5860c to remote] DEBUG org.asynchttpclient.netty.request.NettyRequestSender - Using pooled Channel '[id: 0x620f1558, L:/127.0.0.1:54840 - R:localhost/127.0.0.1:56665]' for 'GET' to 'http://localhost:56665/session/7d7ecb7f0c3f35b6fe1fd1ef80a5860c/url'
12:00:36.599 [Forwarding getCurrentUrl on session 7d7ecb7f0c3f35b6fe1fd1ef80a5860c to remote] DEBUG org.asynchttpclient.netty.request.NettyRequestSender - Using open Channel [id: 0x620f1558, L:/127.0.0.1:54840 - R:localhost/127.0.0.1:56665] for GET '/session/7d7ecb7f0c3f35b6fe1fd1ef80a5860c/url'
12:00:36.602 [AsyncHttpClient-1-2] DEBUG org.asynchttpclient.netty.handler.HttpHandler - 

Request DefaultFullHttpRequest(decodeResult: success, version: HTTP/1.1, content: EmptyByteBufBE)
GET /session/7d7ecb7f0c3f35b6fe1fd1ef80a5860c/url HTTP/1.1
User-Agent: selenium/4.4.0 (java windows)
Cache-Control: no-cache
Content-Type: application/json; charset=utf-8
host: localhost:56665
accept: */*

Response DefaultHttpResponse(decodeResult: success, version: HTTP/1.1)
HTTP/1.1 200 OK
Content-Type: application/json; charset=utf-8
cache-control: no-cache
content-length: 66

12:00:36.602 [AsyncHttpClient-1-2] DEBUG org.asynchttpclient.netty.channel.ChannelManager - Adding key: http://localhost:56665 for channel [id: 0x620f1558, L:/127.0.0.1:54840 - R:localhost/127.0.0.1:56665]
12:00:36.605 [Forwarding getCurrentUrl on session 7d7ecb7f0c3f35b6fe1fd1ef80a5860c to remote] DEBUG org.asynchttpclient.netty.request.NettyRequestSender - Using pooled Channel '[id: 0x620f1558, L:/127.0.0.1:54840 - R:localhost/127.0.0.1:56665]' for 'GET' to 'http://localhost:56665/session/7d7ecb7f0c3f35b6fe1fd1ef80a5860c/url'
12:00:36.605 [Forwarding getCurrentUrl on session 7d7ecb7f0c3f35b6fe1fd1ef80a5860c to remote] DEBUG org.asynchttpclient.netty.request.NettyRequestSender - Using open Channel [id: 0x620f1558, L:/127.0.0.1:54840 - R:localhost/127.0.0.1:56665] for GET '/session/7d7ecb7f0c3f35b6fe1fd1ef80a5860c/url'
12:00:36.607 [AsyncHttpClient-1-2] DEBUG org.asynchttpclient.netty.handler.HttpHandler - 

Request DefaultFullHttpRequest(decodeResult: success, version: HTTP/1.1, content: EmptyByteBufBE)
GET /session/7d7ecb7f0c3f35b6fe1fd1ef80a5860c/url HTTP/1.1
User-Agent: selenium/4.4.0 (java windows)
Cache-Control: no-cache
Content-Type: application/json; charset=utf-8
host: localhost:56665
accept: */*

Response DefaultHttpResponse(decodeResult: success, version: HTTP/1.1)
HTTP/1.1 200 OK
Content-Type: application/json; charset=utf-8
cache-control: no-cache
content-length: 66

12:00:36.607 [AsyncHttpClient-1-2] DEBUG org.asynchttpclient.netty.channel.ChannelManager - Adding key: http://localhost:56665 for channel [id: 0x620f1558, L:/127.0.0.1:54840 - R:localhost/127.0.0.1:56665]
12:00:36.621 [main] DEBUG net.serenitybdd.core.photography.Darkroom - Opening darkroom
12:00:36.622 [Darkroom Processing Line] DEBUG net.serenitybdd.core.photography.DarkroomProcessingLine - Darkroom processing line starting up
12:00:36.624 [Forwarding getCurrentWindowHandle on session 7d7ecb7f0c3f35b6fe1fd1ef80a5860c to remote] DEBUG org.asynchttpclient.netty.request.NettyRequestSender - Using pooled Channel '[id: 0x620f1558, L:/127.0.0.1:54840 - R:localhost/127.0.0.1:56665]' for 'GET' to 'http://localhost:56665/session/7d7ecb7f0c3f35b6fe1fd1ef80a5860c/window'
12:00:36.624 [Forwarding getCurrentWindowHandle on session 7d7ecb7f0c3f35b6fe1fd1ef80a5860c to remote] DEBUG org.asynchttpclient.netty.request.NettyRequestSender - Using open Channel [id: 0x620f1558, L:/127.0.0.1:54840 - R:localhost/127.0.0.1:56665] for GET '/session/7d7ecb7f0c3f35b6fe1fd1ef80a5860c/window'
12:00:36.625 [AsyncHttpClient-1-2] DEBUG org.asynchttpclient.netty.handler.HttpHandler - 

Request DefaultFullHttpRequest(decodeResult: success, version: HTTP/1.1, content: EmptyByteBufBE)
GET /session/7d7ecb7f0c3f35b6fe1fd1ef80a5860c/window HTTP/1.1
User-Agent: selenium/4.4.0 (java windows)
Cache-Control: no-cache
Content-Type: application/json; charset=utf-8
host: localhost:56665
accept: */*

Response DefaultHttpResponse(decodeResult: success, version: HTTP/1.1)
HTTP/1.1 200 OK
Content-Type: application/json; charset=utf-8
cache-control: no-cache
content-length: 53

12:00:36.625 [AsyncHttpClient-1-2] DEBUG org.asynchttpclient.netty.channel.ChannelManager - Adding key: http://localhost:56665 for channel [id: 0x620f1558, L:/127.0.0.1:54840 - R:localhost/127.0.0.1:56665]
12:00:36.626 [Forwarding getAlertText on session 7d7ecb7f0c3f35b6fe1fd1ef80a5860c to remote] DEBUG org.asynchttpclient.netty.request.NettyRequestSender - Using pooled Channel '[id: 0x620f1558, L:/127.0.0.1:54840 - R:localhost/127.0.0.1:56665]' for 'GET' to 'http://localhost:56665/session/7d7ecb7f0c3f35b6fe1fd1ef80a5860c/alert/text'
12:00:36.626 [Forwarding getAlertText on session 7d7ecb7f0c3f35b6fe1fd1ef80a5860c to remote] DEBUG org.asynchttpclient.netty.request.NettyRequestSender - Using open Channel [id: 0x620f1558, L:/127.0.0.1:54840 - R:localhost/127.0.0.1:56665] for GET '/session/7d7ecb7f0c3f35b6fe1fd1ef80a5860c/alert/text'
12:00:36.627 [AsyncHttpClient-1-2] DEBUG org.asynchttpclient.netty.handler.HttpHandler - 

Request DefaultFullHttpRequest(decodeResult: success, version: HTTP/1.1, content: EmptyByteBufBE)
GET /session/7d7ecb7f0c3f35b6fe1fd1ef80a5860c/alert/text HTTP/1.1
User-Agent: selenium/4.4.0 (java windows)
Cache-Control: no-cache
Content-Type: application/json; charset=utf-8
host: localhost:56665
accept: */*

Response DefaultHttpResponse(decodeResult: success, version: HTTP/1.1)
HTTP/1.1 404 Not Found
Content-Type: application/json; charset=utf-8
cache-control: no-cache
content-length: 835

12:00:36.628 [AsyncHttpClient-1-2] DEBUG org.asynchttpclient.netty.channel.ChannelManager - Adding key: http://localhost:56665 for channel [id: 0x620f1558, L:/127.0.0.1:54840 - R:localhost/127.0.0.1:56665]
12:00:36.633 [Forwarding switchToWindow on session 7d7ecb7f0c3f35b6fe1fd1ef80a5860c to remote] DEBUG org.asynchttpclient.netty.request.NettyRequestSender - Using pooled Channel '[id: 0x620f1558, L:/127.0.0.1:54840 - R:localhost/127.0.0.1:56665]' for 'POST' to 'http://localhost:56665/session/7d7ecb7f0c3f35b6fe1fd1ef80a5860c/window'
12:00:36.633 [Forwarding switchToWindow on session 7d7ecb7f0c3f35b6fe1fd1ef80a5860c to remote] DEBUG org.asynchttpclient.netty.request.NettyRequestSender - Using open Channel [id: 0x620f1558, L:/127.0.0.1:54840 - R:localhost/127.0.0.1:56665] for POST '/session/7d7ecb7f0c3f35b6fe1fd1ef80a5860c/window'
12:00:36.635 [AsyncHttpClient-1-2] DEBUG org.asynchttpclient.netty.handler.HttpHandler - 

Request DefaultHttpRequest(decodeResult: success, version: HTTP/1.1)
POST /session/7d7ecb7f0c3f35b6fe1fd1ef80a5860c/window HTTP/1.1
User-Agent: selenium/4.4.0 (java windows)
Content-Length: 59
Content-Type: application/json; charset=utf-8
host: localhost:56665
accept: */*

Response DefaultHttpResponse(decodeResult: success, version: HTTP/1.1)
HTTP/1.1 200 OK
Content-Type: application/json; charset=utf-8
cache-control: no-cache
content-length: 14

12:00:36.635 [AsyncHttpClient-1-2] DEBUG org.asynchttpclient.netty.channel.ChannelManager - Adding key: http://localhost:56665 for channel [id: 0x620f1558, L:/127.0.0.1:54840 - R:localhost/127.0.0.1:56665]
12:00:36.636 [Forwarding getCurrentUrl on session 7d7ecb7f0c3f35b6fe1fd1ef80a5860c to remote] DEBUG org.asynchttpclient.netty.request.NettyRequestSender - Using pooled Channel '[id: 0x620f1558, L:/127.0.0.1:54840 - R:localhost/127.0.0.1:56665]' for 'GET' to 'http://localhost:56665/session/7d7ecb7f0c3f35b6fe1fd1ef80a5860c/url'
12:00:36.636 [Forwarding getCurrentUrl on session 7d7ecb7f0c3f35b6fe1fd1ef80a5860c to remote] DEBUG org.asynchttpclient.netty.request.NettyRequestSender - Using open Channel [id: 0x620f1558, L:/127.0.0.1:54840 - R:localhost/127.0.0.1:56665] for GET '/session/7d7ecb7f0c3f35b6fe1fd1ef80a5860c/url'
12:00:36.638 [AsyncHttpClient-1-2] DEBUG org.asynchttpclient.netty.handler.HttpHandler - 

Request DefaultFullHttpRequest(decodeResult: success, version: HTTP/1.1, content: EmptyByteBufBE)
GET /session/7d7ecb7f0c3f35b6fe1fd1ef80a5860c/url HTTP/1.1
User-Agent: selenium/4.4.0 (java windows)
Cache-Control: no-cache
Content-Type: application/json; charset=utf-8
host: localhost:56665
accept: */*

Response DefaultHttpResponse(decodeResult: success, version: HTTP/1.1)
HTTP/1.1 200 OK
Content-Type: application/json; charset=utf-8
cache-control: no-cache
content-length: 66

12:00:36.638 [AsyncHttpClient-1-2] DEBUG org.asynchttpclient.netty.channel.ChannelManager - Adding key: http://localhost:56665 for channel [id: 0x620f1558, L:/127.0.0.1:54840 - R:localhost/127.0.0.1:56665]
12:00:36.640 [Forwarding screenshot on session 7d7ecb7f0c3f35b6fe1fd1ef80a5860c to remote] DEBUG org.asynchttpclient.netty.request.NettyRequestSender - Using pooled Channel '[id: 0x620f1558, L:/127.0.0.1:54840 - R:localhost/127.0.0.1:56665]' for 'GET' to 'http://localhost:56665/session/7d7ecb7f0c3f35b6fe1fd1ef80a5860c/screenshot'
12:00:36.640 [Forwarding screenshot on session 7d7ecb7f0c3f35b6fe1fd1ef80a5860c to remote] DEBUG org.asynchttpclient.netty.request.NettyRequestSender - Using open Channel [id: 0x620f1558, L:/127.0.0.1:54840 - R:localhost/127.0.0.1:56665] for GET '/session/7d7ecb7f0c3f35b6fe1fd1ef80a5860c/screenshot'
12:00:36.760 [AsyncHttpClient-1-2] DEBUG org.asynchttpclient.netty.handler.HttpHandler - 

Request DefaultFullHttpRequest(decodeResult: success, version: HTTP/1.1, content: EmptyByteBufBE)
GET /session/7d7ecb7f0c3f35b6fe1fd1ef80a5860c/screenshot HTTP/1.1
User-Agent: selenium/4.4.0 (java windows)
Cache-Control: no-cache
Content-Type: application/json; charset=utf-8
host: localhost:56665
accept: */*

Response DefaultHttpResponse(decodeResult: success, version: HTTP/1.1)
HTTP/1.1 200 OK
Content-Type: application/json; charset=utf-8
cache-control: no-cache
content-length: 343128

12:00:36.762 [AsyncHttpClient-1-2] DEBUG org.asynchttpclient.netty.channel.ChannelManager - Adding key: http://localhost:56665 for channel [id: 0x620f1558, L:/127.0.0.1:54840 - R:localhost/127.0.0.1:56665]
12:00:36.788 [AsyncHttpClient-1-1] DEBUG org.asynchttpclient.netty.channel.DefaultChannelPool - Entry count for : http://localhost:56665 : 1
12:00:36.788 [AsyncHttpClient-1-1] DEBUG org.asynchttpclient.netty.channel.DefaultChannelPool - Entry count for : http://localhost:54841 : 1
12:00:36.829 [main] DEBUG net.serenitybdd.core.photography.Darkroom - Send negative for processing for target\site\serenity\04f458751a0d8c1132b1273c51d731c9157f7e4466516a76732661f00e6db00c.png
12:00:36.830 [Darkroom Processing Line] DEBUG net.serenitybdd.core.photography.DarkroomProcessingLine - Processing screenshot image in /var/screenshots/screenshot-3192217266134232940
12:00:36.830 [Darkroom Processing Line] DEBUG net.serenitybdd.core.photography.DarkroomProcessingLine - Saving screenshot to target\site\serenity\04f458751a0d8c1132b1273c51d731c9157f7e4466516a76732661f00e6db00c.png
12:00:36.832 [main] DEBUG net.thucydides.core.steps.StepInterceptor - STEP DONE: {0} opens the #targetPageName
12:00:36.837 [main] DEBUG net.thucydides.core.steps.StepInterceptor - STEP DONE: !#title
12:00:36.843 [Forwarding getPageSource on session 7d7ecb7f0c3f35b6fe1fd1ef80a5860c to remote] DEBUG org.asynchttpclient.netty.request.NettyRequestSender - Using pooled Channel '[id: 0x620f1558, L:/127.0.0.1:54840 - R:localhost/127.0.0.1:56665]' for 'POST' to 'http://localhost:56665/session/7d7ecb7f0c3f35b6fe1fd1ef80a5860c/execute/sync'
12:00:36.843 [Forwarding getPageSource on session 7d7ecb7f0c3f35b6fe1fd1ef80a5860c to remote] DEBUG org.asynchttpclient.netty.request.NettyRequestSender - Using open Channel [id: 0x620f1558, L:/127.0.0.1:54840 - R:localhost/127.0.0.1:56665] for POST '/session/7d7ecb7f0c3f35b6fe1fd1ef80a5860c/execute/sync'
12:00:36.850 [AsyncHttpClient-1-2] DEBUG org.asynchttpclient.netty.handler.HttpHandler - 

Request DefaultHttpRequest(decodeResult: success, version: HTTP/1.1)
POST /session/7d7ecb7f0c3f35b6fe1fd1ef80a5860c/execute/sync HTTP/1.1
User-Agent: selenium/4.4.0 (java windows)
Content-Length: 176
Content-Type: application/json; charset=utf-8
host: localhost:56665
accept: */*

Response DefaultHttpResponse(decodeResult: success, version: HTTP/1.1)
HTTP/1.1 200 OK
Content-Type: application/json; charset=utf-8
cache-control: no-cache
content-length: 69968

12:00:36.850 [AsyncHttpClient-1-2] DEBUG org.asynchttpclient.netty.channel.ChannelManager - Adding key: http://localhost:56665 for channel [id: 0x620f1558, L:/127.0.0.1:54840 - R:localhost/127.0.0.1:56665]
12:00:36.927 [Forwarding getCurrentUrl on session 7d7ecb7f0c3f35b6fe1fd1ef80a5860c to remote] DEBUG org.asynchttpclient.netty.request.NettyRequestSender - Using pooled Channel '[id: 0x620f1558, L:/127.0.0.1:54840 - R:localhost/127.0.0.1:56665]' for 'GET' to 'http://localhost:56665/session/7d7ecb7f0c3f35b6fe1fd1ef80a5860c/url'
12:00:36.927 [Forwarding getCurrentUrl on session 7d7ecb7f0c3f35b6fe1fd1ef80a5860c to remote] DEBUG org.asynchttpclient.netty.request.NettyRequestSender - Using open Channel [id: 0x620f1558, L:/127.0.0.1:54840 - R:localhost/127.0.0.1:56665] for GET '/session/7d7ecb7f0c3f35b6fe1fd1ef80a5860c/url'
12:00:36.931 [AsyncHttpClient-1-2] DEBUG org.asynchttpclient.netty.handler.HttpHandler - 

Request DefaultFullHttpRequest(decodeResult: success, version: HTTP/1.1, content: EmptyByteBufBE)
GET /session/7d7ecb7f0c3f35b6fe1fd1ef80a5860c/url HTTP/1.1
User-Agent: selenium/4.4.0 (java windows)
Cache-Control: no-cache
Content-Type: application/json; charset=utf-8
host: localhost:56665
accept: */*

Response DefaultHttpResponse(decodeResult: success, version: HTTP/1.1)
HTTP/1.1 200 OK
Content-Type: application/json; charset=utf-8
cache-control: no-cache
content-length: 66

12:00:36.931 [AsyncHttpClient-1-2] DEBUG org.asynchttpclient.netty.channel.ChannelManager - Adding key: http://localhost:56665 for channel [id: 0x620f1558, L:/127.0.0.1:54840 - R:localhost/127.0.0.1:56665]
12:00:36.961 [Forwarding getCurrentWindowHandle on session 7d7ecb7f0c3f35b6fe1fd1ef80a5860c to remote] DEBUG org.asynchttpclient.netty.request.NettyRequestSender - Using pooled Channel '[id: 0x620f1558, L:/127.0.0.1:54840 - R:localhost/127.0.0.1:56665]' for 'GET' to 'http://localhost:56665/session/7d7ecb7f0c3f35b6fe1fd1ef80a5860c/window'
12:00:36.961 [Forwarding getCurrentWindowHandle on session 7d7ecb7f0c3f35b6fe1fd1ef80a5860c to remote] DEBUG org.asynchttpclient.netty.request.NettyRequestSender - Using open Channel [id: 0x620f1558, L:/127.0.0.1:54840 - R:localhost/127.0.0.1:56665] for GET '/session/7d7ecb7f0c3f35b6fe1fd1ef80a5860c/window'
12:00:36.962 [AsyncHttpClient-1-2] DEBUG org.asynchttpclient.netty.handler.HttpHandler - 

Request DefaultFullHttpRequest(decodeResult: success, version: HTTP/1.1, content: EmptyByteBufBE)
GET /session/7d7ecb7f0c3f35b6fe1fd1ef80a5860c/window HTTP/1.1
User-Agent: selenium/4.4.0 (java windows)
Cache-Control: no-cache
Content-Type: application/json; charset=utf-8
host: localhost:56665
accept: */*

Response DefaultHttpResponse(decodeResult: success, version: HTTP/1.1)
HTTP/1.1 200 OK
Content-Type: application/json; charset=utf-8
cache-control: no-cache
content-length: 53

12:00:36.962 [AsyncHttpClient-1-2] DEBUG org.asynchttpclient.netty.channel.ChannelManager - Adding key: http://localhost:56665 for channel [id: 0x620f1558, L:/127.0.0.1:54840 - R:localhost/127.0.0.1:56665]
12:00:36.963 [Forwarding getAlertText on session 7d7ecb7f0c3f35b6fe1fd1ef80a5860c to remote] DEBUG org.asynchttpclient.netty.request.NettyRequestSender - Using pooled Channel '[id: 0x620f1558, L:/127.0.0.1:54840 - R:localhost/127.0.0.1:56665]' for 'GET' to 'http://localhost:56665/session/7d7ecb7f0c3f35b6fe1fd1ef80a5860c/alert/text'
12:00:36.964 [Forwarding getAlertText on session 7d7ecb7f0c3f35b6fe1fd1ef80a5860c to remote] DEBUG org.asynchttpclient.netty.request.NettyRequestSender - Using open Channel [id: 0x620f1558, L:/127.0.0.1:54840 - R:localhost/127.0.0.1:56665] for GET '/session/7d7ecb7f0c3f35b6fe1fd1ef80a5860c/alert/text'
12:00:36.965 [AsyncHttpClient-1-2] DEBUG org.asynchttpclient.netty.handler.HttpHandler - 

Request DefaultFullHttpRequest(decodeResult: success, version: HTTP/1.1, content: EmptyByteBufBE)
GET /session/7d7ecb7f0c3f35b6fe1fd1ef80a5860c/alert/text HTTP/1.1
User-Agent: selenium/4.4.0 (java windows)
Cache-Control: no-cache
Content-Type: application/json; charset=utf-8
host: localhost:56665
accept: */*

Response DefaultHttpResponse(decodeResult: success, version: HTTP/1.1)
HTTP/1.1 404 Not Found
Content-Type: application/json; charset=utf-8
cache-control: no-cache
content-length: 835

12:00:36.965 [AsyncHttpClient-1-2] DEBUG org.asynchttpclient.netty.channel.ChannelManager - Adding key: http://localhost:56665 for channel [id: 0x620f1558, L:/127.0.0.1:54840 - R:localhost/127.0.0.1:56665]
12:00:36.967 [Forwarding switchToWindow on session 7d7ecb7f0c3f35b6fe1fd1ef80a5860c to remote] DEBUG org.asynchttpclient.netty.request.NettyRequestSender - Using pooled Channel '[id: 0x620f1558, L:/127.0.0.1:54840 - R:localhost/127.0.0.1:56665]' for 'POST' to 'http://localhost:56665/session/7d7ecb7f0c3f35b6fe1fd1ef80a5860c/window'
12:00:36.967 [Forwarding switchToWindow on session 7d7ecb7f0c3f35b6fe1fd1ef80a5860c to remote] DEBUG org.asynchttpclient.netty.request.NettyRequestSender - Using open Channel [id: 0x620f1558, L:/127.0.0.1:54840 - R:localhost/127.0.0.1:56665] for POST '/session/7d7ecb7f0c3f35b6fe1fd1ef80a5860c/window'
12:00:36.969 [AsyncHttpClient-1-2] DEBUG org.asynchttpclient.netty.handler.HttpHandler - 

Request DefaultHttpRequest(decodeResult: success, version: HTTP/1.1)
POST /session/7d7ecb7f0c3f35b6fe1fd1ef80a5860c/window HTTP/1.1
User-Agent: selenium/4.4.0 (java windows)
Content-Length: 59
Content-Type: application/json; charset=utf-8
host: localhost:56665
accept: */*

Response DefaultHttpResponse(decodeResult: success, version: HTTP/1.1)
HTTP/1.1 200 OK
Content-Type: application/json; charset=utf-8
cache-control: no-cache
content-length: 14

12:00:36.969 [AsyncHttpClient-1-2] DEBUG org.asynchttpclient.netty.channel.ChannelManager - Adding key: http://localhost:56665 for channel [id: 0x620f1558, L:/127.0.0.1:54840 - R:localhost/127.0.0.1:56665]
12:00:36.969 [Forwarding getCurrentUrl on session 7d7ecb7f0c3f35b6fe1fd1ef80a5860c to remote] DEBUG org.asynchttpclient.netty.request.NettyRequestSender - Using pooled Channel '[id: 0x620f1558, L:/127.0.0.1:54840 - R:localhost/127.0.0.1:56665]' for 'GET' to 'http://localhost:56665/session/7d7ecb7f0c3f35b6fe1fd1ef80a5860c/url'
12:00:36.969 [Forwarding getCurrentUrl on session 7d7ecb7f0c3f35b6fe1fd1ef80a5860c to remote] DEBUG org.asynchttpclient.netty.request.NettyRequestSender - Using open Channel [id: 0x620f1558, L:/127.0.0.1:54840 - R:localhost/127.0.0.1:56665] for GET '/session/7d7ecb7f0c3f35b6fe1fd1ef80a5860c/url'
12:00:36.972 [AsyncHttpClient-1-2] DEBUG org.asynchttpclient.netty.handler.HttpHandler - 

Request DefaultFullHttpRequest(decodeResult: success, version: HTTP/1.1, content: EmptyByteBufBE)
GET /session/7d7ecb7f0c3f35b6fe1fd1ef80a5860c/url HTTP/1.1
User-Agent: selenium/4.4.0 (java windows)
Cache-Control: no-cache
Content-Type: application/json; charset=utf-8
host: localhost:56665
accept: */*

Response DefaultHttpResponse(decodeResult: success, version: HTTP/1.1)
HTTP/1.1 200 OK
Content-Type: application/json; charset=utf-8
cache-control: no-cache
content-length: 66

12:00:36.972 [AsyncHttpClient-1-2] DEBUG org.asynchttpclient.netty.channel.ChannelManager - Adding key: http://localhost:56665 for channel [id: 0x620f1558, L:/127.0.0.1:54840 - R:localhost/127.0.0.1:56665]
12:00:36.972 [Forwarding screenshot on session 7d7ecb7f0c3f35b6fe1fd1ef80a5860c to remote] DEBUG org.asynchttpclient.netty.request.NettyRequestSender - Using pooled Channel '[id: 0x620f1558, L:/127.0.0.1:54840 - R:localhost/127.0.0.1:56665]' for 'GET' to 'http://localhost:56665/session/7d7ecb7f0c3f35b6fe1fd1ef80a5860c/screenshot'
12:00:36.972 [Forwarding screenshot on session 7d7ecb7f0c3f35b6fe1fd1ef80a5860c to remote] DEBUG org.asynchttpclient.netty.request.NettyRequestSender - Using open Channel [id: 0x620f1558, L:/127.0.0.1:54840 - R:localhost/127.0.0.1:56665] for GET '/session/7d7ecb7f0c3f35b6fe1fd1ef80a5860c/screenshot'
12:00:37.097 [AsyncHttpClient-1-2] DEBUG org.asynchttpclient.netty.handler.HttpHandler - 

Request DefaultFullHttpRequest(decodeResult: success, version: HTTP/1.1, content: EmptyByteBufBE)
GET /session/7d7ecb7f0c3f35b6fe1fd1ef80a5860c/screenshot HTTP/1.1
User-Agent: selenium/4.4.0 (java windows)
Cache-Control: no-cache
Content-Type: application/json; charset=utf-8
host: localhost:56665
accept: */*

Response DefaultHttpResponse(decodeResult: success, version: HTTP/1.1)
HTTP/1.1 200 OK
Content-Type: application/json; charset=utf-8
cache-control: no-cache
content-length: 388776

12:00:37.099 [AsyncHttpClient-1-2] DEBUG org.asynchttpclient.netty.channel.ChannelManager - Adding key: http://localhost:56665 for channel [id: 0x620f1558, L:/127.0.0.1:54840 - R:localhost/127.0.0.1:56665]
12:00:37.108 [main] DEBUG net.serenitybdd.core.photography.Darkroom - Send negative for processing for target\site\serenity\e974986a2a651cc6ed4f53dca19c66e610d09e8c95dbcdc07485ded1e56bc627.png
12:00:37.108 [Darkroom Processing Line] DEBUG net.serenitybdd.core.photography.DarkroomProcessingLine - Processing screenshot image in /var/screenshots/screenshot-8425065177067965622
12:00:37.108 [Darkroom Processing Line] DEBUG net.serenitybdd.core.photography.DarkroomProcessingLine - Saving screenshot to target\site\serenity\e974986a2a651cc6ed4f53dca19c66e610d09e8c95dbcdc07485ded1e56bc627.png
12:00:37.121 [Forwarding getPageSource on session 7d7ecb7f0c3f35b6fe1fd1ef80a5860c to remote] DEBUG org.asynchttpclient.netty.request.NettyRequestSender - Using pooled Channel '[id: 0x620f1558, L:/127.0.0.1:54840 - R:localhost/127.0.0.1:56665]' for 'POST' to 'http://localhost:56665/session/7d7ecb7f0c3f35b6fe1fd1ef80a5860c/execute/sync'
12:00:37.121 [Forwarding getPageSource on session 7d7ecb7f0c3f35b6fe1fd1ef80a5860c to remote] DEBUG org.asynchttpclient.netty.request.NettyRequestSender - Using open Channel [id: 0x620f1558, L:/127.0.0.1:54840 - R:localhost/127.0.0.1:56665] for POST '/session/7d7ecb7f0c3f35b6fe1fd1ef80a5860c/execute/sync'
12:00:37.127 [AsyncHttpClient-1-2] DEBUG org.asynchttpclient.netty.handler.HttpHandler - 

Request DefaultHttpRequest(decodeResult: success, version: HTTP/1.1)
POST /session/7d7ecb7f0c3f35b6fe1fd1ef80a5860c/execute/sync HTTP/1.1
User-Agent: selenium/4.4.0 (java windows)
Content-Length: 176
Content-Type: application/json; charset=utf-8
host: localhost:56665
accept: */*

Response DefaultHttpResponse(decodeResult: success, version: HTTP/1.1)
HTTP/1.1 200 OK
Content-Type: application/json; charset=utf-8
cache-control: no-cache
content-length: 69968

12:00:37.127 [AsyncHttpClient-1-2] DEBUG org.asynchttpclient.netty.channel.ChannelManager - Adding key: http://localhost:56665 for channel [id: 0x620f1558, L:/127.0.0.1:54840 - R:localhost/127.0.0.1:56665]
12:00:37.138 [Forwarding getCurrentUrl on session 7d7ecb7f0c3f35b6fe1fd1ef80a5860c to remote] DEBUG org.asynchttpclient.netty.request.NettyRequestSender - Using pooled Channel '[id: 0x620f1558, L:/127.0.0.1:54840 - R:localhost/127.0.0.1:56665]' for 'GET' to 'http://localhost:56665/session/7d7ecb7f0c3f35b6fe1fd1ef80a5860c/url'
12:00:37.138 [Forwarding getCurrentUrl on session 7d7ecb7f0c3f35b6fe1fd1ef80a5860c to remote] DEBUG org.asynchttpclient.netty.request.NettyRequestSender - Using open Channel [id: 0x620f1558, L:/127.0.0.1:54840 - R:localhost/127.0.0.1:56665] for GET '/session/7d7ecb7f0c3f35b6fe1fd1ef80a5860c/url'
12:00:37.142 [AsyncHttpClient-1-2] DEBUG org.asynchttpclient.netty.handler.HttpHandler - 

Request DefaultFullHttpRequest(decodeResult: success, version: HTTP/1.1, content: EmptyByteBufBE)
GET /session/7d7ecb7f0c3f35b6fe1fd1ef80a5860c/url HTTP/1.1
User-Agent: selenium/4.4.0 (java windows)
Cache-Control: no-cache
Content-Type: application/json; charset=utf-8
host: localhost:56665
accept: */*

Response DefaultHttpResponse(decodeResult: success, version: HTTP/1.1)
HTTP/1.1 200 OK
Content-Type: application/json; charset=utf-8
cache-control: no-cache
content-length: 66

12:00:37.142 [AsyncHttpClient-1-2] DEBUG org.asynchttpclient.netty.channel.ChannelManager - Adding key: http://localhost:56665 for channel [id: 0x620f1558, L:/127.0.0.1:54840 - R:localhost/127.0.0.1:56665]
12:00:37.143 [main] DEBUG net.thucydides.core.steps.StepInterceptor - STARTING STEP: ReniecStepDefinitions.usuarioHaceClickPeruanosEEE - !#title
12:00:37.149 [Forwarding getPageSource on session 7d7ecb7f0c3f35b6fe1fd1ef80a5860c to remote] DEBUG org.asynchttpclient.netty.request.NettyRequestSender - Using pooled Channel '[id: 0x620f1558, L:/127.0.0.1:54840 - R:localhost/127.0.0.1:56665]' for 'POST' to 'http://localhost:56665/session/7d7ecb7f0c3f35b6fe1fd1ef80a5860c/execute/sync'
12:00:37.149 [Forwarding getPageSource on session 7d7ecb7f0c3f35b6fe1fd1ef80a5860c to remote] DEBUG org.asynchttpclient.netty.request.NettyRequestSender - Using open Channel [id: 0x620f1558, L:/127.0.0.1:54840 - R:localhost/127.0.0.1:56665] for POST '/session/7d7ecb7f0c3f35b6fe1fd1ef80a5860c/execute/sync'
12:00:37.155 [AsyncHttpClient-1-2] DEBUG org.asynchttpclient.netty.handler.HttpHandler - 

Request DefaultHttpRequest(decodeResult: success, version: HTTP/1.1)
POST /session/7d7ecb7f0c3f35b6fe1fd1ef80a5860c/execute/sync HTTP/1.1
User-Agent: selenium/4.4.0 (java windows)
Content-Length: 176
Content-Type: application/json; charset=utf-8
host: localhost:56665
accept: */*

Response DefaultHttpResponse(decodeResult: success, version: HTTP/1.1)
HTTP/1.1 200 OK
Content-Type: application/json; charset=utf-8
cache-control: no-cache
content-length: 69968

12:00:37.155 [AsyncHttpClient-1-2] DEBUG org.asynchttpclient.netty.channel.ChannelManager - Adding key: http://localhost:56665 for channel [id: 0x620f1558, L:/127.0.0.1:54840 - R:localhost/127.0.0.1:56665]
12:00:37.164 [Forwarding getCurrentUrl on session 7d7ecb7f0c3f35b6fe1fd1ef80a5860c to remote] DEBUG org.asynchttpclient.netty.request.NettyRequestSender - Using pooled Channel '[id: 0x620f1558, L:/127.0.0.1:54840 - R:localhost/127.0.0.1:56665]' for 'GET' to 'http://localhost:56665/session/7d7ecb7f0c3f35b6fe1fd1ef80a5860c/url'
12:00:37.164 [Forwarding getCurrentUrl on session 7d7ecb7f0c3f35b6fe1fd1ef80a5860c to remote] DEBUG org.asynchttpclient.netty.request.NettyRequestSender - Using open Channel [id: 0x620f1558, L:/127.0.0.1:54840 - R:localhost/127.0.0.1:56665] for GET '/session/7d7ecb7f0c3f35b6fe1fd1ef80a5860c/url'
12:00:37.169 [AsyncHttpClient-1-2] DEBUG org.asynchttpclient.netty.handler.HttpHandler - 

Request DefaultFullHttpRequest(decodeResult: success, version: HTTP/1.1, content: EmptyByteBufBE)
GET /session/7d7ecb7f0c3f35b6fe1fd1ef80a5860c/url HTTP/1.1
User-Agent: selenium/4.4.0 (java windows)
Cache-Control: no-cache
Content-Type: application/json; charset=utf-8
host: localhost:56665
accept: */*

Response DefaultHttpResponse(decodeResult: success, version: HTTP/1.1)
HTTP/1.1 200 OK
Content-Type: application/json; charset=utf-8
cache-control: no-cache
content-length: 66

12:00:37.169 [AsyncHttpClient-1-2] DEBUG org.asynchttpclient.netty.channel.ChannelManager - Adding key: http://localhost:56665 for channel [id: 0x620f1558, L:/127.0.0.1:54840 - R:localhost/127.0.0.1:56665]
12:00:37.170 [main] DEBUG net.thucydides.core.steps.StepInterceptor - STARTING STEP: ReniecStepDefinitions.usuarioHaceClickPeruanosEEE - {0} clicks on #locators
12:00:37.178 [Forwarding findElement on session 7d7ecb7f0c3f35b6fe1fd1ef80a5860c to remote] DEBUG org.asynchttpclient.netty.request.NettyRequestSender - Using pooled Channel '[id: 0x620f1558, L:/127.0.0.1:54840 - R:localhost/127.0.0.1:56665]' for 'POST' to 'http://localhost:56665/session/7d7ecb7f0c3f35b6fe1fd1ef80a5860c/element'
12:00:37.178 [Forwarding findElement on session 7d7ecb7f0c3f35b6fe1fd1ef80a5860c to remote] DEBUG org.asynchttpclient.netty.request.NettyRequestSender - Using open Channel [id: 0x620f1558, L:/127.0.0.1:54840 - R:localhost/127.0.0.1:56665] for POST '/session/7d7ecb7f0c3f35b6fe1fd1ef80a5860c/element'
12:00:37.187 [AsyncHttpClient-1-2] DEBUG org.asynchttpclient.netty.handler.HttpHandler - 

Request DefaultHttpRequest(decodeResult: success, version: HTTP/1.1)
POST /session/7d7ecb7f0c3f35b6fe1fd1ef80a5860c/element HTTP/1.1
User-Agent: selenium/4.4.0 (java windows)
Content-Length: 100
Content-Type: application/json; charset=utf-8
host: localhost:56665
accept: */*

Response DefaultHttpResponse(decodeResult: success, version: HTTP/1.1)
HTTP/1.1 200 OK
Content-Type: application/json; charset=utf-8
cache-control: no-cache
content-length: 88

12:00:37.187 [AsyncHttpClient-1-2] DEBUG org.asynchttpclient.netty.channel.ChannelManager - Adding key: http://localhost:56665 for channel [id: 0x620f1558, L:/127.0.0.1:54840 - R:localhost/127.0.0.1:56665]
12:00:37.196 [Forwarding isElementDisplayed on session 7d7ecb7f0c3f35b6fe1fd1ef80a5860c to remote] DEBUG org.asynchttpclient.netty.request.NettyRequestSender - Using pooled Channel '[id: 0x620f1558, L:/127.0.0.1:54840 - R:localhost/127.0.0.1:56665]' for 'POST' to 'http://localhost:56665/session/7d7ecb7f0c3f35b6fe1fd1ef80a5860c/execute/sync'
12:00:37.196 [Forwarding isElementDisplayed on session 7d7ecb7f0c3f35b6fe1fd1ef80a5860c to remote] DEBUG org.asynchttpclient.netty.request.NettyRequestSender - Using open Channel [id: 0x620f1558, L:/127.0.0.1:54840 - R:localhost/127.0.0.1:56665] for POST '/session/7d7ecb7f0c3f35b6fe1fd1ef80a5860c/execute/sync'
12:00:37.206 [AsyncHttpClient-1-2] DEBUG org.asynchttpclient.netty.handler.HttpHandler - 

Request DefaultHttpRequest(decodeResult: success, version: HTTP/1.1)
POST /session/7d7ecb7f0c3f35b6fe1fd1ef80a5860c/execute/sync HTTP/1.1
User-Agent: selenium/4.4.0 (java windows)
Content-Length: 48780
Content-Type: application/json; charset=utf-8
host: localhost:56665
accept: */*

Response DefaultHttpResponse(decodeResult: success, version: HTTP/1.1)
HTTP/1.1 200 OK
Content-Type: application/json; charset=utf-8
cache-control: no-cache
content-length: 14

12:00:37.206 [AsyncHttpClient-1-2] DEBUG org.asynchttpclient.netty.channel.ChannelManager - Adding key: http://localhost:56665 for channel [id: 0x620f1558, L:/127.0.0.1:54840 - R:localhost/127.0.0.1:56665]
12:00:37.213 [Forwarding isElementDisplayed on session 7d7ecb7f0c3f35b6fe1fd1ef80a5860c to remote] DEBUG org.asynchttpclient.netty.request.NettyRequestSender - Using pooled Channel '[id: 0x620f1558, L:/127.0.0.1:54840 - R:localhost/127.0.0.1:56665]' for 'POST' to 'http://localhost:56665/session/7d7ecb7f0c3f35b6fe1fd1ef80a5860c/execute/sync'
12:00:37.213 [Forwarding isElementDisplayed on session 7d7ecb7f0c3f35b6fe1fd1ef80a5860c to remote] DEBUG org.asynchttpclient.netty.request.NettyRequestSender - Using open Channel [id: 0x620f1558, L:/127.0.0.1:54840 - R:localhost/127.0.0.1:56665] for POST '/session/7d7ecb7f0c3f35b6fe1fd1ef80a5860c/execute/sync'
12:00:37.222 [AsyncHttpClient-1-2] DEBUG org.asynchttpclient.netty.handler.HttpHandler - 

Request DefaultHttpRequest(decodeResult: success, version: HTTP/1.1)
POST /session/7d7ecb7f0c3f35b6fe1fd1ef80a5860c/execute/sync HTTP/1.1
User-Agent: selenium/4.4.0 (java windows)
Content-Length: 48780
Content-Type: application/json; charset=utf-8
host: localhost:56665
accept: */*

Response DefaultHttpResponse(decodeResult: success, version: HTTP/1.1)
HTTP/1.1 200 OK
Content-Type: application/json; charset=utf-8
cache-control: no-cache
content-length: 14

12:00:37.222 [AsyncHttpClient-1-2] DEBUG org.asynchttpclient.netty.channel.ChannelManager - Adding key: http://localhost:56665 for channel [id: 0x620f1558, L:/127.0.0.1:54840 - R:localhost/127.0.0.1:56665]
12:00:37.224 [Forwarding clickElement on session 7d7ecb7f0c3f35b6fe1fd1ef80a5860c to remote] DEBUG org.asynchttpclient.netty.request.NettyRequestSender - Using pooled Channel '[id: 0x620f1558, L:/127.0.0.1:54840 - R:localhost/127.0.0.1:56665]' for 'POST' to 'http://localhost:56665/session/7d7ecb7f0c3f35b6fe1fd1ef80a5860c/element/257419b3-ad76-43a7-bfca-b35a7410dc34/click'
12:00:37.224 [Forwarding clickElement on session 7d7ecb7f0c3f35b6fe1fd1ef80a5860c to remote] DEBUG org.asynchttpclient.netty.request.NettyRequestSender - Using open Channel [id: 0x620f1558, L:/127.0.0.1:54840 - R:localhost/127.0.0.1:56665] for POST '/session/7d7ecb7f0c3f35b6fe1fd1ef80a5860c/element/257419b3-ad76-43a7-bfca-b35a7410dc34/click'
12:00:37.883 [AsyncHttpClient-1-1] DEBUG org.asynchttpclient.netty.channel.DefaultChannelPool - Entry count for : http://localhost:54841 : 1
12:00:38.032 [AsyncHttpClient-1-2] DEBUG org.asynchttpclient.netty.handler.HttpHandler - 

Request DefaultHttpRequest(decodeResult: success, version: HTTP/1.1)
POST /session/7d7ecb7f0c3f35b6fe1fd1ef80a5860c/element/257419b3-ad76-43a7-bfca-b35a7410dc34/click HTTP/1.1
User-Agent: selenium/4.4.0 (java windows)
Content-Length: 50
Content-Type: application/json; charset=utf-8
host: localhost:56665
accept: */*

Response DefaultHttpResponse(decodeResult: success, version: HTTP/1.1)
HTTP/1.1 200 OK
Content-Type: application/json; charset=utf-8
cache-control: no-cache
content-length: 14

12:00:38.032 [AsyncHttpClient-1-2] DEBUG org.asynchttpclient.netty.channel.ChannelManager - Adding key: http://localhost:56665 for channel [id: 0x620f1558, L:/127.0.0.1:54840 - R:localhost/127.0.0.1:56665]
12:00:38.040 [Forwarding getCurrentWindowHandle on session 7d7ecb7f0c3f35b6fe1fd1ef80a5860c to remote] DEBUG org.asynchttpclient.netty.request.NettyRequestSender - Using pooled Channel '[id: 0x620f1558, L:/127.0.0.1:54840 - R:localhost/127.0.0.1:56665]' for 'GET' to 'http://localhost:56665/session/7d7ecb7f0c3f35b6fe1fd1ef80a5860c/window'
12:00:38.040 [Forwarding getCurrentWindowHandle on session 7d7ecb7f0c3f35b6fe1fd1ef80a5860c to remote] DEBUG org.asynchttpclient.netty.request.NettyRequestSender - Using open Channel [id: 0x620f1558, L:/127.0.0.1:54840 - R:localhost/127.0.0.1:56665] for GET '/session/7d7ecb7f0c3f35b6fe1fd1ef80a5860c/window'
12:00:38.041 [AsyncHttpClient-1-2] DEBUG org.asynchttpclient.netty.handler.HttpHandler - 

Request DefaultFullHttpRequest(decodeResult: success, version: HTTP/1.1, content: EmptyByteBufBE)
GET /session/7d7ecb7f0c3f35b6fe1fd1ef80a5860c/window HTTP/1.1
User-Agent: selenium/4.4.0 (java windows)
Cache-Control: no-cache
Content-Type: application/json; charset=utf-8
host: localhost:56665
accept: */*

Response DefaultHttpResponse(decodeResult: success, version: HTTP/1.1)
HTTP/1.1 200 OK
Content-Type: application/json; charset=utf-8
cache-control: no-cache
content-length: 53

12:00:38.041 [AsyncHttpClient-1-2] DEBUG org.asynchttpclient.netty.channel.ChannelManager - Adding key: http://localhost:56665 for channel [id: 0x620f1558, L:/127.0.0.1:54840 - R:localhost/127.0.0.1:56665]
12:00:38.042 [Forwarding getAlertText on session 7d7ecb7f0c3f35b6fe1fd1ef80a5860c to remote] DEBUG org.asynchttpclient.netty.request.NettyRequestSender - Using pooled Channel '[id: 0x620f1558, L:/127.0.0.1:54840 - R:localhost/127.0.0.1:56665]' for 'GET' to 'http://localhost:56665/session/7d7ecb7f0c3f35b6fe1fd1ef80a5860c/alert/text'
12:00:38.042 [Forwarding getAlertText on session 7d7ecb7f0c3f35b6fe1fd1ef80a5860c to remote] DEBUG org.asynchttpclient.netty.request.NettyRequestSender - Using open Channel [id: 0x620f1558, L:/127.0.0.1:54840 - R:localhost/127.0.0.1:56665] for GET '/session/7d7ecb7f0c3f35b6fe1fd1ef80a5860c/alert/text'
12:00:38.044 [AsyncHttpClient-1-2] DEBUG org.asynchttpclient.netty.handler.HttpHandler - 

Request DefaultFullHttpRequest(decodeResult: success, version: HTTP/1.1, content: EmptyByteBufBE)
GET /session/7d7ecb7f0c3f35b6fe1fd1ef80a5860c/alert/text HTTP/1.1
User-Agent: selenium/4.4.0 (java windows)
Cache-Control: no-cache
Content-Type: application/json; charset=utf-8
host: localhost:56665
accept: */*

Response DefaultHttpResponse(decodeResult: success, version: HTTP/1.1)
HTTP/1.1 404 Not Found
Content-Type: application/json; charset=utf-8
cache-control: no-cache
content-length: 835

12:00:38.044 [AsyncHttpClient-1-2] DEBUG org.asynchttpclient.netty.channel.ChannelManager - Adding key: http://localhost:56665 for channel [id: 0x620f1558, L:/127.0.0.1:54840 - R:localhost/127.0.0.1:56665]
12:00:38.045 [Forwarding switchToWindow on session 7d7ecb7f0c3f35b6fe1fd1ef80a5860c to remote] DEBUG org.asynchttpclient.netty.request.NettyRequestSender - Using pooled Channel '[id: 0x620f1558, L:/127.0.0.1:54840 - R:localhost/127.0.0.1:56665]' for 'POST' to 'http://localhost:56665/session/7d7ecb7f0c3f35b6fe1fd1ef80a5860c/window'
12:00:38.046 [Forwarding switchToWindow on session 7d7ecb7f0c3f35b6fe1fd1ef80a5860c to remote] DEBUG org.asynchttpclient.netty.request.NettyRequestSender - Using open Channel [id: 0x620f1558, L:/127.0.0.1:54840 - R:localhost/127.0.0.1:56665] for POST '/session/7d7ecb7f0c3f35b6fe1fd1ef80a5860c/window'
12:00:38.047 [AsyncHttpClient-1-2] DEBUG org.asynchttpclient.netty.handler.HttpHandler - 

Request DefaultHttpRequest(decodeResult: success, version: HTTP/1.1)
POST /session/7d7ecb7f0c3f35b6fe1fd1ef80a5860c/window HTTP/1.1
User-Agent: selenium/4.4.0 (java windows)
Content-Length: 59
Content-Type: application/json; charset=utf-8
host: localhost:56665
accept: */*

Response DefaultHttpResponse(decodeResult: success, version: HTTP/1.1)
HTTP/1.1 200 OK
Content-Type: application/json; charset=utf-8
cache-control: no-cache
content-length: 14

12:00:38.047 [AsyncHttpClient-1-2] DEBUG org.asynchttpclient.netty.channel.ChannelManager - Adding key: http://localhost:56665 for channel [id: 0x620f1558, L:/127.0.0.1:54840 - R:localhost/127.0.0.1:56665]
12:00:38.048 [Forwarding getCurrentUrl on session 7d7ecb7f0c3f35b6fe1fd1ef80a5860c to remote] DEBUG org.asynchttpclient.netty.request.NettyRequestSender - Using pooled Channel '[id: 0x620f1558, L:/127.0.0.1:54840 - R:localhost/127.0.0.1:56665]' for 'GET' to 'http://localhost:56665/session/7d7ecb7f0c3f35b6fe1fd1ef80a5860c/url'
12:00:38.048 [Forwarding getCurrentUrl on session 7d7ecb7f0c3f35b6fe1fd1ef80a5860c to remote] DEBUG org.asynchttpclient.netty.request.NettyRequestSender - Using open Channel [id: 0x620f1558, L:/127.0.0.1:54840 - R:localhost/127.0.0.1:56665] for GET '/session/7d7ecb7f0c3f35b6fe1fd1ef80a5860c/url'
12:00:38.050 [AsyncHttpClient-1-2] DEBUG org.asynchttpclient.netty.handler.HttpHandler - 

Request DefaultFullHttpRequest(decodeResult: success, version: HTTP/1.1, content: EmptyByteBufBE)
GET /session/7d7ecb7f0c3f35b6fe1fd1ef80a5860c/url HTTP/1.1
User-Agent: selenium/4.4.0 (java windows)
Cache-Control: no-cache
Content-Type: application/json; charset=utf-8
host: localhost:56665
accept: */*

Response DefaultHttpResponse(decodeResult: success, version: HTTP/1.1)
HTTP/1.1 200 OK
Content-Type: application/json; charset=utf-8
cache-control: no-cache
content-length: 67

12:00:38.050 [AsyncHttpClient-1-2] DEBUG org.asynchttpclient.netty.channel.ChannelManager - Adding key: http://localhost:56665 for channel [id: 0x620f1558, L:/127.0.0.1:54840 - R:localhost/127.0.0.1:56665]
12:00:38.051 [Forwarding screenshot on session 7d7ecb7f0c3f35b6fe1fd1ef80a5860c to remote] DEBUG org.asynchttpclient.netty.request.NettyRequestSender - Using pooled Channel '[id: 0x620f1558, L:/127.0.0.1:54840 - R:localhost/127.0.0.1:56665]' for 'GET' to 'http://localhost:56665/session/7d7ecb7f0c3f35b6fe1fd1ef80a5860c/screenshot'
12:00:38.051 [Forwarding screenshot on session 7d7ecb7f0c3f35b6fe1fd1ef80a5860c to remote] DEBUG org.asynchttpclient.netty.request.NettyRequestSender - Using open Channel [id: 0x620f1558, L:/127.0.0.1:54840 - R:localhost/127.0.0.1:56665] for GET '/session/7d7ecb7f0c3f35b6fe1fd1ef80a5860c/screenshot'
12:00:38.176 [AsyncHttpClient-1-2] DEBUG org.asynchttpclient.netty.handler.HttpHandler - 

Request DefaultFullHttpRequest(decodeResult: success, version: HTTP/1.1, content: EmptyByteBufBE)
GET /session/7d7ecb7f0c3f35b6fe1fd1ef80a5860c/screenshot HTTP/1.1
User-Agent: selenium/4.4.0 (java windows)
Cache-Control: no-cache
Content-Type: application/json; charset=utf-8
host: localhost:56665
accept: */*

Response DefaultHttpResponse(decodeResult: success, version: HTTP/1.1)
HTTP/1.1 200 OK
Content-Type: application/json; charset=utf-8
cache-control: no-cache
content-length: 210456

12:00:38.177 [AsyncHttpClient-1-2] DEBUG org.asynchttpclient.netty.channel.ChannelManager - Adding key: http://localhost:56665 for channel [id: 0x620f1558, L:/127.0.0.1:54840 - R:localhost/127.0.0.1:56665]
12:00:38.182 [main] DEBUG net.serenitybdd.core.photography.Darkroom - Send negative for processing for target\site\serenity\b94671649aad0bc9c0e7ced749e4e884009b732710fa73c2f2963f33660292bf.png
12:00:38.182 [main] DEBUG net.thucydides.core.steps.StepInterceptor - STEP DONE: {0} clicks on #locators
12:00:38.182 [Darkroom Processing Line] DEBUG net.serenitybdd.core.photography.DarkroomProcessingLine - Processing screenshot image in /var/screenshots/screenshot-2581714685776309382
12:00:38.182 [Darkroom Processing Line] DEBUG net.serenitybdd.core.photography.DarkroomProcessingLine - Saving screenshot to target\site\serenity\b94671649aad0bc9c0e7ced749e4e884009b732710fa73c2f2963f33660292bf.png
12:00:38.185 [main] DEBUG net.thucydides.core.steps.StepInterceptor - STEP DONE: !#title
12:00:38.190 [Forwarding getPageSource on session 7d7ecb7f0c3f35b6fe1fd1ef80a5860c to remote] DEBUG org.asynchttpclient.netty.request.NettyRequestSender - Using pooled Channel '[id: 0x620f1558, L:/127.0.0.1:54840 - R:localhost/127.0.0.1:56665]' for 'POST' to 'http://localhost:56665/session/7d7ecb7f0c3f35b6fe1fd1ef80a5860c/execute/sync'
12:00:38.190 [Forwarding getPageSource on session 7d7ecb7f0c3f35b6fe1fd1ef80a5860c to remote] DEBUG org.asynchttpclient.netty.request.NettyRequestSender - Using open Channel [id: 0x620f1558, L:/127.0.0.1:54840 - R:localhost/127.0.0.1:56665] for POST '/session/7d7ecb7f0c3f35b6fe1fd1ef80a5860c/execute/sync'
12:00:38.195 [AsyncHttpClient-1-2] DEBUG org.asynchttpclient.netty.handler.HttpHandler - 

Request DefaultHttpRequest(decodeResult: success, version: HTTP/1.1)
POST /session/7d7ecb7f0c3f35b6fe1fd1ef80a5860c/execute/sync HTTP/1.1
User-Agent: selenium/4.4.0 (java windows)
Content-Length: 176
Content-Type: application/json; charset=utf-8
host: localhost:56665
accept: */*

Response DefaultHttpResponse(decodeResult: success, version: HTTP/1.1)
HTTP/1.1 200 OK
Content-Type: application/json; charset=utf-8
cache-control: no-cache
content-length: 48155

12:00:38.196 [AsyncHttpClient-1-2] DEBUG org.asynchttpclient.netty.channel.ChannelManager - Adding key: http://localhost:56665 for channel [id: 0x620f1558, L:/127.0.0.1:54840 - R:localhost/127.0.0.1:56665]
12:00:38.201 [Forwarding getCurrentUrl on session 7d7ecb7f0c3f35b6fe1fd1ef80a5860c to remote] DEBUG org.asynchttpclient.netty.request.NettyRequestSender - Using pooled Channel '[id: 0x620f1558, L:/127.0.0.1:54840 - R:localhost/127.0.0.1:56665]' for 'GET' to 'http://localhost:56665/session/7d7ecb7f0c3f35b6fe1fd1ef80a5860c/url'
12:00:38.201 [Forwarding getCurrentUrl on session 7d7ecb7f0c3f35b6fe1fd1ef80a5860c to remote] DEBUG org.asynchttpclient.netty.request.NettyRequestSender - Using open Channel [id: 0x620f1558, L:/127.0.0.1:54840 - R:localhost/127.0.0.1:56665] for GET '/session/7d7ecb7f0c3f35b6fe1fd1ef80a5860c/url'
12:00:38.204 [AsyncHttpClient-1-2] DEBUG org.asynchttpclient.netty.handler.HttpHandler - 

Request DefaultFullHttpRequest(decodeResult: success, version: HTTP/1.1, content: EmptyByteBufBE)
GET /session/7d7ecb7f0c3f35b6fe1fd1ef80a5860c/url HTTP/1.1
User-Agent: selenium/4.4.0 (java windows)
Cache-Control: no-cache
Content-Type: application/json; charset=utf-8
host: localhost:56665
accept: */*

Response DefaultHttpResponse(decodeResult: success, version: HTTP/1.1)
HTTP/1.1 200 OK
Content-Type: application/json; charset=utf-8
cache-control: no-cache
content-length: 67

12:00:38.204 [AsyncHttpClient-1-2] DEBUG org.asynchttpclient.netty.channel.ChannelManager - Adding key: http://localhost:56665 for channel [id: 0x620f1558, L:/127.0.0.1:54840 - R:localhost/127.0.0.1:56665]
12:00:38.211 [Forwarding getPageSource on session 7d7ecb7f0c3f35b6fe1fd1ef80a5860c to remote] DEBUG org.asynchttpclient.netty.request.NettyRequestSender - Using pooled Channel '[id: 0x620f1558, L:/127.0.0.1:54840 - R:localhost/127.0.0.1:56665]' for 'POST' to 'http://localhost:56665/session/7d7ecb7f0c3f35b6fe1fd1ef80a5860c/execute/sync'
12:00:38.211 [Forwarding getPageSource on session 7d7ecb7f0c3f35b6fe1fd1ef80a5860c to remote] DEBUG org.asynchttpclient.netty.request.NettyRequestSender - Using open Channel [id: 0x620f1558, L:/127.0.0.1:54840 - R:localhost/127.0.0.1:56665] for POST '/session/7d7ecb7f0c3f35b6fe1fd1ef80a5860c/execute/sync'
12:00:38.217 [AsyncHttpClient-1-2] DEBUG org.asynchttpclient.netty.handler.HttpHandler - 

Request DefaultHttpRequest(decodeResult: success, version: HTTP/1.1)
POST /session/7d7ecb7f0c3f35b6fe1fd1ef80a5860c/execute/sync HTTP/1.1
User-Agent: selenium/4.4.0 (java windows)
Content-Length: 176
Content-Type: application/json; charset=utf-8
host: localhost:56665
accept: */*

Response DefaultHttpResponse(decodeResult: success, version: HTTP/1.1)
HTTP/1.1 200 OK
Content-Type: application/json; charset=utf-8
cache-control: no-cache
content-length: 48155

12:00:38.217 [AsyncHttpClient-1-2] DEBUG org.asynchttpclient.netty.channel.ChannelManager - Adding key: http://localhost:56665 for channel [id: 0x620f1558, L:/127.0.0.1:54840 - R:localhost/127.0.0.1:56665]
12:00:38.223 [Forwarding getCurrentUrl on session 7d7ecb7f0c3f35b6fe1fd1ef80a5860c to remote] DEBUG org.asynchttpclient.netty.request.NettyRequestSender - Using pooled Channel '[id: 0x620f1558, L:/127.0.0.1:54840 - R:localhost/127.0.0.1:56665]' for 'GET' to 'http://localhost:56665/session/7d7ecb7f0c3f35b6fe1fd1ef80a5860c/url'
12:00:38.223 [Forwarding getCurrentUrl on session 7d7ecb7f0c3f35b6fe1fd1ef80a5860c to remote] DEBUG org.asynchttpclient.netty.request.NettyRequestSender - Using open Channel [id: 0x620f1558, L:/127.0.0.1:54840 - R:localhost/127.0.0.1:56665] for GET '/session/7d7ecb7f0c3f35b6fe1fd1ef80a5860c/url'
12:00:38.225 [AsyncHttpClient-1-2] DEBUG org.asynchttpclient.netty.handler.HttpHandler - 

Request DefaultFullHttpRequest(decodeResult: success, version: HTTP/1.1, content: EmptyByteBufBE)
GET /session/7d7ecb7f0c3f35b6fe1fd1ef80a5860c/url HTTP/1.1
User-Agent: selenium/4.4.0 (java windows)
Cache-Control: no-cache
Content-Type: application/json; charset=utf-8
host: localhost:56665
accept: */*

Response DefaultHttpResponse(decodeResult: success, version: HTTP/1.1)
HTTP/1.1 200 OK
Content-Type: application/json; charset=utf-8
cache-control: no-cache
content-length: 67

12:00:38.225 [AsyncHttpClient-1-2] DEBUG org.asynchttpclient.netty.channel.ChannelManager - Adding key: http://localhost:56665 for channel [id: 0x620f1558, L:/127.0.0.1:54840 - R:localhost/127.0.0.1:56665]
12:00:38.226 [main] DEBUG net.thucydides.core.steps.StepInterceptor - STARTING STEP: ReniecStepDefinitions.despliegaLaOpcion - !#title
12:00:38.231 [Forwarding getPageSource on session 7d7ecb7f0c3f35b6fe1fd1ef80a5860c to remote] DEBUG org.asynchttpclient.netty.request.NettyRequestSender - Using pooled Channel '[id: 0x620f1558, L:/127.0.0.1:54840 - R:localhost/127.0.0.1:56665]' for 'POST' to 'http://localhost:56665/session/7d7ecb7f0c3f35b6fe1fd1ef80a5860c/execute/sync'
12:00:38.231 [Forwarding getPageSource on session 7d7ecb7f0c3f35b6fe1fd1ef80a5860c to remote] DEBUG org.asynchttpclient.netty.request.NettyRequestSender - Using open Channel [id: 0x620f1558, L:/127.0.0.1:54840 - R:localhost/127.0.0.1:56665] for POST '/session/7d7ecb7f0c3f35b6fe1fd1ef80a5860c/execute/sync'
12:00:38.236 [AsyncHttpClient-1-2] DEBUG org.asynchttpclient.netty.handler.HttpHandler - 

Request DefaultHttpRequest(decodeResult: success, version: HTTP/1.1)
POST /session/7d7ecb7f0c3f35b6fe1fd1ef80a5860c/execute/sync HTTP/1.1
User-Agent: selenium/4.4.0 (java windows)
Content-Length: 176
Content-Type: application/json; charset=utf-8
host: localhost:56665
accept: */*

Response DefaultHttpResponse(decodeResult: success, version: HTTP/1.1)
HTTP/1.1 200 OK
Content-Type: application/json; charset=utf-8
cache-control: no-cache
content-length: 48155

12:00:38.236 [AsyncHttpClient-1-2] DEBUG org.asynchttpclient.netty.channel.ChannelManager - Adding key: http://localhost:56665 for channel [id: 0x620f1558, L:/127.0.0.1:54840 - R:localhost/127.0.0.1:56665]
12:00:38.241 [Forwarding getCurrentUrl on session 7d7ecb7f0c3f35b6fe1fd1ef80a5860c to remote] DEBUG org.asynchttpclient.netty.request.NettyRequestSender - Using pooled Channel '[id: 0x620f1558, L:/127.0.0.1:54840 - R:localhost/127.0.0.1:56665]' for 'GET' to 'http://localhost:56665/session/7d7ecb7f0c3f35b6fe1fd1ef80a5860c/url'
12:00:38.241 [Forwarding getCurrentUrl on session 7d7ecb7f0c3f35b6fe1fd1ef80a5860c to remote] DEBUG org.asynchttpclient.netty.request.NettyRequestSender - Using open Channel [id: 0x620f1558, L:/127.0.0.1:54840 - R:localhost/127.0.0.1:56665] for GET '/session/7d7ecb7f0c3f35b6fe1fd1ef80a5860c/url'
12:00:38.243 [AsyncHttpClient-1-2] DEBUG org.asynchttpclient.netty.handler.HttpHandler - 

Request DefaultFullHttpRequest(decodeResult: success, version: HTTP/1.1, content: EmptyByteBufBE)
GET /session/7d7ecb7f0c3f35b6fe1fd1ef80a5860c/url HTTP/1.1
User-Agent: selenium/4.4.0 (java windows)
Cache-Control: no-cache
Content-Type: application/json; charset=utf-8
host: localhost:56665
accept: */*

Response DefaultHttpResponse(decodeResult: success, version: HTTP/1.1)
HTTP/1.1 200 OK
Content-Type: application/json; charset=utf-8
cache-control: no-cache
content-length: 67

12:00:38.243 [AsyncHttpClient-1-2] DEBUG org.asynchttpclient.netty.channel.ChannelManager - Adding key: http://localhost:56665 for channel [id: 0x620f1558, L:/127.0.0.1:54840 - R:localhost/127.0.0.1:56665]
12:00:38.245 [main] DEBUG net.thucydides.core.steps.StepInterceptor - STARTING STEP: ReniecStepDefinitions.despliegaLaOpcion - {0} clicks on #locators
12:00:38.246 [Forwarding findElement on session 7d7ecb7f0c3f35b6fe1fd1ef80a5860c to remote] DEBUG org.asynchttpclient.netty.request.NettyRequestSender - Using pooled Channel '[id: 0x620f1558, L:/127.0.0.1:54840 - R:localhost/127.0.0.1:56665]' for 'POST' to 'http://localhost:56665/session/7d7ecb7f0c3f35b6fe1fd1ef80a5860c/element'
12:00:38.247 [Forwarding findElement on session 7d7ecb7f0c3f35b6fe1fd1ef80a5860c to remote] DEBUG org.asynchttpclient.netty.request.NettyRequestSender - Using open Channel [id: 0x620f1558, L:/127.0.0.1:54840 - R:localhost/127.0.0.1:56665] for POST '/session/7d7ecb7f0c3f35b6fe1fd1ef80a5860c/element'
12:00:38.260 [AsyncHttpClient-1-2] DEBUG org.asynchttpclient.netty.handler.HttpHandler - 

Request DefaultHttpRequest(decodeResult: success, version: HTTP/1.1)
POST /session/7d7ecb7f0c3f35b6fe1fd1ef80a5860c/element HTTP/1.1
User-Agent: selenium/4.4.0 (java windows)
Content-Length: 63
Content-Type: application/json; charset=utf-8
host: localhost:56665
accept: */*

Response DefaultHttpResponse(decodeResult: success, version: HTTP/1.1)
HTTP/1.1 200 OK
Content-Type: application/json; charset=utf-8
cache-control: no-cache
content-length: 88

12:00:38.260 [AsyncHttpClient-1-2] DEBUG org.asynchttpclient.netty.channel.ChannelManager - Adding key: http://localhost:56665 for channel [id: 0x620f1558, L:/127.0.0.1:54840 - R:localhost/127.0.0.1:56665]
12:00:38.263 [Forwarding isElementDisplayed on session 7d7ecb7f0c3f35b6fe1fd1ef80a5860c to remote] DEBUG org.asynchttpclient.netty.request.NettyRequestSender - Using pooled Channel '[id: 0x620f1558, L:/127.0.0.1:54840 - R:localhost/127.0.0.1:56665]' for 'POST' to 'http://localhost:56665/session/7d7ecb7f0c3f35b6fe1fd1ef80a5860c/execute/sync'
12:00:38.263 [Forwarding isElementDisplayed on session 7d7ecb7f0c3f35b6fe1fd1ef80a5860c to remote] DEBUG org.asynchttpclient.netty.request.NettyRequestSender - Using open Channel [id: 0x620f1558, L:/127.0.0.1:54840 - R:localhost/127.0.0.1:56665] for POST '/session/7d7ecb7f0c3f35b6fe1fd1ef80a5860c/execute/sync'
12:00:38.270 [AsyncHttpClient-1-2] DEBUG org.asynchttpclient.netty.handler.HttpHandler - 

Request DefaultHttpRequest(decodeResult: success, version: HTTP/1.1)
POST /session/7d7ecb7f0c3f35b6fe1fd1ef80a5860c/execute/sync HTTP/1.1
User-Agent: selenium/4.4.0 (java windows)
Content-Length: 48780
Content-Type: application/json; charset=utf-8
host: localhost:56665
accept: */*

Response DefaultHttpResponse(decodeResult: success, version: HTTP/1.1)
HTTP/1.1 200 OK
Content-Type: application/json; charset=utf-8
cache-control: no-cache
content-length: 14

12:00:38.270 [AsyncHttpClient-1-2] DEBUG org.asynchttpclient.netty.channel.ChannelManager - Adding key: http://localhost:56665 for channel [id: 0x620f1558, L:/127.0.0.1:54840 - R:localhost/127.0.0.1:56665]
12:00:38.274 [Forwarding isElementDisplayed on session 7d7ecb7f0c3f35b6fe1fd1ef80a5860c to remote] DEBUG org.asynchttpclient.netty.request.NettyRequestSender - Using pooled Channel '[id: 0x620f1558, L:/127.0.0.1:54840 - R:localhost/127.0.0.1:56665]' for 'POST' to 'http://localhost:56665/session/7d7ecb7f0c3f35b6fe1fd1ef80a5860c/execute/sync'
12:00:38.274 [Forwarding isElementDisplayed on session 7d7ecb7f0c3f35b6fe1fd1ef80a5860c to remote] DEBUG org.asynchttpclient.netty.request.NettyRequestSender - Using open Channel [id: 0x620f1558, L:/127.0.0.1:54840 - R:localhost/127.0.0.1:56665] for POST '/session/7d7ecb7f0c3f35b6fe1fd1ef80a5860c/execute/sync'
12:00:38.279 [AsyncHttpClient-1-2] DEBUG org.asynchttpclient.netty.handler.HttpHandler - 

Request DefaultHttpRequest(decodeResult: success, version: HTTP/1.1)
POST /session/7d7ecb7f0c3f35b6fe1fd1ef80a5860c/execute/sync HTTP/1.1
User-Agent: selenium/4.4.0 (java windows)
Content-Length: 48780
Content-Type: application/json; charset=utf-8
host: localhost:56665
accept: */*

Response DefaultHttpResponse(decodeResult: success, version: HTTP/1.1)
HTTP/1.1 200 OK
Content-Type: application/json; charset=utf-8
cache-control: no-cache
content-length: 14

12:00:38.279 [AsyncHttpClient-1-2] DEBUG org.asynchttpclient.netty.channel.ChannelManager - Adding key: http://localhost:56665 for channel [id: 0x620f1558, L:/127.0.0.1:54840 - R:localhost/127.0.0.1:56665]
12:00:38.280 [Forwarding clickElement on session 7d7ecb7f0c3f35b6fe1fd1ef80a5860c to remote] DEBUG org.asynchttpclient.netty.request.NettyRequestSender - Using pooled Channel '[id: 0x620f1558, L:/127.0.0.1:54840 - R:localhost/127.0.0.1:56665]' for 'POST' to 'http://localhost:56665/session/7d7ecb7f0c3f35b6fe1fd1ef80a5860c/element/3fef4148-be0a-4ed0-9c28-c195d8fa4364/click'
12:00:38.280 [Forwarding clickElement on session 7d7ecb7f0c3f35b6fe1fd1ef80a5860c to remote] DEBUG org.asynchttpclient.netty.request.NettyRequestSender - Using open Channel [id: 0x620f1558, L:/127.0.0.1:54840 - R:localhost/127.0.0.1:56665] for POST '/session/7d7ecb7f0c3f35b6fe1fd1ef80a5860c/element/3fef4148-be0a-4ed0-9c28-c195d8fa4364/click'
12:00:38.303 [AsyncHttpClient-1-2] DEBUG org.asynchttpclient.netty.handler.HttpHandler - 

Request DefaultHttpRequest(decodeResult: success, version: HTTP/1.1)
POST /session/7d7ecb7f0c3f35b6fe1fd1ef80a5860c/element/3fef4148-be0a-4ed0-9c28-c195d8fa4364/click HTTP/1.1
User-Agent: selenium/4.4.0 (java windows)
Content-Length: 50
Content-Type: application/json; charset=utf-8
host: localhost:56665
accept: */*

Response DefaultHttpResponse(decodeResult: success, version: HTTP/1.1)
HTTP/1.1 200 OK
Content-Type: application/json; charset=utf-8
cache-control: no-cache
content-length: 14

12:00:38.303 [AsyncHttpClient-1-2] DEBUG org.asynchttpclient.netty.channel.ChannelManager - Adding key: http://localhost:56665 for channel [id: 0x620f1558, L:/127.0.0.1:54840 - R:localhost/127.0.0.1:56665]
12:00:38.309 [Forwarding getCurrentWindowHandle on session 7d7ecb7f0c3f35b6fe1fd1ef80a5860c to remote] DEBUG org.asynchttpclient.netty.request.NettyRequestSender - Using pooled Channel '[id: 0x620f1558, L:/127.0.0.1:54840 - R:localhost/127.0.0.1:56665]' for 'GET' to 'http://localhost:56665/session/7d7ecb7f0c3f35b6fe1fd1ef80a5860c/window'
12:00:38.310 [Forwarding getCurrentWindowHandle on session 7d7ecb7f0c3f35b6fe1fd1ef80a5860c to remote] DEBUG org.asynchttpclient.netty.request.NettyRequestSender - Using open Channel [id: 0x620f1558, L:/127.0.0.1:54840 - R:localhost/127.0.0.1:56665] for GET '/session/7d7ecb7f0c3f35b6fe1fd1ef80a5860c/window'
12:00:38.310 [AsyncHttpClient-1-2] DEBUG org.asynchttpclient.netty.handler.HttpHandler - 

Request DefaultFullHttpRequest(decodeResult: success, version: HTTP/1.1, content: EmptyByteBufBE)
GET /session/7d7ecb7f0c3f35b6fe1fd1ef80a5860c/window HTTP/1.1
User-Agent: selenium/4.4.0 (java windows)
Cache-Control: no-cache
Content-Type: application/json; charset=utf-8
host: localhost:56665
accept: */*

Response DefaultHttpResponse(decodeResult: success, version: HTTP/1.1)
HTTP/1.1 200 OK
Content-Type: application/json; charset=utf-8
cache-control: no-cache
content-length: 53

12:00:38.310 [AsyncHttpClient-1-2] DEBUG org.asynchttpclient.netty.channel.ChannelManager - Adding key: http://localhost:56665 for channel [id: 0x620f1558, L:/127.0.0.1:54840 - R:localhost/127.0.0.1:56665]
12:00:38.311 [Forwarding getAlertText on session 7d7ecb7f0c3f35b6fe1fd1ef80a5860c to remote] DEBUG org.asynchttpclient.netty.request.NettyRequestSender - Using pooled Channel '[id: 0x620f1558, L:/127.0.0.1:54840 - R:localhost/127.0.0.1:56665]' for 'GET' to 'http://localhost:56665/session/7d7ecb7f0c3f35b6fe1fd1ef80a5860c/alert/text'
12:00:38.312 [Forwarding getAlertText on session 7d7ecb7f0c3f35b6fe1fd1ef80a5860c to remote] DEBUG org.asynchttpclient.netty.request.NettyRequestSender - Using open Channel [id: 0x620f1558, L:/127.0.0.1:54840 - R:localhost/127.0.0.1:56665] for GET '/session/7d7ecb7f0c3f35b6fe1fd1ef80a5860c/alert/text'
12:00:38.313 [AsyncHttpClient-1-2] DEBUG org.asynchttpclient.netty.handler.HttpHandler - 

Request DefaultFullHttpRequest(decodeResult: success, version: HTTP/1.1, content: EmptyByteBufBE)
GET /session/7d7ecb7f0c3f35b6fe1fd1ef80a5860c/alert/text HTTP/1.1
User-Agent: selenium/4.4.0 (java windows)
Cache-Control: no-cache
Content-Type: application/json; charset=utf-8
host: localhost:56665
accept: */*

Response DefaultHttpResponse(decodeResult: success, version: HTTP/1.1)
HTTP/1.1 404 Not Found
Content-Type: application/json; charset=utf-8
cache-control: no-cache
content-length: 835

12:00:38.313 [AsyncHttpClient-1-2] DEBUG org.asynchttpclient.netty.channel.ChannelManager - Adding key: http://localhost:56665 for channel [id: 0x620f1558, L:/127.0.0.1:54840 - R:localhost/127.0.0.1:56665]
12:00:38.315 [Forwarding switchToWindow on session 7d7ecb7f0c3f35b6fe1fd1ef80a5860c to remote] DEBUG org.asynchttpclient.netty.request.NettyRequestSender - Using pooled Channel '[id: 0x620f1558, L:/127.0.0.1:54840 - R:localhost/127.0.0.1:56665]' for 'POST' to 'http://localhost:56665/session/7d7ecb7f0c3f35b6fe1fd1ef80a5860c/window'
12:00:38.315 [Forwarding switchToWindow on session 7d7ecb7f0c3f35b6fe1fd1ef80a5860c to remote] DEBUG org.asynchttpclient.netty.request.NettyRequestSender - Using open Channel [id: 0x620f1558, L:/127.0.0.1:54840 - R:localhost/127.0.0.1:56665] for POST '/session/7d7ecb7f0c3f35b6fe1fd1ef80a5860c/window'
12:00:38.316 [AsyncHttpClient-1-2] DEBUG org.asynchttpclient.netty.handler.HttpHandler - 

Request DefaultHttpRequest(decodeResult: success, version: HTTP/1.1)
POST /session/7d7ecb7f0c3f35b6fe1fd1ef80a5860c/window HTTP/1.1
User-Agent: selenium/4.4.0 (java windows)
Content-Length: 59
Content-Type: application/json; charset=utf-8
host: localhost:56665
accept: */*

Response DefaultHttpResponse(decodeResult: success, version: HTTP/1.1)
HTTP/1.1 200 OK
Content-Type: application/json; charset=utf-8
cache-control: no-cache
content-length: 14

12:00:38.316 [AsyncHttpClient-1-2] DEBUG org.asynchttpclient.netty.channel.ChannelManager - Adding key: http://localhost:56665 for channel [id: 0x620f1558, L:/127.0.0.1:54840 - R:localhost/127.0.0.1:56665]
12:00:38.317 [Forwarding getCurrentUrl on session 7d7ecb7f0c3f35b6fe1fd1ef80a5860c to remote] DEBUG org.asynchttpclient.netty.request.NettyRequestSender - Using pooled Channel '[id: 0x620f1558, L:/127.0.0.1:54840 - R:localhost/127.0.0.1:56665]' for 'GET' to 'http://localhost:56665/session/7d7ecb7f0c3f35b6fe1fd1ef80a5860c/url'
12:00:38.317 [Forwarding getCurrentUrl on session 7d7ecb7f0c3f35b6fe1fd1ef80a5860c to remote] DEBUG org.asynchttpclient.netty.request.NettyRequestSender - Using open Channel [id: 0x620f1558, L:/127.0.0.1:54840 - R:localhost/127.0.0.1:56665] for GET '/session/7d7ecb7f0c3f35b6fe1fd1ef80a5860c/url'
12:00:38.320 [AsyncHttpClient-1-2] DEBUG org.asynchttpclient.netty.handler.HttpHandler - 

Request DefaultFullHttpRequest(decodeResult: success, version: HTTP/1.1, content: EmptyByteBufBE)
GET /session/7d7ecb7f0c3f35b6fe1fd1ef80a5860c/url HTTP/1.1
User-Agent: selenium/4.4.0 (java windows)
Cache-Control: no-cache
Content-Type: application/json; charset=utf-8
host: localhost:56665
accept: */*

Response DefaultHttpResponse(decodeResult: success, version: HTTP/1.1)
HTTP/1.1 200 OK
Content-Type: application/json; charset=utf-8
cache-control: no-cache
content-length: 68

12:00:38.321 [AsyncHttpClient-1-2] DEBUG org.asynchttpclient.netty.channel.ChannelManager - Adding key: http://localhost:56665 for channel [id: 0x620f1558, L:/127.0.0.1:54840 - R:localhost/127.0.0.1:56665]
12:00:38.321 [Forwarding screenshot on session 7d7ecb7f0c3f35b6fe1fd1ef80a5860c to remote] DEBUG org.asynchttpclient.netty.request.NettyRequestSender - Using pooled Channel '[id: 0x620f1558, L:/127.0.0.1:54840 - R:localhost/127.0.0.1:56665]' for 'GET' to 'http://localhost:56665/session/7d7ecb7f0c3f35b6fe1fd1ef80a5860c/screenshot'
12:00:38.321 [Forwarding screenshot on session 7d7ecb7f0c3f35b6fe1fd1ef80a5860c to remote] DEBUG org.asynchttpclient.netty.request.NettyRequestSender - Using open Channel [id: 0x620f1558, L:/127.0.0.1:54840 - R:localhost/127.0.0.1:56665] for GET '/session/7d7ecb7f0c3f35b6fe1fd1ef80a5860c/screenshot'
12:00:38.485 [AsyncHttpClient-1-2] DEBUG org.asynchttpclient.netty.handler.HttpHandler - 

Request DefaultFullHttpRequest(decodeResult: success, version: HTTP/1.1, content: EmptyByteBufBE)
GET /session/7d7ecb7f0c3f35b6fe1fd1ef80a5860c/screenshot HTTP/1.1
User-Agent: selenium/4.4.0 (java windows)
Cache-Control: no-cache
Content-Type: application/json; charset=utf-8
host: localhost:56665
accept: */*

Response DefaultHttpResponse(decodeResult: success, version: HTTP/1.1)
HTTP/1.1 200 OK
Content-Type: application/json; charset=utf-8
cache-control: no-cache
content-length: 675904

12:00:38.487 [AsyncHttpClient-1-2] DEBUG org.asynchttpclient.netty.channel.ChannelManager - Adding key: http://localhost:56665 for channel [id: 0x620f1558, L:/127.0.0.1:54840 - R:localhost/127.0.0.1:56665]
12:00:38.502 [main] DEBUG net.serenitybdd.core.photography.Darkroom - Send negative for processing for target\site\serenity\0b239e2ad62f7f9436ad8374264f00bdb3b61c6a1a0733d527d6fb3a223fc99f.png
12:00:38.502 [main] DEBUG net.thucydides.core.steps.StepInterceptor - STEP DONE: {0} clicks on #locators
12:00:38.502 [Darkroom Processing Line] DEBUG net.serenitybdd.core.photography.DarkroomProcessingLine - Processing screenshot image in /var/screenshots/screenshot-5167759462142569874
12:00:38.502 [Darkroom Processing Line] DEBUG net.serenitybdd.core.photography.DarkroomProcessingLine - Saving screenshot to target\site\serenity\0b239e2ad62f7f9436ad8374264f00bdb3b61c6a1a0733d527d6fb3a223fc99f.png
12:00:38.505 [main] DEBUG net.thucydides.core.steps.StepInterceptor - STEP DONE: !#title
12:00:38.509 [Forwarding getPageSource on session 7d7ecb7f0c3f35b6fe1fd1ef80a5860c to remote] DEBUG org.asynchttpclient.netty.request.NettyRequestSender - Using pooled Channel '[id: 0x620f1558, L:/127.0.0.1:54840 - R:localhost/127.0.0.1:56665]' for 'POST' to 'http://localhost:56665/session/7d7ecb7f0c3f35b6fe1fd1ef80a5860c/execute/sync'
12:00:38.509 [Forwarding getPageSource on session 7d7ecb7f0c3f35b6fe1fd1ef80a5860c to remote] DEBUG org.asynchttpclient.netty.request.NettyRequestSender - Using open Channel [id: 0x620f1558, L:/127.0.0.1:54840 - R:localhost/127.0.0.1:56665] for POST '/session/7d7ecb7f0c3f35b6fe1fd1ef80a5860c/execute/sync'
12:00:38.515 [AsyncHttpClient-1-2] DEBUG org.asynchttpclient.netty.handler.HttpHandler - 

Request DefaultHttpRequest(decodeResult: success, version: HTTP/1.1)
POST /session/7d7ecb7f0c3f35b6fe1fd1ef80a5860c/execute/sync HTTP/1.1
User-Agent: selenium/4.4.0 (java windows)
Content-Length: 176
Content-Type: application/json; charset=utf-8
host: localhost:56665
accept: */*

Response DefaultHttpResponse(decodeResult: success, version: HTTP/1.1)
HTTP/1.1 200 OK
Content-Type: application/json; charset=utf-8
cache-control: no-cache
content-length: 48243

12:00:38.516 [AsyncHttpClient-1-2] DEBUG org.asynchttpclient.netty.channel.ChannelManager - Adding key: http://localhost:56665 for channel [id: 0x620f1558, L:/127.0.0.1:54840 - R:localhost/127.0.0.1:56665]
12:00:38.520 [Forwarding getCurrentUrl on session 7d7ecb7f0c3f35b6fe1fd1ef80a5860c to remote] DEBUG org.asynchttpclient.netty.request.NettyRequestSender - Using pooled Channel '[id: 0x620f1558, L:/127.0.0.1:54840 - R:localhost/127.0.0.1:56665]' for 'GET' to 'http://localhost:56665/session/7d7ecb7f0c3f35b6fe1fd1ef80a5860c/url'
12:00:38.520 [Forwarding getCurrentUrl on session 7d7ecb7f0c3f35b6fe1fd1ef80a5860c to remote] DEBUG org.asynchttpclient.netty.request.NettyRequestSender - Using open Channel [id: 0x620f1558, L:/127.0.0.1:54840 - R:localhost/127.0.0.1:56665] for GET '/session/7d7ecb7f0c3f35b6fe1fd1ef80a5860c/url'
12:00:38.523 [AsyncHttpClient-1-2] DEBUG org.asynchttpclient.netty.handler.HttpHandler - 

Request DefaultFullHttpRequest(decodeResult: success, version: HTTP/1.1, content: EmptyByteBufBE)
GET /session/7d7ecb7f0c3f35b6fe1fd1ef80a5860c/url HTTP/1.1
User-Agent: selenium/4.4.0 (java windows)
Cache-Control: no-cache
Content-Type: application/json; charset=utf-8
host: localhost:56665
accept: */*

Response DefaultHttpResponse(decodeResult: success, version: HTTP/1.1)
HTTP/1.1 200 OK
Content-Type: application/json; charset=utf-8
cache-control: no-cache
content-length: 68

12:00:38.523 [AsyncHttpClient-1-2] DEBUG org.asynchttpclient.netty.channel.ChannelManager - Adding key: http://localhost:56665 for channel [id: 0x620f1558, L:/127.0.0.1:54840 - R:localhost/127.0.0.1:56665]
12:00:38.530 [Forwarding getPageSource on session 7d7ecb7f0c3f35b6fe1fd1ef80a5860c to remote] DEBUG org.asynchttpclient.netty.request.NettyRequestSender - Using pooled Channel '[id: 0x620f1558, L:/127.0.0.1:54840 - R:localhost/127.0.0.1:56665]' for 'POST' to 'http://localhost:56665/session/7d7ecb7f0c3f35b6fe1fd1ef80a5860c/execute/sync'
12:00:38.530 [Forwarding getPageSource on session 7d7ecb7f0c3f35b6fe1fd1ef80a5860c to remote] DEBUG org.asynchttpclient.netty.request.NettyRequestSender - Using open Channel [id: 0x620f1558, L:/127.0.0.1:54840 - R:localhost/127.0.0.1:56665] for POST '/session/7d7ecb7f0c3f35b6fe1fd1ef80a5860c/execute/sync'
12:00:38.536 [AsyncHttpClient-1-2] DEBUG org.asynchttpclient.netty.handler.HttpHandler - 

Request DefaultHttpRequest(decodeResult: success, version: HTTP/1.1)
POST /session/7d7ecb7f0c3f35b6fe1fd1ef80a5860c/execute/sync HTTP/1.1
User-Agent: selenium/4.4.0 (java windows)
Content-Length: 176
Content-Type: application/json; charset=utf-8
host: localhost:56665
accept: */*

Response DefaultHttpResponse(decodeResult: success, version: HTTP/1.1)
HTTP/1.1 200 OK
Content-Type: application/json; charset=utf-8
cache-control: no-cache
content-length: 48243

12:00:38.536 [AsyncHttpClient-1-2] DEBUG org.asynchttpclient.netty.channel.ChannelManager - Adding key: http://localhost:56665 for channel [id: 0x620f1558, L:/127.0.0.1:54840 - R:localhost/127.0.0.1:56665]
12:00:38.540 [Forwarding getCurrentUrl on session 7d7ecb7f0c3f35b6fe1fd1ef80a5860c to remote] DEBUG org.asynchttpclient.netty.request.NettyRequestSender - Using pooled Channel '[id: 0x620f1558, L:/127.0.0.1:54840 - R:localhost/127.0.0.1:56665]' for 'GET' to 'http://localhost:56665/session/7d7ecb7f0c3f35b6fe1fd1ef80a5860c/url'
12:00:38.540 [Forwarding getCurrentUrl on session 7d7ecb7f0c3f35b6fe1fd1ef80a5860c to remote] DEBUG org.asynchttpclient.netty.request.NettyRequestSender - Using open Channel [id: 0x620f1558, L:/127.0.0.1:54840 - R:localhost/127.0.0.1:56665] for GET '/session/7d7ecb7f0c3f35b6fe1fd1ef80a5860c/url'
12:00:38.543 [AsyncHttpClient-1-2] DEBUG org.asynchttpclient.netty.handler.HttpHandler - 

Request DefaultFullHttpRequest(decodeResult: success, version: HTTP/1.1, content: EmptyByteBufBE)
GET /session/7d7ecb7f0c3f35b6fe1fd1ef80a5860c/url HTTP/1.1
User-Agent: selenium/4.4.0 (java windows)
Cache-Control: no-cache
Content-Type: application/json; charset=utf-8
host: localhost:56665
accept: */*

Response DefaultHttpResponse(decodeResult: success, version: HTTP/1.1)
HTTP/1.1 200 OK
Content-Type: application/json; charset=utf-8
cache-control: no-cache
content-length: 68

12:00:38.544 [AsyncHttpClient-1-2] DEBUG org.asynchttpclient.netty.channel.ChannelManager - Adding key: http://localhost:56665 for channel [id: 0x620f1558, L:/127.0.0.1:54840 - R:localhost/127.0.0.1:56665]
12:00:38.545 [main] DEBUG net.thucydides.core.steps.StepInterceptor - STARTING STEP: ReniecStepDefinitions.seRedireccionaAlLink - !#title
12:00:38.550 [Forwarding getPageSource on session 7d7ecb7f0c3f35b6fe1fd1ef80a5860c to remote] DEBUG org.asynchttpclient.netty.request.NettyRequestSender - Using pooled Channel '[id: 0x620f1558, L:/127.0.0.1:54840 - R:localhost/127.0.0.1:56665]' for 'POST' to 'http://localhost:56665/session/7d7ecb7f0c3f35b6fe1fd1ef80a5860c/execute/sync'
12:00:38.550 [Forwarding getPageSource on session 7d7ecb7f0c3f35b6fe1fd1ef80a5860c to remote] DEBUG org.asynchttpclient.netty.request.NettyRequestSender - Using open Channel [id: 0x620f1558, L:/127.0.0.1:54840 - R:localhost/127.0.0.1:56665] for POST '/session/7d7ecb7f0c3f35b6fe1fd1ef80a5860c/execute/sync'
12:00:38.554 [AsyncHttpClient-1-2] DEBUG org.asynchttpclient.netty.handler.HttpHandler - 

Request DefaultHttpRequest(decodeResult: success, version: HTTP/1.1)
POST /session/7d7ecb7f0c3f35b6fe1fd1ef80a5860c/execute/sync HTTP/1.1
User-Agent: selenium/4.4.0 (java windows)
Content-Length: 176
Content-Type: application/json; charset=utf-8
host: localhost:56665
accept: */*

Response DefaultHttpResponse(decodeResult: success, version: HTTP/1.1)
HTTP/1.1 200 OK
Content-Type: application/json; charset=utf-8
cache-control: no-cache
content-length: 48243

12:00:38.554 [AsyncHttpClient-1-2] DEBUG org.asynchttpclient.netty.channel.ChannelManager - Adding key: http://localhost:56665 for channel [id: 0x620f1558, L:/127.0.0.1:54840 - R:localhost/127.0.0.1:56665]
12:00:38.558 [Forwarding getCurrentUrl on session 7d7ecb7f0c3f35b6fe1fd1ef80a5860c to remote] DEBUG org.asynchttpclient.netty.request.NettyRequestSender - Using pooled Channel '[id: 0x620f1558, L:/127.0.0.1:54840 - R:localhost/127.0.0.1:56665]' for 'GET' to 'http://localhost:56665/session/7d7ecb7f0c3f35b6fe1fd1ef80a5860c/url'
12:00:38.558 [Forwarding getCurrentUrl on session 7d7ecb7f0c3f35b6fe1fd1ef80a5860c to remote] DEBUG org.asynchttpclient.netty.request.NettyRequestSender - Using open Channel [id: 0x620f1558, L:/127.0.0.1:54840 - R:localhost/127.0.0.1:56665] for GET '/session/7d7ecb7f0c3f35b6fe1fd1ef80a5860c/url'
12:00:38.561 [AsyncHttpClient-1-2] DEBUG org.asynchttpclient.netty.handler.HttpHandler - 

Request DefaultFullHttpRequest(decodeResult: success, version: HTTP/1.1, content: EmptyByteBufBE)
GET /session/7d7ecb7f0c3f35b6fe1fd1ef80a5860c/url HTTP/1.1
User-Agent: selenium/4.4.0 (java windows)
Cache-Control: no-cache
Content-Type: application/json; charset=utf-8
host: localhost:56665
accept: */*

Response DefaultHttpResponse(decodeResult: success, version: HTTP/1.1)
HTTP/1.1 200 OK
Content-Type: application/json; charset=utf-8
cache-control: no-cache
content-length: 68

12:00:38.561 [AsyncHttpClient-1-2] DEBUG org.asynchttpclient.netty.channel.ChannelManager - Adding key: http://localhost:56665 for channel [id: 0x620f1558, L:/127.0.0.1:54840 - R:localhost/127.0.0.1:56665]
12:00:38.562 [main] DEBUG net.thucydides.core.steps.StepInterceptor - STARTING STEP: ReniecStepDefinitions.seRedireccionaAlLink - {0} clicks on #locators
12:00:38.564 [Forwarding findElement on session 7d7ecb7f0c3f35b6fe1fd1ef80a5860c to remote] DEBUG org.asynchttpclient.netty.request.NettyRequestSender - Using pooled Channel '[id: 0x620f1558, L:/127.0.0.1:54840 - R:localhost/127.0.0.1:56665]' for 'POST' to 'http://localhost:56665/session/7d7ecb7f0c3f35b6fe1fd1ef80a5860c/element'
12:00:38.564 [Forwarding findElement on session 7d7ecb7f0c3f35b6fe1fd1ef80a5860c to remote] DEBUG org.asynchttpclient.netty.request.NettyRequestSender - Using open Channel [id: 0x620f1558, L:/127.0.0.1:54840 - R:localhost/127.0.0.1:56665] for POST '/session/7d7ecb7f0c3f35b6fe1fd1ef80a5860c/element'
12:00:38.571 [AsyncHttpClient-1-2] DEBUG org.asynchttpclient.netty.handler.HttpHandler - 

Request DefaultHttpRequest(decodeResult: success, version: HTTP/1.1)
POST /session/7d7ecb7f0c3f35b6fe1fd1ef80a5860c/element HTTP/1.1
User-Agent: selenium/4.4.0 (java windows)
Content-Length: 123
Content-Type: application/json; charset=utf-8
host: localhost:56665
accept: */*

Response DefaultHttpResponse(decodeResult: success, version: HTTP/1.1)
HTTP/1.1 200 OK
Content-Type: application/json; charset=utf-8
cache-control: no-cache
content-length: 88

12:00:38.572 [AsyncHttpClient-1-2] DEBUG org.asynchttpclient.netty.channel.ChannelManager - Adding key: http://localhost:56665 for channel [id: 0x620f1558, L:/127.0.0.1:54840 - R:localhost/127.0.0.1:56665]
12:00:38.574 [Forwarding isElementDisplayed on session 7d7ecb7f0c3f35b6fe1fd1ef80a5860c to remote] DEBUG org.asynchttpclient.netty.request.NettyRequestSender - Using pooled Channel '[id: 0x620f1558, L:/127.0.0.1:54840 - R:localhost/127.0.0.1:56665]' for 'POST' to 'http://localhost:56665/session/7d7ecb7f0c3f35b6fe1fd1ef80a5860c/execute/sync'
12:00:38.574 [Forwarding isElementDisplayed on session 7d7ecb7f0c3f35b6fe1fd1ef80a5860c to remote] DEBUG org.asynchttpclient.netty.request.NettyRequestSender - Using open Channel [id: 0x620f1558, L:/127.0.0.1:54840 - R:localhost/127.0.0.1:56665] for POST '/session/7d7ecb7f0c3f35b6fe1fd1ef80a5860c/execute/sync'
12:00:38.580 [AsyncHttpClient-1-2] DEBUG org.asynchttpclient.netty.handler.HttpHandler - 

Request DefaultHttpRequest(decodeResult: success, version: HTTP/1.1)
POST /session/7d7ecb7f0c3f35b6fe1fd1ef80a5860c/execute/sync HTTP/1.1
User-Agent: selenium/4.4.0 (java windows)
Content-Length: 48780
Content-Type: application/json; charset=utf-8
host: localhost:56665
accept: */*

Response DefaultHttpResponse(decodeResult: success, version: HTTP/1.1)
HTTP/1.1 200 OK
Content-Type: application/json; charset=utf-8
cache-control: no-cache
content-length: 14

12:00:38.580 [AsyncHttpClient-1-2] DEBUG org.asynchttpclient.netty.channel.ChannelManager - Adding key: http://localhost:56665 for channel [id: 0x620f1558, L:/127.0.0.1:54840 - R:localhost/127.0.0.1:56665]
12:00:38.587 [Forwarding isElementDisplayed on session 7d7ecb7f0c3f35b6fe1fd1ef80a5860c to remote] DEBUG org.asynchttpclient.netty.request.NettyRequestSender - Using pooled Channel '[id: 0x620f1558, L:/127.0.0.1:54840 - R:localhost/127.0.0.1:56665]' for 'POST' to 'http://localhost:56665/session/7d7ecb7f0c3f35b6fe1fd1ef80a5860c/execute/sync'
12:00:38.587 [Forwarding isElementDisplayed on session 7d7ecb7f0c3f35b6fe1fd1ef80a5860c to remote] DEBUG org.asynchttpclient.netty.request.NettyRequestSender - Using open Channel [id: 0x620f1558, L:/127.0.0.1:54840 - R:localhost/127.0.0.1:56665] for POST '/session/7d7ecb7f0c3f35b6fe1fd1ef80a5860c/execute/sync'
12:00:38.593 [AsyncHttpClient-1-2] DEBUG org.asynchttpclient.netty.handler.HttpHandler - 

Request DefaultHttpRequest(decodeResult: success, version: HTTP/1.1)
POST /session/7d7ecb7f0c3f35b6fe1fd1ef80a5860c/execute/sync HTTP/1.1
User-Agent: selenium/4.4.0 (java windows)
Content-Length: 48780
Content-Type: application/json; charset=utf-8
host: localhost:56665
accept: */*

Response DefaultHttpResponse(decodeResult: success, version: HTTP/1.1)
HTTP/1.1 200 OK
Content-Type: application/json; charset=utf-8
cache-control: no-cache
content-length: 14

12:00:38.593 [AsyncHttpClient-1-2] DEBUG org.asynchttpclient.netty.channel.ChannelManager - Adding key: http://localhost:56665 for channel [id: 0x620f1558, L:/127.0.0.1:54840 - R:localhost/127.0.0.1:56665]
12:00:38.595 [Forwarding clickElement on session 7d7ecb7f0c3f35b6fe1fd1ef80a5860c to remote] DEBUG org.asynchttpclient.netty.request.NettyRequestSender - Using pooled Channel '[id: 0x620f1558, L:/127.0.0.1:54840 - R:localhost/127.0.0.1:56665]' for 'POST' to 'http://localhost:56665/session/7d7ecb7f0c3f35b6fe1fd1ef80a5860c/element/9813bb94-a512-44dc-a833-a4b8609fcfd8/click'
12:00:38.595 [Forwarding clickElement on session 7d7ecb7f0c3f35b6fe1fd1ef80a5860c to remote] DEBUG org.asynchttpclient.netty.request.NettyRequestSender - Using open Channel [id: 0x620f1558, L:/127.0.0.1:54840 - R:localhost/127.0.0.1:56665] for POST '/session/7d7ecb7f0c3f35b6fe1fd1ef80a5860c/element/9813bb94-a512-44dc-a833-a4b8609fcfd8/click'
12:00:38.629 [AsyncHttpClient-1-2] DEBUG org.asynchttpclient.netty.handler.HttpHandler - 

Request DefaultHttpRequest(decodeResult: success, version: HTTP/1.1)
POST /session/7d7ecb7f0c3f35b6fe1fd1ef80a5860c/element/9813bb94-a512-44dc-a833-a4b8609fcfd8/click HTTP/1.1
User-Agent: selenium/4.4.0 (java windows)
Content-Length: 50
Content-Type: application/json; charset=utf-8
host: localhost:56665
accept: */*

Response DefaultHttpResponse(decodeResult: success, version: HTTP/1.1)
HTTP/1.1 200 OK
Content-Type: application/json; charset=utf-8
cache-control: no-cache
content-length: 14

12:00:38.629 [AsyncHttpClient-1-2] DEBUG org.asynchttpclient.netty.channel.ChannelManager - Adding key: http://localhost:56665 for channel [id: 0x620f1558, L:/127.0.0.1:54840 - R:localhost/127.0.0.1:56665]
12:00:38.638 [Forwarding getCurrentWindowHandle on session 7d7ecb7f0c3f35b6fe1fd1ef80a5860c to remote] DEBUG org.asynchttpclient.netty.request.NettyRequestSender - Using pooled Channel '[id: 0x620f1558, L:/127.0.0.1:54840 - R:localhost/127.0.0.1:56665]' for 'GET' to 'http://localhost:56665/session/7d7ecb7f0c3f35b6fe1fd1ef80a5860c/window'
12:00:38.638 [Forwarding getCurrentWindowHandle on session 7d7ecb7f0c3f35b6fe1fd1ef80a5860c to remote] DEBUG org.asynchttpclient.netty.request.NettyRequestSender - Using open Channel [id: 0x620f1558, L:/127.0.0.1:54840 - R:localhost/127.0.0.1:56665] for GET '/session/7d7ecb7f0c3f35b6fe1fd1ef80a5860c/window'
12:00:38.639 [AsyncHttpClient-1-2] DEBUG org.asynchttpclient.netty.handler.HttpHandler - 

Request DefaultFullHttpRequest(decodeResult: success, version: HTTP/1.1, content: EmptyByteBufBE)
GET /session/7d7ecb7f0c3f35b6fe1fd1ef80a5860c/window HTTP/1.1
User-Agent: selenium/4.4.0 (java windows)
Cache-Control: no-cache
Content-Type: application/json; charset=utf-8
host: localhost:56665
accept: */*

Response DefaultHttpResponse(decodeResult: success, version: HTTP/1.1)
HTTP/1.1 200 OK
Content-Type: application/json; charset=utf-8
cache-control: no-cache
content-length: 53

12:00:38.639 [AsyncHttpClient-1-2] DEBUG org.asynchttpclient.netty.channel.ChannelManager - Adding key: http://localhost:56665 for channel [id: 0x620f1558, L:/127.0.0.1:54840 - R:localhost/127.0.0.1:56665]
12:00:38.641 [Forwarding getAlertText on session 7d7ecb7f0c3f35b6fe1fd1ef80a5860c to remote] DEBUG org.asynchttpclient.netty.request.NettyRequestSender - Using pooled Channel '[id: 0x620f1558, L:/127.0.0.1:54840 - R:localhost/127.0.0.1:56665]' for 'GET' to 'http://localhost:56665/session/7d7ecb7f0c3f35b6fe1fd1ef80a5860c/alert/text'
12:00:38.641 [Forwarding getAlertText on session 7d7ecb7f0c3f35b6fe1fd1ef80a5860c to remote] DEBUG org.asynchttpclient.netty.request.NettyRequestSender - Using open Channel [id: 0x620f1558, L:/127.0.0.1:54840 - R:localhost/127.0.0.1:56665] for GET '/session/7d7ecb7f0c3f35b6fe1fd1ef80a5860c/alert/text'
12:00:38.642 [AsyncHttpClient-1-2] DEBUG org.asynchttpclient.netty.handler.HttpHandler - 

Request DefaultFullHttpRequest(decodeResult: success, version: HTTP/1.1, content: EmptyByteBufBE)
GET /session/7d7ecb7f0c3f35b6fe1fd1ef80a5860c/alert/text HTTP/1.1
User-Agent: selenium/4.4.0 (java windows)
Cache-Control: no-cache
Content-Type: application/json; charset=utf-8
host: localhost:56665
accept: */*

Response DefaultHttpResponse(decodeResult: success, version: HTTP/1.1)
HTTP/1.1 404 Not Found
Content-Type: application/json; charset=utf-8
cache-control: no-cache
content-length: 835

12:00:38.642 [AsyncHttpClient-1-2] DEBUG org.asynchttpclient.netty.channel.ChannelManager - Adding key: http://localhost:56665 for channel [id: 0x620f1558, L:/127.0.0.1:54840 - R:localhost/127.0.0.1:56665]
12:00:38.644 [Forwarding switchToWindow on session 7d7ecb7f0c3f35b6fe1fd1ef80a5860c to remote] DEBUG org.asynchttpclient.netty.request.NettyRequestSender - Using pooled Channel '[id: 0x620f1558, L:/127.0.0.1:54840 - R:localhost/127.0.0.1:56665]' for 'POST' to 'http://localhost:56665/session/7d7ecb7f0c3f35b6fe1fd1ef80a5860c/window'
12:00:38.644 [Forwarding switchToWindow on session 7d7ecb7f0c3f35b6fe1fd1ef80a5860c to remote] DEBUG org.asynchttpclient.netty.request.NettyRequestSender - Using open Channel [id: 0x620f1558, L:/127.0.0.1:54840 - R:localhost/127.0.0.1:56665] for POST '/session/7d7ecb7f0c3f35b6fe1fd1ef80a5860c/window'
12:00:38.659 [AsyncHttpClient-1-2] DEBUG org.asynchttpclient.netty.handler.HttpHandler - 

Request DefaultHttpRequest(decodeResult: success, version: HTTP/1.1)
POST /session/7d7ecb7f0c3f35b6fe1fd1ef80a5860c/window HTTP/1.1
User-Agent: selenium/4.4.0 (java windows)
Content-Length: 59
Content-Type: application/json; charset=utf-8
host: localhost:56665
accept: */*

Response DefaultHttpResponse(decodeResult: success, version: HTTP/1.1)
HTTP/1.1 200 OK
Content-Type: application/json; charset=utf-8
cache-control: no-cache
content-length: 14

12:00:38.659 [AsyncHttpClient-1-2] DEBUG org.asynchttpclient.netty.channel.ChannelManager - Adding key: http://localhost:56665 for channel [id: 0x620f1558, L:/127.0.0.1:54840 - R:localhost/127.0.0.1:56665]
12:00:38.660 [Forwarding getCurrentUrl on session 7d7ecb7f0c3f35b6fe1fd1ef80a5860c to remote] DEBUG org.asynchttpclient.netty.request.NettyRequestSender - Using pooled Channel '[id: 0x620f1558, L:/127.0.0.1:54840 - R:localhost/127.0.0.1:56665]' for 'GET' to 'http://localhost:56665/session/7d7ecb7f0c3f35b6fe1fd1ef80a5860c/url'
12:00:38.660 [Forwarding getCurrentUrl on session 7d7ecb7f0c3f35b6fe1fd1ef80a5860c to remote] DEBUG org.asynchttpclient.netty.request.NettyRequestSender - Using open Channel [id: 0x620f1558, L:/127.0.0.1:54840 - R:localhost/127.0.0.1:56665] for GET '/session/7d7ecb7f0c3f35b6fe1fd1ef80a5860c/url'
12:00:38.663 [AsyncHttpClient-1-2] DEBUG org.asynchttpclient.netty.handler.HttpHandler - 

Request DefaultFullHttpRequest(decodeResult: success, version: HTTP/1.1, content: EmptyByteBufBE)
GET /session/7d7ecb7f0c3f35b6fe1fd1ef80a5860c/url HTTP/1.1
User-Agent: selenium/4.4.0 (java windows)
Cache-Control: no-cache
Content-Type: application/json; charset=utf-8
host: localhost:56665
accept: */*

Response DefaultHttpResponse(decodeResult: success, version: HTTP/1.1)
HTTP/1.1 200 OK
Content-Type: application/json; charset=utf-8
cache-control: no-cache
content-length: 68

12:00:38.663 [AsyncHttpClient-1-2] DEBUG org.asynchttpclient.netty.channel.ChannelManager - Adding key: http://localhost:56665 for channel [id: 0x620f1558, L:/127.0.0.1:54840 - R:localhost/127.0.0.1:56665]
12:00:38.664 [Forwarding screenshot on session 7d7ecb7f0c3f35b6fe1fd1ef80a5860c to remote] DEBUG org.asynchttpclient.netty.request.NettyRequestSender - Using pooled Channel '[id: 0x620f1558, L:/127.0.0.1:54840 - R:localhost/127.0.0.1:56665]' for 'GET' to 'http://localhost:56665/session/7d7ecb7f0c3f35b6fe1fd1ef80a5860c/screenshot'
12:00:38.664 [Forwarding screenshot on session 7d7ecb7f0c3f35b6fe1fd1ef80a5860c to remote] DEBUG org.asynchttpclient.netty.request.NettyRequestSender - Using open Channel [id: 0x620f1558, L:/127.0.0.1:54840 - R:localhost/127.0.0.1:56665] for GET '/session/7d7ecb7f0c3f35b6fe1fd1ef80a5860c/screenshot'
12:00:38.829 [AsyncHttpClient-1-2] DEBUG org.asynchttpclient.netty.handler.HttpHandler - 

Request DefaultFullHttpRequest(decodeResult: success, version: HTTP/1.1, content: EmptyByteBufBE)
GET /session/7d7ecb7f0c3f35b6fe1fd1ef80a5860c/screenshot HTTP/1.1
User-Agent: selenium/4.4.0 (java windows)
Cache-Control: no-cache
Content-Type: application/json; charset=utf-8
host: localhost:56665
accept: */*

Response DefaultHttpResponse(decodeResult: success, version: HTTP/1.1)
HTTP/1.1 200 OK
Content-Type: application/json; charset=utf-8
cache-control: no-cache
content-length: 678584

12:00:38.831 [AsyncHttpClient-1-2] DEBUG org.asynchttpclient.netty.channel.ChannelManager - Adding key: http://localhost:56665 for channel [id: 0x620f1558, L:/127.0.0.1:54840 - R:localhost/127.0.0.1:56665]
12:00:38.855 [main] DEBUG net.serenitybdd.core.photography.Darkroom - Send negative for processing for target\site\serenity\fcb1586f0d133b11bbcc262c6919562141cc6e73d53e8aebea0e62180a2fb8b8.png
12:00:38.855 [main] DEBUG net.thucydides.core.steps.StepInterceptor - STEP DONE: {0} clicks on #locators
12:00:38.855 [Darkroom Processing Line] DEBUG net.serenitybdd.core.photography.DarkroomProcessingLine - Processing screenshot image in /var/screenshots/screenshot-7680914036036897026
12:00:38.855 [Darkroom Processing Line] DEBUG net.serenitybdd.core.photography.DarkroomProcessingLine - Saving screenshot to target\site\serenity\fcb1586f0d133b11bbcc262c6919562141cc6e73d53e8aebea0e62180a2fb8b8.png
12:00:38.858 [main] DEBUG net.thucydides.core.steps.StepInterceptor - STEP DONE: !#title
12:00:38.863 [Forwarding getPageSource on session 7d7ecb7f0c3f35b6fe1fd1ef80a5860c to remote] DEBUG org.asynchttpclient.netty.request.NettyRequestSender - Using pooled Channel '[id: 0x620f1558, L:/127.0.0.1:54840 - R:localhost/127.0.0.1:56665]' for 'POST' to 'http://localhost:56665/session/7d7ecb7f0c3f35b6fe1fd1ef80a5860c/execute/sync'
12:00:38.863 [Forwarding getPageSource on session 7d7ecb7f0c3f35b6fe1fd1ef80a5860c to remote] DEBUG org.asynchttpclient.netty.request.NettyRequestSender - Using open Channel [id: 0x620f1558, L:/127.0.0.1:54840 - R:localhost/127.0.0.1:56665] for POST '/session/7d7ecb7f0c3f35b6fe1fd1ef80a5860c/execute/sync'
12:00:38.868 [AsyncHttpClient-1-2] DEBUG org.asynchttpclient.netty.handler.HttpHandler - 

Request DefaultHttpRequest(decodeResult: success, version: HTTP/1.1)
POST /session/7d7ecb7f0c3f35b6fe1fd1ef80a5860c/execute/sync HTTP/1.1
User-Agent: selenium/4.4.0 (java windows)
Content-Length: 176
Content-Type: application/json; charset=utf-8
host: localhost:56665
accept: */*

Response DefaultHttpResponse(decodeResult: success, version: HTTP/1.1)
HTTP/1.1 200 OK
Content-Type: application/json; charset=utf-8
cache-control: no-cache
content-length: 48206

12:00:38.868 [AsyncHttpClient-1-2] DEBUG org.asynchttpclient.netty.channel.ChannelManager - Adding key: http://localhost:56665 for channel [id: 0x620f1558, L:/127.0.0.1:54840 - R:localhost/127.0.0.1:56665]
12:00:38.872 [Forwarding getCurrentUrl on session 7d7ecb7f0c3f35b6fe1fd1ef80a5860c to remote] DEBUG org.asynchttpclient.netty.request.NettyRequestSender - Using pooled Channel '[id: 0x620f1558, L:/127.0.0.1:54840 - R:localhost/127.0.0.1:56665]' for 'GET' to 'http://localhost:56665/session/7d7ecb7f0c3f35b6fe1fd1ef80a5860c/url'
12:00:38.872 [Forwarding getCurrentUrl on session 7d7ecb7f0c3f35b6fe1fd1ef80a5860c to remote] DEBUG org.asynchttpclient.netty.request.NettyRequestSender - Using open Channel [id: 0x620f1558, L:/127.0.0.1:54840 - R:localhost/127.0.0.1:56665] for GET '/session/7d7ecb7f0c3f35b6fe1fd1ef80a5860c/url'
12:00:38.875 [AsyncHttpClient-1-2] DEBUG org.asynchttpclient.netty.handler.HttpHandler - 

Request DefaultFullHttpRequest(decodeResult: success, version: HTTP/1.1, content: EmptyByteBufBE)
GET /session/7d7ecb7f0c3f35b6fe1fd1ef80a5860c/url HTTP/1.1
User-Agent: selenium/4.4.0 (java windows)
Cache-Control: no-cache
Content-Type: application/json; charset=utf-8
host: localhost:56665
accept: */*

Response DefaultHttpResponse(decodeResult: success, version: HTTP/1.1)
HTTP/1.1 200 OK
Content-Type: application/json; charset=utf-8
cache-control: no-cache
content-length: 68

12:00:38.876 [AsyncHttpClient-1-2] DEBUG org.asynchttpclient.netty.channel.ChannelManager - Adding key: http://localhost:56665 for channel [id: 0x620f1558, L:/127.0.0.1:54840 - R:localhost/127.0.0.1:56665]
12:00:38.897 [Forwarding getPageSource on session 7d7ecb7f0c3f35b6fe1fd1ef80a5860c to remote] DEBUG org.asynchttpclient.netty.request.NettyRequestSender - Using pooled Channel '[id: 0x620f1558, L:/127.0.0.1:54840 - R:localhost/127.0.0.1:56665]' for 'POST' to 'http://localhost:56665/session/7d7ecb7f0c3f35b6fe1fd1ef80a5860c/execute/sync'
12:00:38.897 [Forwarding getPageSource on session 7d7ecb7f0c3f35b6fe1fd1ef80a5860c to remote] DEBUG org.asynchttpclient.netty.request.NettyRequestSender - Using open Channel [id: 0x620f1558, L:/127.0.0.1:54840 - R:localhost/127.0.0.1:56665] for POST '/session/7d7ecb7f0c3f35b6fe1fd1ef80a5860c/execute/sync'
12:00:38.901 [AsyncHttpClient-1-2] DEBUG org.asynchttpclient.netty.handler.HttpHandler - 

Request DefaultHttpRequest(decodeResult: success, version: HTTP/1.1)
POST /session/7d7ecb7f0c3f35b6fe1fd1ef80a5860c/execute/sync HTTP/1.1
User-Agent: selenium/4.4.0 (java windows)
Content-Length: 176
Content-Type: application/json; charset=utf-8
host: localhost:56665
accept: */*

Response DefaultHttpResponse(decodeResult: success, version: HTTP/1.1)
HTTP/1.1 200 OK
Content-Type: application/json; charset=utf-8
cache-control: no-cache
content-length: 48206

12:00:38.901 [AsyncHttpClient-1-2] DEBUG org.asynchttpclient.netty.channel.ChannelManager - Adding key: http://localhost:56665 for channel [id: 0x620f1558, L:/127.0.0.1:54840 - R:localhost/127.0.0.1:56665]
12:00:38.905 [Forwarding getCurrentUrl on session 7d7ecb7f0c3f35b6fe1fd1ef80a5860c to remote] DEBUG org.asynchttpclient.netty.request.NettyRequestSender - Using pooled Channel '[id: 0x620f1558, L:/127.0.0.1:54840 - R:localhost/127.0.0.1:56665]' for 'GET' to 'http://localhost:56665/session/7d7ecb7f0c3f35b6fe1fd1ef80a5860c/url'
12:00:38.905 [Forwarding getCurrentUrl on session 7d7ecb7f0c3f35b6fe1fd1ef80a5860c to remote] DEBUG org.asynchttpclient.netty.request.NettyRequestSender - Using open Channel [id: 0x620f1558, L:/127.0.0.1:54840 - R:localhost/127.0.0.1:56665] for GET '/session/7d7ecb7f0c3f35b6fe1fd1ef80a5860c/url'
12:00:38.908 [AsyncHttpClient-1-2] DEBUG org.asynchttpclient.netty.handler.HttpHandler - 

Request DefaultFullHttpRequest(decodeResult: success, version: HTTP/1.1, content: EmptyByteBufBE)
GET /session/7d7ecb7f0c3f35b6fe1fd1ef80a5860c/url HTTP/1.1
User-Agent: selenium/4.4.0 (java windows)
Cache-Control: no-cache
Content-Type: application/json; charset=utf-8
host: localhost:56665
accept: */*

Response DefaultHttpResponse(decodeResult: success, version: HTTP/1.1)
HTTP/1.1 200 OK
Content-Type: application/json; charset=utf-8
cache-control: no-cache
content-length: 68

12:00:38.908 [AsyncHttpClient-1-2] DEBUG org.asynchttpclient.netty.channel.ChannelManager - Adding key: http://localhost:56665 for channel [id: 0x620f1558, L:/127.0.0.1:54840 - R:localhost/127.0.0.1:56665]
12:00:38.909 [main] DEBUG net.thucydides.core.steps.StepInterceptor - STARTING STEP: ReniecStepDefinitions.resultadosDeLaBusquedaDeLaPalabra - !#title
12:00:38.913 [Forwarding getCurrentWindowHandle on session 7d7ecb7f0c3f35b6fe1fd1ef80a5860c to remote] DEBUG org.asynchttpclient.netty.request.NettyRequestSender - Using pooled Channel '[id: 0x620f1558, L:/127.0.0.1:54840 - R:localhost/127.0.0.1:56665]' for 'GET' to 'http://localhost:56665/session/7d7ecb7f0c3f35b6fe1fd1ef80a5860c/window'
12:00:38.913 [Forwarding getCurrentWindowHandle on session 7d7ecb7f0c3f35b6fe1fd1ef80a5860c to remote] DEBUG org.asynchttpclient.netty.request.NettyRequestSender - Using open Channel [id: 0x620f1558, L:/127.0.0.1:54840 - R:localhost/127.0.0.1:56665] for GET '/session/7d7ecb7f0c3f35b6fe1fd1ef80a5860c/window'
12:00:38.914 [AsyncHttpClient-1-2] DEBUG org.asynchttpclient.netty.handler.HttpHandler - 

Request DefaultFullHttpRequest(decodeResult: success, version: HTTP/1.1, content: EmptyByteBufBE)
GET /session/7d7ecb7f0c3f35b6fe1fd1ef80a5860c/window HTTP/1.1
User-Agent: selenium/4.4.0 (java windows)
Cache-Control: no-cache
Content-Type: application/json; charset=utf-8
host: localhost:56665
accept: */*

Response DefaultHttpResponse(decodeResult: success, version: HTTP/1.1)
HTTP/1.1 200 OK
Content-Type: application/json; charset=utf-8
cache-control: no-cache
content-length: 53

12:00:38.914 [AsyncHttpClient-1-2] DEBUG org.asynchttpclient.netty.channel.ChannelManager - Adding key: http://localhost:56665 for channel [id: 0x620f1558, L:/127.0.0.1:54840 - R:localhost/127.0.0.1:56665]
12:00:38.915 [Forwarding getAlertText on session 7d7ecb7f0c3f35b6fe1fd1ef80a5860c to remote] DEBUG org.asynchttpclient.netty.request.NettyRequestSender - Using pooled Channel '[id: 0x620f1558, L:/127.0.0.1:54840 - R:localhost/127.0.0.1:56665]' for 'GET' to 'http://localhost:56665/session/7d7ecb7f0c3f35b6fe1fd1ef80a5860c/alert/text'
12:00:38.915 [Forwarding getAlertText on session 7d7ecb7f0c3f35b6fe1fd1ef80a5860c to remote] DEBUG org.asynchttpclient.netty.request.NettyRequestSender - Using open Channel [id: 0x620f1558, L:/127.0.0.1:54840 - R:localhost/127.0.0.1:56665] for GET '/session/7d7ecb7f0c3f35b6fe1fd1ef80a5860c/alert/text'
12:00:38.916 [AsyncHttpClient-1-2] DEBUG org.asynchttpclient.netty.handler.HttpHandler - 

Request DefaultFullHttpRequest(decodeResult: success, version: HTTP/1.1, content: EmptyByteBufBE)
GET /session/7d7ecb7f0c3f35b6fe1fd1ef80a5860c/alert/text HTTP/1.1
User-Agent: selenium/4.4.0 (java windows)
Cache-Control: no-cache
Content-Type: application/json; charset=utf-8
host: localhost:56665
accept: */*

Response DefaultHttpResponse(decodeResult: success, version: HTTP/1.1)
HTTP/1.1 404 Not Found
Content-Type: application/json; charset=utf-8
cache-control: no-cache
content-length: 835

12:00:38.916 [AsyncHttpClient-1-2] DEBUG org.asynchttpclient.netty.channel.ChannelManager - Adding key: http://localhost:56665 for channel [id: 0x620f1558, L:/127.0.0.1:54840 - R:localhost/127.0.0.1:56665]
12:00:38.918 [Forwarding switchToWindow on session 7d7ecb7f0c3f35b6fe1fd1ef80a5860c to remote] DEBUG org.asynchttpclient.netty.request.NettyRequestSender - Using pooled Channel '[id: 0x620f1558, L:/127.0.0.1:54840 - R:localhost/127.0.0.1:56665]' for 'POST' to 'http://localhost:56665/session/7d7ecb7f0c3f35b6fe1fd1ef80a5860c/window'
12:00:38.918 [Forwarding switchToWindow on session 7d7ecb7f0c3f35b6fe1fd1ef80a5860c to remote] DEBUG org.asynchttpclient.netty.request.NettyRequestSender - Using open Channel [id: 0x620f1558, L:/127.0.0.1:54840 - R:localhost/127.0.0.1:56665] for POST '/session/7d7ecb7f0c3f35b6fe1fd1ef80a5860c/window'
12:00:38.919 [AsyncHttpClient-1-2] DEBUG org.asynchttpclient.netty.handler.HttpHandler - 

Request DefaultHttpRequest(decodeResult: success, version: HTTP/1.1)
POST /session/7d7ecb7f0c3f35b6fe1fd1ef80a5860c/window HTTP/1.1
User-Agent: selenium/4.4.0 (java windows)
Content-Length: 59
Content-Type: application/json; charset=utf-8
host: localhost:56665
accept: */*

Response DefaultHttpResponse(decodeResult: success, version: HTTP/1.1)
HTTP/1.1 200 OK
Content-Type: application/json; charset=utf-8
cache-control: no-cache
content-length: 14

12:00:38.919 [AsyncHttpClient-1-2] DEBUG org.asynchttpclient.netty.channel.ChannelManager - Adding key: http://localhost:56665 for channel [id: 0x620f1558, L:/127.0.0.1:54840 - R:localhost/127.0.0.1:56665]
12:00:38.920 [Forwarding getCurrentUrl on session 7d7ecb7f0c3f35b6fe1fd1ef80a5860c to remote] DEBUG org.asynchttpclient.netty.request.NettyRequestSender - Using pooled Channel '[id: 0x620f1558, L:/127.0.0.1:54840 - R:localhost/127.0.0.1:56665]' for 'GET' to 'http://localhost:56665/session/7d7ecb7f0c3f35b6fe1fd1ef80a5860c/url'
12:00:38.920 [Forwarding getCurrentUrl on session 7d7ecb7f0c3f35b6fe1fd1ef80a5860c to remote] DEBUG org.asynchttpclient.netty.request.NettyRequestSender - Using open Channel [id: 0x620f1558, L:/127.0.0.1:54840 - R:localhost/127.0.0.1:56665] for GET '/session/7d7ecb7f0c3f35b6fe1fd1ef80a5860c/url'
12:00:38.923 [AsyncHttpClient-1-2] DEBUG org.asynchttpclient.netty.handler.HttpHandler - 

Request DefaultFullHttpRequest(decodeResult: success, version: HTTP/1.1, content: EmptyByteBufBE)
GET /session/7d7ecb7f0c3f35b6fe1fd1ef80a5860c/url HTTP/1.1
User-Agent: selenium/4.4.0 (java windows)
Cache-Control: no-cache
Content-Type: application/json; charset=utf-8
host: localhost:56665
accept: */*

Response DefaultHttpResponse(decodeResult: success, version: HTTP/1.1)
HTTP/1.1 200 OK
Content-Type: application/json; charset=utf-8
cache-control: no-cache
content-length: 68

12:00:38.923 [AsyncHttpClient-1-2] DEBUG org.asynchttpclient.netty.channel.ChannelManager - Adding key: http://localhost:56665 for channel [id: 0x620f1558, L:/127.0.0.1:54840 - R:localhost/127.0.0.1:56665]
12:00:38.923 [Forwarding screenshot on session 7d7ecb7f0c3f35b6fe1fd1ef80a5860c to remote] DEBUG org.asynchttpclient.netty.request.NettyRequestSender - Using pooled Channel '[id: 0x620f1558, L:/127.0.0.1:54840 - R:localhost/127.0.0.1:56665]' for 'GET' to 'http://localhost:56665/session/7d7ecb7f0c3f35b6fe1fd1ef80a5860c/screenshot'
12:00:38.923 [Forwarding screenshot on session 7d7ecb7f0c3f35b6fe1fd1ef80a5860c to remote] DEBUG org.asynchttpclient.netty.request.NettyRequestSender - Using open Channel [id: 0x620f1558, L:/127.0.0.1:54840 - R:localhost/127.0.0.1:56665] for GET '/session/7d7ecb7f0c3f35b6fe1fd1ef80a5860c/screenshot'
12:00:38.986 [AsyncHttpClient-1-1] DEBUG org.asynchttpclient.netty.channel.DefaultChannelPool - Entry count for : http://localhost:54841 : 1
12:00:39.067 [AsyncHttpClient-1-2] DEBUG org.asynchttpclient.netty.handler.HttpHandler - 

Request DefaultFullHttpRequest(decodeResult: success, version: HTTP/1.1, content: EmptyByteBufBE)
GET /session/7d7ecb7f0c3f35b6fe1fd1ef80a5860c/screenshot HTTP/1.1
User-Agent: selenium/4.4.0 (java windows)
Cache-Control: no-cache
Content-Type: application/json; charset=utf-8
host: localhost:56665
accept: */*

Response DefaultHttpResponse(decodeResult: success, version: HTTP/1.1)
HTTP/1.1 200 OK
Content-Type: application/json; charset=utf-8
cache-control: no-cache
content-length: 678584

12:00:39.068 [AsyncHttpClient-1-2] DEBUG org.asynchttpclient.netty.channel.ChannelManager - Adding key: http://localhost:56665 for channel [id: 0x620f1558, L:/127.0.0.1:54840 - R:localhost/127.0.0.1:56665]
12:00:39.083 [main] DEBUG net.serenitybdd.core.photography.Darkroom - Send negative for processing for target\site\serenity\fcb1586f0d133b11bbcc262c6919562141cc6e73d53e8aebea0e62180a2fb8b8.png
12:00:39.084 [Forwarding getPageSource on session 7d7ecb7f0c3f35b6fe1fd1ef80a5860c to remote] DEBUG org.asynchttpclient.netty.request.NettyRequestSender - Using pooled Channel '[id: 0x620f1558, L:/127.0.0.1:54840 - R:localhost/127.0.0.1:56665]' for 'POST' to 'http://localhost:56665/session/7d7ecb7f0c3f35b6fe1fd1ef80a5860c/execute/sync'
12:00:39.084 [Forwarding getPageSource on session 7d7ecb7f0c3f35b6fe1fd1ef80a5860c to remote] DEBUG org.asynchttpclient.netty.request.NettyRequestSender - Using open Channel [id: 0x620f1558, L:/127.0.0.1:54840 - R:localhost/127.0.0.1:56665] for POST '/session/7d7ecb7f0c3f35b6fe1fd1ef80a5860c/execute/sync'
12:00:39.089 [AsyncHttpClient-1-2] DEBUG org.asynchttpclient.netty.handler.HttpHandler - 

Request DefaultHttpRequest(decodeResult: success, version: HTTP/1.1)
POST /session/7d7ecb7f0c3f35b6fe1fd1ef80a5860c/execute/sync HTTP/1.1
User-Agent: selenium/4.4.0 (java windows)
Content-Length: 176
Content-Type: application/json; charset=utf-8
host: localhost:56665
accept: */*

Response DefaultHttpResponse(decodeResult: success, version: HTTP/1.1)
HTTP/1.1 200 OK
Content-Type: application/json; charset=utf-8
cache-control: no-cache
content-length: 48206

12:00:39.089 [AsyncHttpClient-1-2] DEBUG org.asynchttpclient.netty.channel.ChannelManager - Adding key: http://localhost:56665 for channel [id: 0x620f1558, L:/127.0.0.1:54840 - R:localhost/127.0.0.1:56665]
12:00:39.093 [Forwarding getCurrentUrl on session 7d7ecb7f0c3f35b6fe1fd1ef80a5860c to remote] DEBUG org.asynchttpclient.netty.request.NettyRequestSender - Using pooled Channel '[id: 0x620f1558, L:/127.0.0.1:54840 - R:localhost/127.0.0.1:56665]' for 'GET' to 'http://localhost:56665/session/7d7ecb7f0c3f35b6fe1fd1ef80a5860c/url'
12:00:39.093 [Forwarding getCurrentUrl on session 7d7ecb7f0c3f35b6fe1fd1ef80a5860c to remote] DEBUG org.asynchttpclient.netty.request.NettyRequestSender - Using open Channel [id: 0x620f1558, L:/127.0.0.1:54840 - R:localhost/127.0.0.1:56665] for GET '/session/7d7ecb7f0c3f35b6fe1fd1ef80a5860c/url'
12:00:39.096 [AsyncHttpClient-1-2] DEBUG org.asynchttpclient.netty.handler.HttpHandler - 

Request DefaultFullHttpRequest(decodeResult: success, version: HTTP/1.1, content: EmptyByteBufBE)
GET /session/7d7ecb7f0c3f35b6fe1fd1ef80a5860c/url HTTP/1.1
User-Agent: selenium/4.4.0 (java windows)
Cache-Control: no-cache
Content-Type: application/json; charset=utf-8
host: localhost:56665
accept: */*

Response DefaultHttpResponse(decodeResult: success, version: HTTP/1.1)
HTTP/1.1 200 OK
Content-Type: application/json; charset=utf-8
cache-control: no-cache
content-length: 68

12:00:39.096 [AsyncHttpClient-1-2] DEBUG org.asynchttpclient.netty.channel.ChannelManager - Adding key: http://localhost:56665 for channel [id: 0x620f1558, L:/127.0.0.1:54840 - R:localhost/127.0.0.1:56665]
12:00:39.099 [main] DEBUG net.thucydides.core.steps.StepInterceptor - STARTING STEP: ReniecStepDefinitions.resultadosDeLaBusquedaDeLaPalabra - performAs
12:00:39.099 [Forwarding getCurrentWindowHandle on session 7d7ecb7f0c3f35b6fe1fd1ef80a5860c to remote] DEBUG org.asynchttpclient.netty.request.NettyRequestSender - Using pooled Channel '[id: 0x620f1558, L:/127.0.0.1:54840 - R:localhost/127.0.0.1:56665]' for 'GET' to 'http://localhost:56665/session/7d7ecb7f0c3f35b6fe1fd1ef80a5860c/window'
12:00:39.100 [Forwarding getCurrentWindowHandle on session 7d7ecb7f0c3f35b6fe1fd1ef80a5860c to remote] DEBUG org.asynchttpclient.netty.request.NettyRequestSender - Using open Channel [id: 0x620f1558, L:/127.0.0.1:54840 - R:localhost/127.0.0.1:56665] for GET '/session/7d7ecb7f0c3f35b6fe1fd1ef80a5860c/window'
12:00:39.100 [AsyncHttpClient-1-2] DEBUG org.asynchttpclient.netty.handler.HttpHandler - 

Request DefaultFullHttpRequest(decodeResult: success, version: HTTP/1.1, content: EmptyByteBufBE)
GET /session/7d7ecb7f0c3f35b6fe1fd1ef80a5860c/window HTTP/1.1
User-Agent: selenium/4.4.0 (java windows)
Cache-Control: no-cache
Content-Type: application/json; charset=utf-8
host: localhost:56665
accept: */*

Response DefaultHttpResponse(decodeResult: success, version: HTTP/1.1)
HTTP/1.1 200 OK
Content-Type: application/json; charset=utf-8
cache-control: no-cache
content-length: 53

12:00:39.100 [AsyncHttpClient-1-2] DEBUG org.asynchttpclient.netty.channel.ChannelManager - Adding key: http://localhost:56665 for channel [id: 0x620f1558, L:/127.0.0.1:54840 - R:localhost/127.0.0.1:56665]
12:00:39.101 [Forwarding getWindowHandles on session 7d7ecb7f0c3f35b6fe1fd1ef80a5860c to remote] DEBUG org.asynchttpclient.netty.request.NettyRequestSender - Using pooled Channel '[id: 0x620f1558, L:/127.0.0.1:54840 - R:localhost/127.0.0.1:56665]' for 'GET' to 'http://localhost:56665/session/7d7ecb7f0c3f35b6fe1fd1ef80a5860c/window/handles'
12:00:39.101 [Forwarding getWindowHandles on session 7d7ecb7f0c3f35b6fe1fd1ef80a5860c to remote] DEBUG org.asynchttpclient.netty.request.NettyRequestSender - Using open Channel [id: 0x620f1558, L:/127.0.0.1:54840 - R:localhost/127.0.0.1:56665] for GET '/session/7d7ecb7f0c3f35b6fe1fd1ef80a5860c/window/handles'
12:00:39.102 [AsyncHttpClient-1-2] DEBUG org.asynchttpclient.netty.handler.HttpHandler - 

Request DefaultFullHttpRequest(decodeResult: success, version: HTTP/1.1, content: EmptyByteBufBE)
GET /session/7d7ecb7f0c3f35b6fe1fd1ef80a5860c/window/handles HTTP/1.1
User-Agent: selenium/4.4.0 (java windows)
Cache-Control: no-cache
Content-Type: application/json; charset=utf-8
host: localhost:56665
accept: */*

Response DefaultHttpResponse(decodeResult: success, version: HTTP/1.1)
HTTP/1.1 200 OK
Content-Type: application/json; charset=utf-8
cache-control: no-cache
content-length: 99

12:00:39.102 [AsyncHttpClient-1-2] DEBUG org.asynchttpclient.netty.channel.ChannelManager - Adding key: http://localhost:56665 for channel [id: 0x620f1558, L:/127.0.0.1:54840 - R:localhost/127.0.0.1:56665]
12:00:39.103 [Forwarding switchToWindow on session 7d7ecb7f0c3f35b6fe1fd1ef80a5860c to remote] DEBUG org.asynchttpclient.netty.request.NettyRequestSender - Using pooled Channel '[id: 0x620f1558, L:/127.0.0.1:54840 - R:localhost/127.0.0.1:56665]' for 'POST' to 'http://localhost:56665/session/7d7ecb7f0c3f35b6fe1fd1ef80a5860c/window'
12:00:39.103 [Forwarding switchToWindow on session 7d7ecb7f0c3f35b6fe1fd1ef80a5860c to remote] DEBUG org.asynchttpclient.netty.request.NettyRequestSender - Using open Channel [id: 0x620f1558, L:/127.0.0.1:54840 - R:localhost/127.0.0.1:56665] for POST '/session/7d7ecb7f0c3f35b6fe1fd1ef80a5860c/window'
12:00:39.108 [AsyncHttpClient-1-2] DEBUG org.asynchttpclient.netty.handler.HttpHandler - 

Request DefaultHttpRequest(decodeResult: success, version: HTTP/1.1)
POST /session/7d7ecb7f0c3f35b6fe1fd1ef80a5860c/window HTTP/1.1
User-Agent: selenium/4.4.0 (java windows)
Content-Length: 59
Content-Type: application/json; charset=utf-8
host: localhost:56665
accept: */*

Response DefaultHttpResponse(decodeResult: success, version: HTTP/1.1)
HTTP/1.1 200 OK
Content-Type: application/json; charset=utf-8
cache-control: no-cache
content-length: 14

12:00:39.108 [AsyncHttpClient-1-2] DEBUG org.asynchttpclient.netty.channel.ChannelManager - Adding key: http://localhost:56665 for channel [id: 0x620f1558, L:/127.0.0.1:54840 - R:localhost/127.0.0.1:56665]
12:00:39.111 [main] DEBUG net.thucydides.core.steps.StepInterceptor - STEP DONE: performAs
12:00:39.115 [Forwarding getPageSource on session 7d7ecb7f0c3f35b6fe1fd1ef80a5860c to remote] DEBUG org.asynchttpclient.netty.request.NettyRequestSender - Using pooled Channel '[id: 0x620f1558, L:/127.0.0.1:54840 - R:localhost/127.0.0.1:56665]' for 'POST' to 'http://localhost:56665/session/7d7ecb7f0c3f35b6fe1fd1ef80a5860c/execute/sync'
12:00:39.115 [Forwarding getPageSource on session 7d7ecb7f0c3f35b6fe1fd1ef80a5860c to remote] DEBUG org.asynchttpclient.netty.request.NettyRequestSender - Using open Channel [id: 0x620f1558, L:/127.0.0.1:54840 - R:localhost/127.0.0.1:56665] for POST '/session/7d7ecb7f0c3f35b6fe1fd1ef80a5860c/execute/sync'
12:00:40.083 [AsyncHttpClient-1-1] DEBUG org.asynchttpclient.netty.channel.DefaultChannelPool - Entry count for : http://localhost:54841 : 1
12:00:41.185 [AsyncHttpClient-1-1] DEBUG org.asynchttpclient.netty.channel.DefaultChannelPool - Entry count for : http://localhost:54841 : 1
12:00:41.252 [AsyncHttpClient-1-2] DEBUG org.asynchttpclient.netty.handler.HttpHandler - 

Request DefaultHttpRequest(decodeResult: success, version: HTTP/1.1)
POST /session/7d7ecb7f0c3f35b6fe1fd1ef80a5860c/execute/sync HTTP/1.1
User-Agent: selenium/4.4.0 (java windows)
Content-Length: 176
Content-Type: application/json; charset=utf-8
host: localhost:56665
accept: */*

Response DefaultHttpResponse(decodeResult: success, version: HTTP/1.1)
HTTP/1.1 200 OK
Content-Type: application/json; charset=utf-8
cache-control: no-cache
content-length: 134213

12:00:41.253 [AsyncHttpClient-1-2] DEBUG org.asynchttpclient.netty.channel.ChannelManager - Adding key: http://localhost:56665 for channel [id: 0x620f1558, L:/127.0.0.1:54840 - R:localhost/127.0.0.1:56665]
12:00:41.264 [Forwarding getCurrentUrl on session 7d7ecb7f0c3f35b6fe1fd1ef80a5860c to remote] DEBUG org.asynchttpclient.netty.request.NettyRequestSender - Using pooled Channel '[id: 0x620f1558, L:/127.0.0.1:54840 - R:localhost/127.0.0.1:56665]' for 'GET' to 'http://localhost:56665/session/7d7ecb7f0c3f35b6fe1fd1ef80a5860c/url'
12:00:41.264 [Forwarding getCurrentUrl on session 7d7ecb7f0c3f35b6fe1fd1ef80a5860c to remote] DEBUG org.asynchttpclient.netty.request.NettyRequestSender - Using open Channel [id: 0x620f1558, L:/127.0.0.1:54840 - R:localhost/127.0.0.1:56665] for GET '/session/7d7ecb7f0c3f35b6fe1fd1ef80a5860c/url'
12:00:41.269 [AsyncHttpClient-1-2] DEBUG org.asynchttpclient.netty.handler.HttpHandler - 

Request DefaultFullHttpRequest(decodeResult: success, version: HTTP/1.1, content: EmptyByteBufBE)
GET /session/7d7ecb7f0c3f35b6fe1fd1ef80a5860c/url HTTP/1.1
User-Agent: selenium/4.4.0 (java windows)
Cache-Control: no-cache
Content-Type: application/json; charset=utf-8
host: localhost:56665
accept: */*

Response DefaultHttpResponse(decodeResult: success, version: HTTP/1.1)
HTTP/1.1 200 OK
Content-Type: application/json; charset=utf-8
cache-control: no-cache
content-length: 55

12:00:41.269 [AsyncHttpClient-1-2] DEBUG org.asynchttpclient.netty.channel.ChannelManager - Adding key: http://localhost:56665 for channel [id: 0x620f1558, L:/127.0.0.1:54840 - R:localhost/127.0.0.1:56665]
12:00:41.270 [main] DEBUG net.thucydides.core.steps.StepInterceptor - STARTING STEP: ReniecStepDefinitions.resultadosDeLaBusquedaDeLaPalabra - {0} enters #theTextAsAString into #locatorNames
12:00:41.273 [Forwarding findElement on session 7d7ecb7f0c3f35b6fe1fd1ef80a5860c to remote] DEBUG org.asynchttpclient.netty.request.NettyRequestSender - Using pooled Channel '[id: 0x620f1558, L:/127.0.0.1:54840 - R:localhost/127.0.0.1:56665]' for 'POST' to 'http://localhost:56665/session/7d7ecb7f0c3f35b6fe1fd1ef80a5860c/element'
12:00:41.273 [Forwarding findElement on session 7d7ecb7f0c3f35b6fe1fd1ef80a5860c to remote] DEBUG org.asynchttpclient.netty.request.NettyRequestSender - Using open Channel [id: 0x620f1558, L:/127.0.0.1:54840 - R:localhost/127.0.0.1:56665] for POST '/session/7d7ecb7f0c3f35b6fe1fd1ef80a5860c/element'
12:00:41.280 [AsyncHttpClient-1-2] DEBUG org.asynchttpclient.netty.handler.HttpHandler - 

Request DefaultHttpRequest(decodeResult: success, version: HTTP/1.1)
POST /session/7d7ecb7f0c3f35b6fe1fd1ef80a5860c/element HTTP/1.1
User-Agent: selenium/4.4.0 (java windows)
Content-Length: 54
Content-Type: application/json; charset=utf-8
host: localhost:56665
accept: */*

Response DefaultHttpResponse(decodeResult: success, version: HTTP/1.1)
HTTP/1.1 200 OK
Content-Type: application/json; charset=utf-8
cache-control: no-cache
content-length: 88

12:00:41.280 [AsyncHttpClient-1-2] DEBUG org.asynchttpclient.netty.channel.ChannelManager - Adding key: http://localhost:56665 for channel [id: 0x620f1558, L:/127.0.0.1:54840 - R:localhost/127.0.0.1:56665]
12:00:41.281 [Forwarding clearElement on session 7d7ecb7f0c3f35b6fe1fd1ef80a5860c to remote] DEBUG org.asynchttpclient.netty.request.NettyRequestSender - Using pooled Channel '[id: 0x620f1558, L:/127.0.0.1:54840 - R:localhost/127.0.0.1:56665]' for 'POST' to 'http://localhost:56665/session/7d7ecb7f0c3f35b6fe1fd1ef80a5860c/element/9a680ab3-5b0f-4832-a458-f45c70876432/clear'
12:00:41.282 [Forwarding clearElement on session 7d7ecb7f0c3f35b6fe1fd1ef80a5860c to remote] DEBUG org.asynchttpclient.netty.request.NettyRequestSender - Using open Channel [id: 0x620f1558, L:/127.0.0.1:54840 - R:localhost/127.0.0.1:56665] for POST '/session/7d7ecb7f0c3f35b6fe1fd1ef80a5860c/element/9a680ab3-5b0f-4832-a458-f45c70876432/clear'
12:00:41.302 [AsyncHttpClient-1-2] DEBUG org.asynchttpclient.netty.handler.HttpHandler - 

Request DefaultHttpRequest(decodeResult: success, version: HTTP/1.1)
POST /session/7d7ecb7f0c3f35b6fe1fd1ef80a5860c/element/9a680ab3-5b0f-4832-a458-f45c70876432/clear HTTP/1.1
User-Agent: selenium/4.4.0 (java windows)
Content-Length: 50
Content-Type: application/json; charset=utf-8
host: localhost:56665
accept: */*

Response DefaultHttpResponse(decodeResult: success, version: HTTP/1.1)
HTTP/1.1 200 OK
Content-Type: application/json; charset=utf-8
cache-control: no-cache
content-length: 14

12:00:41.302 [AsyncHttpClient-1-2] DEBUG org.asynchttpclient.netty.channel.ChannelManager - Adding key: http://localhost:56665 for channel [id: 0x620f1558, L:/127.0.0.1:54840 - R:localhost/127.0.0.1:56665]
12:00:41.304 [Forwarding findElement on session 7d7ecb7f0c3f35b6fe1fd1ef80a5860c to remote] DEBUG org.asynchttpclient.netty.request.NettyRequestSender - Using pooled Channel '[id: 0x620f1558, L:/127.0.0.1:54840 - R:localhost/127.0.0.1:56665]' for 'POST' to 'http://localhost:56665/session/7d7ecb7f0c3f35b6fe1fd1ef80a5860c/element'
12:00:41.304 [Forwarding findElement on session 7d7ecb7f0c3f35b6fe1fd1ef80a5860c to remote] DEBUG org.asynchttpclient.netty.request.NettyRequestSender - Using open Channel [id: 0x620f1558, L:/127.0.0.1:54840 - R:localhost/127.0.0.1:56665] for POST '/session/7d7ecb7f0c3f35b6fe1fd1ef80a5860c/element'
12:00:41.308 [AsyncHttpClient-1-2] DEBUG org.asynchttpclient.netty.handler.HttpHandler - 

Request DefaultHttpRequest(decodeResult: success, version: HTTP/1.1)
POST /session/7d7ecb7f0c3f35b6fe1fd1ef80a5860c/element HTTP/1.1
User-Agent: selenium/4.4.0 (java windows)
Content-Length: 54
Content-Type: application/json; charset=utf-8
host: localhost:56665
accept: */*

Response DefaultHttpResponse(decodeResult: success, version: HTTP/1.1)
HTTP/1.1 200 OK
Content-Type: application/json; charset=utf-8
cache-control: no-cache
content-length: 88

12:00:41.308 [AsyncHttpClient-1-2] DEBUG org.asynchttpclient.netty.channel.ChannelManager - Adding key: http://localhost:56665 for channel [id: 0x620f1558, L:/127.0.0.1:54840 - R:localhost/127.0.0.1:56665]
12:00:41.310 [Forwarding sendKeysToElement on session 7d7ecb7f0c3f35b6fe1fd1ef80a5860c to remote] DEBUG org.asynchttpclient.netty.request.NettyRequestSender - Using pooled Channel '[id: 0x620f1558, L:/127.0.0.1:54840 - R:localhost/127.0.0.1:56665]' for 'POST' to 'http://localhost:56665/session/7d7ecb7f0c3f35b6fe1fd1ef80a5860c/element/9a680ab3-5b0f-4832-a458-f45c70876432/value'
12:00:41.310 [Forwarding sendKeysToElement on session 7d7ecb7f0c3f35b6fe1fd1ef80a5860c to remote] DEBUG org.asynchttpclient.netty.request.NettyRequestSender - Using open Channel [id: 0x620f1558, L:/127.0.0.1:54840 - R:localhost/127.0.0.1:56665] for POST '/session/7d7ecb7f0c3f35b6fe1fd1ef80a5860c/element/9a680ab3-5b0f-4832-a458-f45c70876432/value'
12:00:41.340 [AsyncHttpClient-1-2] DEBUG org.asynchttpclient.netty.handler.HttpHandler - 

Request DefaultHttpRequest(decodeResult: success, version: HTTP/1.1)
POST /session/7d7ecb7f0c3f35b6fe1fd1ef80a5860c/element/9a680ab3-5b0f-4832-a458-f45c70876432/value HTTP/1.1
User-Agent: selenium/4.4.0 (java windows)
Content-Length: 141
Content-Type: application/json; charset=utf-8
host: localhost:56665
accept: */*

Response DefaultHttpResponse(decodeResult: success, version: HTTP/1.1)
HTTP/1.1 200 OK
Content-Type: application/json; charset=utf-8
cache-control: no-cache
content-length: 14

12:00:41.340 [AsyncHttpClient-1-2] DEBUG org.asynchttpclient.netty.channel.ChannelManager - Adding key: http://localhost:56665 for channel [id: 0x620f1558, L:/127.0.0.1:54840 - R:localhost/127.0.0.1:56665]
12:00:41.344 [Forwarding getCurrentWindowHandle on session 7d7ecb7f0c3f35b6fe1fd1ef80a5860c to remote] DEBUG org.asynchttpclient.netty.request.NettyRequestSender - Using pooled Channel '[id: 0x620f1558, L:/127.0.0.1:54840 - R:localhost/127.0.0.1:56665]' for 'GET' to 'http://localhost:56665/session/7d7ecb7f0c3f35b6fe1fd1ef80a5860c/window'
12:00:41.344 [Forwarding getCurrentWindowHandle on session 7d7ecb7f0c3f35b6fe1fd1ef80a5860c to remote] DEBUG org.asynchttpclient.netty.request.NettyRequestSender - Using open Channel [id: 0x620f1558, L:/127.0.0.1:54840 - R:localhost/127.0.0.1:56665] for GET '/session/7d7ecb7f0c3f35b6fe1fd1ef80a5860c/window'
12:00:41.345 [AsyncHttpClient-1-2] DEBUG org.asynchttpclient.netty.handler.HttpHandler - 

Request DefaultFullHttpRequest(decodeResult: success, version: HTTP/1.1, content: EmptyByteBufBE)
GET /session/7d7ecb7f0c3f35b6fe1fd1ef80a5860c/window HTTP/1.1
User-Agent: selenium/4.4.0 (java windows)
Cache-Control: no-cache
Content-Type: application/json; charset=utf-8
host: localhost:56665
accept: */*

Response DefaultHttpResponse(decodeResult: success, version: HTTP/1.1)
HTTP/1.1 200 OK
Content-Type: application/json; charset=utf-8
cache-control: no-cache
content-length: 53

12:00:41.345 [AsyncHttpClient-1-2] DEBUG org.asynchttpclient.netty.channel.ChannelManager - Adding key: http://localhost:56665 for channel [id: 0x620f1558, L:/127.0.0.1:54840 - R:localhost/127.0.0.1:56665]
12:00:41.346 [Forwarding getAlertText on session 7d7ecb7f0c3f35b6fe1fd1ef80a5860c to remote] DEBUG org.asynchttpclient.netty.request.NettyRequestSender - Using pooled Channel '[id: 0x620f1558, L:/127.0.0.1:54840 - R:localhost/127.0.0.1:56665]' for 'GET' to 'http://localhost:56665/session/7d7ecb7f0c3f35b6fe1fd1ef80a5860c/alert/text'
12:00:41.346 [Forwarding getAlertText on session 7d7ecb7f0c3f35b6fe1fd1ef80a5860c to remote] DEBUG org.asynchttpclient.netty.request.NettyRequestSender - Using open Channel [id: 0x620f1558, L:/127.0.0.1:54840 - R:localhost/127.0.0.1:56665] for GET '/session/7d7ecb7f0c3f35b6fe1fd1ef80a5860c/alert/text'
12:00:41.346 [AsyncHttpClient-1-2] DEBUG org.asynchttpclient.netty.handler.HttpHandler - 

Request DefaultFullHttpRequest(decodeResult: success, version: HTTP/1.1, content: EmptyByteBufBE)
GET /session/7d7ecb7f0c3f35b6fe1fd1ef80a5860c/alert/text HTTP/1.1
User-Agent: selenium/4.4.0 (java windows)
Cache-Control: no-cache
Content-Type: application/json; charset=utf-8
host: localhost:56665
accept: */*

Response DefaultHttpResponse(decodeResult: success, version: HTTP/1.1)
HTTP/1.1 404 Not Found
Content-Type: application/json; charset=utf-8
cache-control: no-cache
content-length: 835

12:00:41.346 [AsyncHttpClient-1-2] DEBUG org.asynchttpclient.netty.channel.ChannelManager - Adding key: http://localhost:56665 for channel [id: 0x620f1558, L:/127.0.0.1:54840 - R:localhost/127.0.0.1:56665]
12:00:41.349 [Forwarding switchToWindow on session 7d7ecb7f0c3f35b6fe1fd1ef80a5860c to remote] DEBUG org.asynchttpclient.netty.request.NettyRequestSender - Using pooled Channel '[id: 0x620f1558, L:/127.0.0.1:54840 - R:localhost/127.0.0.1:56665]' for 'POST' to 'http://localhost:56665/session/7d7ecb7f0c3f35b6fe1fd1ef80a5860c/window'
12:00:41.350 [Forwarding switchToWindow on session 7d7ecb7f0c3f35b6fe1fd1ef80a5860c to remote] DEBUG org.asynchttpclient.netty.request.NettyRequestSender - Using open Channel [id: 0x620f1558, L:/127.0.0.1:54840 - R:localhost/127.0.0.1:56665] for POST '/session/7d7ecb7f0c3f35b6fe1fd1ef80a5860c/window'
12:00:41.352 [AsyncHttpClient-1-2] DEBUG org.asynchttpclient.netty.handler.HttpHandler - 

Request DefaultHttpRequest(decodeResult: success, version: HTTP/1.1)
POST /session/7d7ecb7f0c3f35b6fe1fd1ef80a5860c/window HTTP/1.1
User-Agent: selenium/4.4.0 (java windows)
Content-Length: 59
Content-Type: application/json; charset=utf-8
host: localhost:56665
accept: */*

Response DefaultHttpResponse(decodeResult: success, version: HTTP/1.1)
HTTP/1.1 200 OK
Content-Type: application/json; charset=utf-8
cache-control: no-cache
content-length: 14

12:00:41.352 [AsyncHttpClient-1-2] DEBUG org.asynchttpclient.netty.channel.ChannelManager - Adding key: http://localhost:56665 for channel [id: 0x620f1558, L:/127.0.0.1:54840 - R:localhost/127.0.0.1:56665]
12:00:41.353 [Forwarding getCurrentUrl on session 7d7ecb7f0c3f35b6fe1fd1ef80a5860c to remote] DEBUG org.asynchttpclient.netty.request.NettyRequestSender - Using pooled Channel '[id: 0x620f1558, L:/127.0.0.1:54840 - R:localhost/127.0.0.1:56665]' for 'GET' to 'http://localhost:56665/session/7d7ecb7f0c3f35b6fe1fd1ef80a5860c/url'
12:00:41.353 [Forwarding getCurrentUrl on session 7d7ecb7f0c3f35b6fe1fd1ef80a5860c to remote] DEBUG org.asynchttpclient.netty.request.NettyRequestSender - Using open Channel [id: 0x620f1558, L:/127.0.0.1:54840 - R:localhost/127.0.0.1:56665] for GET '/session/7d7ecb7f0c3f35b6fe1fd1ef80a5860c/url'
12:00:41.354 [AsyncHttpClient-1-2] DEBUG org.asynchttpclient.netty.handler.HttpHandler - 

Request DefaultFullHttpRequest(decodeResult: success, version: HTTP/1.1, content: EmptyByteBufBE)
GET /session/7d7ecb7f0c3f35b6fe1fd1ef80a5860c/url HTTP/1.1
User-Agent: selenium/4.4.0 (java windows)
Cache-Control: no-cache
Content-Type: application/json; charset=utf-8
host: localhost:56665
accept: */*

Response DefaultHttpResponse(decodeResult: success, version: HTTP/1.1)
HTTP/1.1 200 OK
Content-Type: application/json; charset=utf-8
cache-control: no-cache
content-length: 55

12:00:41.355 [AsyncHttpClient-1-2] DEBUG org.asynchttpclient.netty.channel.ChannelManager - Adding key: http://localhost:56665 for channel [id: 0x620f1558, L:/127.0.0.1:54840 - R:localhost/127.0.0.1:56665]
12:00:41.355 [Forwarding screenshot on session 7d7ecb7f0c3f35b6fe1fd1ef80a5860c to remote] DEBUG org.asynchttpclient.netty.request.NettyRequestSender - Using pooled Channel '[id: 0x620f1558, L:/127.0.0.1:54840 - R:localhost/127.0.0.1:56665]' for 'GET' to 'http://localhost:56665/session/7d7ecb7f0c3f35b6fe1fd1ef80a5860c/screenshot'
12:00:41.355 [Forwarding screenshot on session 7d7ecb7f0c3f35b6fe1fd1ef80a5860c to remote] DEBUG org.asynchttpclient.netty.request.NettyRequestSender - Using open Channel [id: 0x620f1558, L:/127.0.0.1:54840 - R:localhost/127.0.0.1:56665] for GET '/session/7d7ecb7f0c3f35b6fe1fd1ef80a5860c/screenshot'
12:00:41.504 [AsyncHttpClient-1-2] DEBUG org.asynchttpclient.netty.handler.HttpHandler - 

Request DefaultFullHttpRequest(decodeResult: success, version: HTTP/1.1, content: EmptyByteBufBE)
GET /session/7d7ecb7f0c3f35b6fe1fd1ef80a5860c/screenshot HTTP/1.1
User-Agent: selenium/4.4.0 (java windows)
Cache-Control: no-cache
Content-Type: application/json; charset=utf-8
host: localhost:56665
accept: */*

Response DefaultHttpResponse(decodeResult: success, version: HTTP/1.1)
HTTP/1.1 200 OK
Content-Type: application/json; charset=utf-8
cache-control: no-cache
content-length: 490952

12:00:41.506 [AsyncHttpClient-1-2] DEBUG org.asynchttpclient.netty.channel.ChannelManager - Adding key: http://localhost:56665 for channel [id: 0x620f1558, L:/127.0.0.1:54840 - R:localhost/127.0.0.1:56665]
12:00:41.519 [main] DEBUG net.serenitybdd.core.photography.Darkroom - Send negative for processing for target\site\serenity\4ae7c58816f91c8e629b0888f257af09544bc1a6f725a28ff647632eb8e0050f.png
12:00:41.519 [main] DEBUG net.thucydides.core.steps.StepInterceptor - STEP DONE: {0} enters #theTextAsAString into #locatorNames
12:00:41.519 [Darkroom Processing Line] DEBUG net.serenitybdd.core.photography.DarkroomProcessingLine - Processing screenshot image in /var/screenshots/screenshot-1657980414516819563
12:00:41.519 [Darkroom Processing Line] DEBUG net.serenitybdd.core.photography.DarkroomProcessingLine - Saving screenshot to target\site\serenity\4ae7c58816f91c8e629b0888f257af09544bc1a6f725a28ff647632eb8e0050f.png
12:00:41.526 [Forwarding getPageSource on session 7d7ecb7f0c3f35b6fe1fd1ef80a5860c to remote] DEBUG org.asynchttpclient.netty.request.NettyRequestSender - Using pooled Channel '[id: 0x620f1558, L:/127.0.0.1:54840 - R:localhost/127.0.0.1:56665]' for 'POST' to 'http://localhost:56665/session/7d7ecb7f0c3f35b6fe1fd1ef80a5860c/execute/sync'
12:00:41.527 [Forwarding getPageSource on session 7d7ecb7f0c3f35b6fe1fd1ef80a5860c to remote] DEBUG org.asynchttpclient.netty.request.NettyRequestSender - Using open Channel [id: 0x620f1558, L:/127.0.0.1:54840 - R:localhost/127.0.0.1:56665] for POST '/session/7d7ecb7f0c3f35b6fe1fd1ef80a5860c/execute/sync'
12:00:41.535 [AsyncHttpClient-1-2] DEBUG org.asynchttpclient.netty.handler.HttpHandler - 

Request DefaultHttpRequest(decodeResult: success, version: HTTP/1.1)
POST /session/7d7ecb7f0c3f35b6fe1fd1ef80a5860c/execute/sync HTTP/1.1
User-Agent: selenium/4.4.0 (java windows)
Content-Length: 176
Content-Type: application/json; charset=utf-8
host: localhost:56665
accept: */*

Response DefaultHttpResponse(decodeResult: success, version: HTTP/1.1)
HTTP/1.1 200 OK
Content-Type: application/json; charset=utf-8
cache-control: no-cache
content-length: 135190

12:00:41.536 [AsyncHttpClient-1-2] DEBUG org.asynchttpclient.netty.channel.ChannelManager - Adding key: http://localhost:56665 for channel [id: 0x620f1558, L:/127.0.0.1:54840 - R:localhost/127.0.0.1:56665]
12:00:41.544 [Forwarding getCurrentUrl on session 7d7ecb7f0c3f35b6fe1fd1ef80a5860c to remote] DEBUG org.asynchttpclient.netty.request.NettyRequestSender - Using pooled Channel '[id: 0x620f1558, L:/127.0.0.1:54840 - R:localhost/127.0.0.1:56665]' for 'GET' to 'http://localhost:56665/session/7d7ecb7f0c3f35b6fe1fd1ef80a5860c/url'
12:00:41.544 [Forwarding getCurrentUrl on session 7d7ecb7f0c3f35b6fe1fd1ef80a5860c to remote] DEBUG org.asynchttpclient.netty.request.NettyRequestSender - Using open Channel [id: 0x620f1558, L:/127.0.0.1:54840 - R:localhost/127.0.0.1:56665] for GET '/session/7d7ecb7f0c3f35b6fe1fd1ef80a5860c/url'
12:00:41.547 [AsyncHttpClient-1-2] DEBUG org.asynchttpclient.netty.handler.HttpHandler - 

Request DefaultFullHttpRequest(decodeResult: success, version: HTTP/1.1, content: EmptyByteBufBE)
GET /session/7d7ecb7f0c3f35b6fe1fd1ef80a5860c/url HTTP/1.1
User-Agent: selenium/4.4.0 (java windows)
Cache-Control: no-cache
Content-Type: application/json; charset=utf-8
host: localhost:56665
accept: */*

Response DefaultHttpResponse(decodeResult: success, version: HTTP/1.1)
HTTP/1.1 200 OK
Content-Type: application/json; charset=utf-8
cache-control: no-cache
content-length: 55

12:00:41.547 [AsyncHttpClient-1-2] DEBUG org.asynchttpclient.netty.channel.ChannelManager - Adding key: http://localhost:56665 for channel [id: 0x620f1558, L:/127.0.0.1:54840 - R:localhost/127.0.0.1:56665]
12:00:41.549 [main] DEBUG net.thucydides.core.steps.StepInterceptor - STARTING STEP: ReniecStepDefinitions.resultadosDeLaBusquedaDeLaPalabra - {0} clicks on #locators
12:00:41.552 [Forwarding findElement on session 7d7ecb7f0c3f35b6fe1fd1ef80a5860c to remote] DEBUG org.asynchttpclient.netty.request.NettyRequestSender - Using pooled Channel '[id: 0x620f1558, L:/127.0.0.1:54840 - R:localhost/127.0.0.1:56665]' for 'POST' to 'http://localhost:56665/session/7d7ecb7f0c3f35b6fe1fd1ef80a5860c/element'
12:00:41.553 [Forwarding findElement on session 7d7ecb7f0c3f35b6fe1fd1ef80a5860c to remote] DEBUG org.asynchttpclient.netty.request.NettyRequestSender - Using open Channel [id: 0x620f1558, L:/127.0.0.1:54840 - R:localhost/127.0.0.1:56665] for POST '/session/7d7ecb7f0c3f35b6fe1fd1ef80a5860c/element'
12:00:41.559 [AsyncHttpClient-1-2] DEBUG org.asynchttpclient.netty.handler.HttpHandler - 

Request DefaultHttpRequest(decodeResult: success, version: HTTP/1.1)
POST /session/7d7ecb7f0c3f35b6fe1fd1ef80a5860c/element HTTP/1.1
User-Agent: selenium/4.4.0 (java windows)
Content-Length: 58
Content-Type: application/json; charset=utf-8
host: localhost:56665
accept: */*

Response DefaultHttpResponse(decodeResult: success, version: HTTP/1.1)
HTTP/1.1 200 OK
Content-Type: application/json; charset=utf-8
cache-control: no-cache
content-length: 88

12:00:41.559 [AsyncHttpClient-1-2] DEBUG org.asynchttpclient.netty.channel.ChannelManager - Adding key: http://localhost:56665 for channel [id: 0x620f1558, L:/127.0.0.1:54840 - R:localhost/127.0.0.1:56665]
12:00:41.562 [Forwarding isElementDisplayed on session 7d7ecb7f0c3f35b6fe1fd1ef80a5860c to remote] DEBUG org.asynchttpclient.netty.request.NettyRequestSender - Using pooled Channel '[id: 0x620f1558, L:/127.0.0.1:54840 - R:localhost/127.0.0.1:56665]' for 'POST' to 'http://localhost:56665/session/7d7ecb7f0c3f35b6fe1fd1ef80a5860c/execute/sync'
12:00:41.562 [Forwarding isElementDisplayed on session 7d7ecb7f0c3f35b6fe1fd1ef80a5860c to remote] DEBUG org.asynchttpclient.netty.request.NettyRequestSender - Using open Channel [id: 0x620f1558, L:/127.0.0.1:54840 - R:localhost/127.0.0.1:56665] for POST '/session/7d7ecb7f0c3f35b6fe1fd1ef80a5860c/execute/sync'
12:00:41.570 [AsyncHttpClient-1-2] DEBUG org.asynchttpclient.netty.handler.HttpHandler - 

Request DefaultHttpRequest(decodeResult: success, version: HTTP/1.1)
POST /session/7d7ecb7f0c3f35b6fe1fd1ef80a5860c/execute/sync HTTP/1.1
User-Agent: selenium/4.4.0 (java windows)
Content-Length: 48780
Content-Type: application/json; charset=utf-8
host: localhost:56665
accept: */*

Response DefaultHttpResponse(decodeResult: success, version: HTTP/1.1)
HTTP/1.1 200 OK
Content-Type: application/json; charset=utf-8
cache-control: no-cache
content-length: 14

12:00:41.570 [AsyncHttpClient-1-2] DEBUG org.asynchttpclient.netty.channel.ChannelManager - Adding key: http://localhost:56665 for channel [id: 0x620f1558, L:/127.0.0.1:54840 - R:localhost/127.0.0.1:56665]
12:00:41.573 [Forwarding isElementDisplayed on session 7d7ecb7f0c3f35b6fe1fd1ef80a5860c to remote] DEBUG org.asynchttpclient.netty.request.NettyRequestSender - Using pooled Channel '[id: 0x620f1558, L:/127.0.0.1:54840 - R:localhost/127.0.0.1:56665]' for 'POST' to 'http://localhost:56665/session/7d7ecb7f0c3f35b6fe1fd1ef80a5860c/execute/sync'
12:00:41.574 [Forwarding isElementDisplayed on session 7d7ecb7f0c3f35b6fe1fd1ef80a5860c to remote] DEBUG org.asynchttpclient.netty.request.NettyRequestSender - Using open Channel [id: 0x620f1558, L:/127.0.0.1:54840 - R:localhost/127.0.0.1:56665] for POST '/session/7d7ecb7f0c3f35b6fe1fd1ef80a5860c/execute/sync'
12:00:41.581 [AsyncHttpClient-1-2] DEBUG org.asynchttpclient.netty.handler.HttpHandler - 

Request DefaultHttpRequest(decodeResult: success, version: HTTP/1.1)
POST /session/7d7ecb7f0c3f35b6fe1fd1ef80a5860c/execute/sync HTTP/1.1
User-Agent: selenium/4.4.0 (java windows)
Content-Length: 48780
Content-Type: application/json; charset=utf-8
host: localhost:56665
accept: */*

Response DefaultHttpResponse(decodeResult: success, version: HTTP/1.1)
HTTP/1.1 200 OK
Content-Type: application/json; charset=utf-8
cache-control: no-cache
content-length: 14

12:00:41.582 [AsyncHttpClient-1-2] DEBUG org.asynchttpclient.netty.channel.ChannelManager - Adding key: http://localhost:56665 for channel [id: 0x620f1558, L:/127.0.0.1:54840 - R:localhost/127.0.0.1:56665]
12:00:41.583 [Forwarding clickElement on session 7d7ecb7f0c3f35b6fe1fd1ef80a5860c to remote] DEBUG org.asynchttpclient.netty.request.NettyRequestSender - Using pooled Channel '[id: 0x620f1558, L:/127.0.0.1:54840 - R:localhost/127.0.0.1:56665]' for 'POST' to 'http://localhost:56665/session/7d7ecb7f0c3f35b6fe1fd1ef80a5860c/element/233bf939-9d4d-4580-834c-7ae164a4cc6f/click'
12:00:41.583 [Forwarding clickElement on session 7d7ecb7f0c3f35b6fe1fd1ef80a5860c to remote] DEBUG org.asynchttpclient.netty.request.NettyRequestSender - Using open Channel [id: 0x620f1558, L:/127.0.0.1:54840 - R:localhost/127.0.0.1:56665] for POST '/session/7d7ecb7f0c3f35b6fe1fd1ef80a5860c/element/233bf939-9d4d-4580-834c-7ae164a4cc6f/click'
12:00:41.762 [AsyncHttpClient-1-2] DEBUG org.asynchttpclient.netty.handler.HttpHandler - 

Request DefaultHttpRequest(decodeResult: success, version: HTTP/1.1)
POST /session/7d7ecb7f0c3f35b6fe1fd1ef80a5860c/element/233bf939-9d4d-4580-834c-7ae164a4cc6f/click HTTP/1.1
User-Agent: selenium/4.4.0 (java windows)
Content-Length: 50
Content-Type: application/json; charset=utf-8
host: localhost:56665
accept: */*

Response DefaultHttpResponse(decodeResult: success, version: HTTP/1.1)
HTTP/1.1 200 OK
Content-Type: application/json; charset=utf-8
cache-control: no-cache
content-length: 14

12:00:41.762 [AsyncHttpClient-1-2] DEBUG org.asynchttpclient.netty.channel.ChannelManager - Adding key: http://localhost:56665 for channel [id: 0x620f1558, L:/127.0.0.1:54840 - R:localhost/127.0.0.1:56665]
12:00:41.766 [Forwarding getCurrentWindowHandle on session 7d7ecb7f0c3f35b6fe1fd1ef80a5860c to remote] DEBUG org.asynchttpclient.netty.request.NettyRequestSender - Using pooled Channel '[id: 0x620f1558, L:/127.0.0.1:54840 - R:localhost/127.0.0.1:56665]' for 'GET' to 'http://localhost:56665/session/7d7ecb7f0c3f35b6fe1fd1ef80a5860c/window'
12:00:41.766 [Forwarding getCurrentWindowHandle on session 7d7ecb7f0c3f35b6fe1fd1ef80a5860c to remote] DEBUG org.asynchttpclient.netty.request.NettyRequestSender - Using open Channel [id: 0x620f1558, L:/127.0.0.1:54840 - R:localhost/127.0.0.1:56665] for GET '/session/7d7ecb7f0c3f35b6fe1fd1ef80a5860c/window'
12:00:41.767 [AsyncHttpClient-1-2] DEBUG org.asynchttpclient.netty.handler.HttpHandler - 

Request DefaultFullHttpRequest(decodeResult: success, version: HTTP/1.1, content: EmptyByteBufBE)
GET /session/7d7ecb7f0c3f35b6fe1fd1ef80a5860c/window HTTP/1.1
User-Agent: selenium/4.4.0 (java windows)
Cache-Control: no-cache
Content-Type: application/json; charset=utf-8
host: localhost:56665
accept: */*

Response DefaultHttpResponse(decodeResult: success, version: HTTP/1.1)
HTTP/1.1 200 OK
Content-Type: application/json; charset=utf-8
cache-control: no-cache
content-length: 53

12:00:41.767 [AsyncHttpClient-1-2] DEBUG org.asynchttpclient.netty.channel.ChannelManager - Adding key: http://localhost:56665 for channel [id: 0x620f1558, L:/127.0.0.1:54840 - R:localhost/127.0.0.1:56665]
12:00:41.768 [Forwarding getAlertText on session 7d7ecb7f0c3f35b6fe1fd1ef80a5860c to remote] DEBUG org.asynchttpclient.netty.request.NettyRequestSender - Using pooled Channel '[id: 0x620f1558, L:/127.0.0.1:54840 - R:localhost/127.0.0.1:56665]' for 'GET' to 'http://localhost:56665/session/7d7ecb7f0c3f35b6fe1fd1ef80a5860c/alert/text'
12:00:41.768 [Forwarding getAlertText on session 7d7ecb7f0c3f35b6fe1fd1ef80a5860c to remote] DEBUG org.asynchttpclient.netty.request.NettyRequestSender - Using open Channel [id: 0x620f1558, L:/127.0.0.1:54840 - R:localhost/127.0.0.1:56665] for GET '/session/7d7ecb7f0c3f35b6fe1fd1ef80a5860c/alert/text'
12:00:41.771 [AsyncHttpClient-1-2] DEBUG org.asynchttpclient.netty.handler.HttpHandler - 

Request DefaultFullHttpRequest(decodeResult: success, version: HTTP/1.1, content: EmptyByteBufBE)
GET /session/7d7ecb7f0c3f35b6fe1fd1ef80a5860c/alert/text HTTP/1.1
User-Agent: selenium/4.4.0 (java windows)
Cache-Control: no-cache
Content-Type: application/json; charset=utf-8
host: localhost:56665
accept: */*

Response DefaultHttpResponse(decodeResult: success, version: HTTP/1.1)
HTTP/1.1 404 Not Found
Content-Type: application/json; charset=utf-8
cache-control: no-cache
content-length: 835

12:00:41.771 [AsyncHttpClient-1-2] DEBUG org.asynchttpclient.netty.channel.ChannelManager - Adding key: http://localhost:56665 for channel [id: 0x620f1558, L:/127.0.0.1:54840 - R:localhost/127.0.0.1:56665]
12:00:41.773 [Forwarding switchToWindow on session 7d7ecb7f0c3f35b6fe1fd1ef80a5860c to remote] DEBUG org.asynchttpclient.netty.request.NettyRequestSender - Using pooled Channel '[id: 0x620f1558, L:/127.0.0.1:54840 - R:localhost/127.0.0.1:56665]' for 'POST' to 'http://localhost:56665/session/7d7ecb7f0c3f35b6fe1fd1ef80a5860c/window'
12:00:41.773 [Forwarding switchToWindow on session 7d7ecb7f0c3f35b6fe1fd1ef80a5860c to remote] DEBUG org.asynchttpclient.netty.request.NettyRequestSender - Using open Channel [id: 0x620f1558, L:/127.0.0.1:54840 - R:localhost/127.0.0.1:56665] for POST '/session/7d7ecb7f0c3f35b6fe1fd1ef80a5860c/window'
12:00:41.774 [AsyncHttpClient-1-2] DEBUG org.asynchttpclient.netty.handler.HttpHandler - 

Request DefaultHttpRequest(decodeResult: success, version: HTTP/1.1)
POST /session/7d7ecb7f0c3f35b6fe1fd1ef80a5860c/window HTTP/1.1
User-Agent: selenium/4.4.0 (java windows)
Content-Length: 59
Content-Type: application/json; charset=utf-8
host: localhost:56665
accept: */*

Response DefaultHttpResponse(decodeResult: success, version: HTTP/1.1)
HTTP/1.1 200 OK
Content-Type: application/json; charset=utf-8
cache-control: no-cache
content-length: 14

12:00:41.774 [AsyncHttpClient-1-2] DEBUG org.asynchttpclient.netty.channel.ChannelManager - Adding key: http://localhost:56665 for channel [id: 0x620f1558, L:/127.0.0.1:54840 - R:localhost/127.0.0.1:56665]
12:00:41.774 [Forwarding getCurrentUrl on session 7d7ecb7f0c3f35b6fe1fd1ef80a5860c to remote] DEBUG org.asynchttpclient.netty.request.NettyRequestSender - Using pooled Channel '[id: 0x620f1558, L:/127.0.0.1:54840 - R:localhost/127.0.0.1:56665]' for 'GET' to 'http://localhost:56665/session/7d7ecb7f0c3f35b6fe1fd1ef80a5860c/url'
12:00:41.774 [Forwarding getCurrentUrl on session 7d7ecb7f0c3f35b6fe1fd1ef80a5860c to remote] DEBUG org.asynchttpclient.netty.request.NettyRequestSender - Using open Channel [id: 0x620f1558, L:/127.0.0.1:54840 - R:localhost/127.0.0.1:56665] for GET '/session/7d7ecb7f0c3f35b6fe1fd1ef80a5860c/url'
12:00:41.776 [AsyncHttpClient-1-2] DEBUG org.asynchttpclient.netty.handler.HttpHandler - 

Request DefaultFullHttpRequest(decodeResult: success, version: HTTP/1.1, content: EmptyByteBufBE)
GET /session/7d7ecb7f0c3f35b6fe1fd1ef80a5860c/url HTTP/1.1
User-Agent: selenium/4.4.0 (java windows)
Cache-Control: no-cache
Content-Type: application/json; charset=utf-8
host: localhost:56665
accept: */*

Response DefaultHttpResponse(decodeResult: success, version: HTTP/1.1)
HTTP/1.1 200 OK
Content-Type: application/json; charset=utf-8
cache-control: no-cache
content-length: 55

12:00:41.776 [AsyncHttpClient-1-2] DEBUG org.asynchttpclient.netty.channel.ChannelManager - Adding key: http://localhost:56665 for channel [id: 0x620f1558, L:/127.0.0.1:54840 - R:localhost/127.0.0.1:56665]
12:00:41.777 [Forwarding screenshot on session 7d7ecb7f0c3f35b6fe1fd1ef80a5860c to remote] DEBUG org.asynchttpclient.netty.request.NettyRequestSender - Using pooled Channel '[id: 0x620f1558, L:/127.0.0.1:54840 - R:localhost/127.0.0.1:56665]' for 'GET' to 'http://localhost:56665/session/7d7ecb7f0c3f35b6fe1fd1ef80a5860c/screenshot'
12:00:41.777 [Forwarding screenshot on session 7d7ecb7f0c3f35b6fe1fd1ef80a5860c to remote] DEBUG org.asynchttpclient.netty.request.NettyRequestSender - Using open Channel [id: 0x620f1558, L:/127.0.0.1:54840 - R:localhost/127.0.0.1:56665] for GET '/session/7d7ecb7f0c3f35b6fe1fd1ef80a5860c/screenshot'
12:00:41.960 [AsyncHttpClient-1-2] DEBUG org.asynchttpclient.netty.handler.HttpHandler - 

Request DefaultFullHttpRequest(decodeResult: success, version: HTTP/1.1, content: EmptyByteBufBE)
GET /session/7d7ecb7f0c3f35b6fe1fd1ef80a5860c/screenshot HTTP/1.1
User-Agent: selenium/4.4.0 (java windows)
Cache-Control: no-cache
Content-Type: application/json; charset=utf-8
host: localhost:56665
accept: */*

Response DefaultHttpResponse(decodeResult: success, version: HTTP/1.1)
HTTP/1.1 200 OK
Content-Type: application/json; charset=utf-8
cache-control: no-cache
content-length: 335268

12:00:41.960 [AsyncHttpClient-1-2] DEBUG org.asynchttpclient.netty.channel.ChannelManager - Adding key: http://localhost:56665 for channel [id: 0x620f1558, L:/127.0.0.1:54840 - R:localhost/127.0.0.1:56665]
12:00:41.968 [main] DEBUG net.serenitybdd.core.photography.Darkroom - Send negative for processing for target\site\serenity\c2e83f46b6a6d0f231d4b9b1e627105ee22d2c2c5a6dc16eb7b4e5bf0d651d1f.png
12:00:41.968 [main] DEBUG net.thucydides.core.steps.StepInterceptor - STEP DONE: {0} clicks on #locators
12:00:41.968 [Darkroom Processing Line] DEBUG net.serenitybdd.core.photography.DarkroomProcessingLine - Processing screenshot image in /var/screenshots/screenshot-412499077374303468
12:00:41.968 [Darkroom Processing Line] DEBUG net.serenitybdd.core.photography.DarkroomProcessingLine - Saving screenshot to target\site\serenity\c2e83f46b6a6d0f231d4b9b1e627105ee22d2c2c5a6dc16eb7b4e5bf0d651d1f.png
12:00:41.971 [main] DEBUG net.thucydides.core.steps.StepInterceptor - STEP DONE: !#title
12:00:41.975 [Forwarding getPageSource on session 7d7ecb7f0c3f35b6fe1fd1ef80a5860c to remote] DEBUG org.asynchttpclient.netty.request.NettyRequestSender - Using pooled Channel '[id: 0x620f1558, L:/127.0.0.1:54840 - R:localhost/127.0.0.1:56665]' for 'POST' to 'http://localhost:56665/session/7d7ecb7f0c3f35b6fe1fd1ef80a5860c/execute/sync'
12:00:41.975 [Forwarding getPageSource on session 7d7ecb7f0c3f35b6fe1fd1ef80a5860c to remote] DEBUG org.asynchttpclient.netty.request.NettyRequestSender - Using open Channel [id: 0x620f1558, L:/127.0.0.1:54840 - R:localhost/127.0.0.1:56665] for POST '/session/7d7ecb7f0c3f35b6fe1fd1ef80a5860c/execute/sync'
12:00:41.984 [AsyncHttpClient-1-2] DEBUG org.asynchttpclient.netty.handler.HttpHandler - 

Request DefaultHttpRequest(decodeResult: success, version: HTTP/1.1)
POST /session/7d7ecb7f0c3f35b6fe1fd1ef80a5860c/execute/sync HTTP/1.1
User-Agent: selenium/4.4.0 (java windows)
Content-Length: 176
Content-Type: application/json; charset=utf-8
host: localhost:56665
accept: */*

Response DefaultHttpResponse(decodeResult: success, version: HTTP/1.1)
HTTP/1.1 200 OK
Content-Type: application/json; charset=utf-8
cache-control: no-cache
content-length: 136925

12:00:41.984 [AsyncHttpClient-1-2] DEBUG org.asynchttpclient.netty.channel.ChannelManager - Adding key: http://localhost:56665 for channel [id: 0x620f1558, L:/127.0.0.1:54840 - R:localhost/127.0.0.1:56665]
12:00:41.992 [Forwarding getCurrentUrl on session 7d7ecb7f0c3f35b6fe1fd1ef80a5860c to remote] DEBUG org.asynchttpclient.netty.request.NettyRequestSender - Using pooled Channel '[id: 0x620f1558, L:/127.0.0.1:54840 - R:localhost/127.0.0.1:56665]' for 'GET' to 'http://localhost:56665/session/7d7ecb7f0c3f35b6fe1fd1ef80a5860c/url'
12:00:41.992 [Forwarding getCurrentUrl on session 7d7ecb7f0c3f35b6fe1fd1ef80a5860c to remote] DEBUG org.asynchttpclient.netty.request.NettyRequestSender - Using open Channel [id: 0x620f1558, L:/127.0.0.1:54840 - R:localhost/127.0.0.1:56665] for GET '/session/7d7ecb7f0c3f35b6fe1fd1ef80a5860c/url'
12:00:41.994 [AsyncHttpClient-1-2] DEBUG org.asynchttpclient.netty.handler.HttpHandler - 

Request DefaultFullHttpRequest(decodeResult: success, version: HTTP/1.1, content: EmptyByteBufBE)
GET /session/7d7ecb7f0c3f35b6fe1fd1ef80a5860c/url HTTP/1.1
User-Agent: selenium/4.4.0 (java windows)
Cache-Control: no-cache
Content-Type: application/json; charset=utf-8
host: localhost:56665
accept: */*

Response DefaultHttpResponse(decodeResult: success, version: HTTP/1.1)
HTTP/1.1 200 OK
Content-Type: application/json; charset=utf-8
cache-control: no-cache
content-length: 55

12:00:41.994 [AsyncHttpClient-1-2] DEBUG org.asynchttpclient.netty.channel.ChannelManager - Adding key: http://localhost:56665 for channel [id: 0x620f1558, L:/127.0.0.1:54840 - R:localhost/127.0.0.1:56665]
12:00:42.001 [Forwarding getPageSource on session 7d7ecb7f0c3f35b6fe1fd1ef80a5860c to remote] DEBUG org.asynchttpclient.netty.request.NettyRequestSender - Using pooled Channel '[id: 0x620f1558, L:/127.0.0.1:54840 - R:localhost/127.0.0.1:56665]' for 'POST' to 'http://localhost:56665/session/7d7ecb7f0c3f35b6fe1fd1ef80a5860c/execute/sync'
12:00:42.001 [Forwarding getPageSource on session 7d7ecb7f0c3f35b6fe1fd1ef80a5860c to remote] DEBUG org.asynchttpclient.netty.request.NettyRequestSender - Using open Channel [id: 0x620f1558, L:/127.0.0.1:54840 - R:localhost/127.0.0.1:56665] for POST '/session/7d7ecb7f0c3f35b6fe1fd1ef80a5860c/execute/sync'
12:00:42.009 [AsyncHttpClient-1-2] DEBUG org.asynchttpclient.netty.handler.HttpHandler - 

Request DefaultHttpRequest(decodeResult: success, version: HTTP/1.1)
POST /session/7d7ecb7f0c3f35b6fe1fd1ef80a5860c/execute/sync HTTP/1.1
User-Agent: selenium/4.4.0 (java windows)
Content-Length: 176
Content-Type: application/json; charset=utf-8
host: localhost:56665
accept: */*

Response DefaultHttpResponse(decodeResult: success, version: HTTP/1.1)
HTTP/1.1 200 OK
Content-Type: application/json; charset=utf-8
cache-control: no-cache
content-length: 136925

12:00:42.010 [AsyncHttpClient-1-2] DEBUG org.asynchttpclient.netty.channel.ChannelManager - Adding key: http://localhost:56665 for channel [id: 0x620f1558, L:/127.0.0.1:54840 - R:localhost/127.0.0.1:56665]
12:00:42.017 [Forwarding getCurrentUrl on session 7d7ecb7f0c3f35b6fe1fd1ef80a5860c to remote] DEBUG org.asynchttpclient.netty.request.NettyRequestSender - Using pooled Channel '[id: 0x620f1558, L:/127.0.0.1:54840 - R:localhost/127.0.0.1:56665]' for 'GET' to 'http://localhost:56665/session/7d7ecb7f0c3f35b6fe1fd1ef80a5860c/url'
12:00:42.017 [Forwarding getCurrentUrl on session 7d7ecb7f0c3f35b6fe1fd1ef80a5860c to remote] DEBUG org.asynchttpclient.netty.request.NettyRequestSender - Using open Channel [id: 0x620f1558, L:/127.0.0.1:54840 - R:localhost/127.0.0.1:56665] for GET '/session/7d7ecb7f0c3f35b6fe1fd1ef80a5860c/url'
12:00:42.020 [AsyncHttpClient-1-2] DEBUG org.asynchttpclient.netty.handler.HttpHandler - 

Request DefaultFullHttpRequest(decodeResult: success, version: HTTP/1.1, content: EmptyByteBufBE)
GET /session/7d7ecb7f0c3f35b6fe1fd1ef80a5860c/url HTTP/1.1
User-Agent: selenium/4.4.0 (java windows)
Cache-Control: no-cache
Content-Type: application/json; charset=utf-8
host: localhost:56665
accept: */*

Response DefaultHttpResponse(decodeResult: success, version: HTTP/1.1)
HTTP/1.1 200 OK
Content-Type: application/json; charset=utf-8
cache-control: no-cache
content-length: 55

12:00:42.020 [AsyncHttpClient-1-2] DEBUG org.asynchttpclient.netty.channel.ChannelManager - Adding key: http://localhost:56665 for channel [id: 0x620f1558, L:/127.0.0.1:54840 - R:localhost/127.0.0.1:56665]
12:00:42.022 [main] DEBUG net.thucydides.core.steps.StepInterceptor - STARTING STEP: ReniecStepDefinitions.regresaALaPestaniaDeLaReniec - !#title
12:00:42.025 [Forwarding getCurrentWindowHandle on session 7d7ecb7f0c3f35b6fe1fd1ef80a5860c to remote] DEBUG org.asynchttpclient.netty.request.NettyRequestSender - Using pooled Channel '[id: 0x620f1558, L:/127.0.0.1:54840 - R:localhost/127.0.0.1:56665]' for 'GET' to 'http://localhost:56665/session/7d7ecb7f0c3f35b6fe1fd1ef80a5860c/window'
12:00:42.025 [Forwarding getCurrentWindowHandle on session 7d7ecb7f0c3f35b6fe1fd1ef80a5860c to remote] DEBUG org.asynchttpclient.netty.request.NettyRequestSender - Using open Channel [id: 0x620f1558, L:/127.0.0.1:54840 - R:localhost/127.0.0.1:56665] for GET '/session/7d7ecb7f0c3f35b6fe1fd1ef80a5860c/window'
12:00:42.026 [AsyncHttpClient-1-2] DEBUG org.asynchttpclient.netty.handler.HttpHandler - 

Request DefaultFullHttpRequest(decodeResult: success, version: HTTP/1.1, content: EmptyByteBufBE)
GET /session/7d7ecb7f0c3f35b6fe1fd1ef80a5860c/window HTTP/1.1
User-Agent: selenium/4.4.0 (java windows)
Cache-Control: no-cache
Content-Type: application/json; charset=utf-8
host: localhost:56665
accept: */*

Response DefaultHttpResponse(decodeResult: success, version: HTTP/1.1)
HTTP/1.1 200 OK
Content-Type: application/json; charset=utf-8
cache-control: no-cache
content-length: 53

12:00:42.026 [AsyncHttpClient-1-2] DEBUG org.asynchttpclient.netty.channel.ChannelManager - Adding key: http://localhost:56665 for channel [id: 0x620f1558, L:/127.0.0.1:54840 - R:localhost/127.0.0.1:56665]
12:00:42.027 [Forwarding getAlertText on session 7d7ecb7f0c3f35b6fe1fd1ef80a5860c to remote] DEBUG org.asynchttpclient.netty.request.NettyRequestSender - Using pooled Channel '[id: 0x620f1558, L:/127.0.0.1:54840 - R:localhost/127.0.0.1:56665]' for 'GET' to 'http://localhost:56665/session/7d7ecb7f0c3f35b6fe1fd1ef80a5860c/alert/text'
12:00:42.027 [Forwarding getAlertText on session 7d7ecb7f0c3f35b6fe1fd1ef80a5860c to remote] DEBUG org.asynchttpclient.netty.request.NettyRequestSender - Using open Channel [id: 0x620f1558, L:/127.0.0.1:54840 - R:localhost/127.0.0.1:56665] for GET '/session/7d7ecb7f0c3f35b6fe1fd1ef80a5860c/alert/text'
12:00:42.028 [AsyncHttpClient-1-2] DEBUG org.asynchttpclient.netty.handler.HttpHandler - 

Request DefaultFullHttpRequest(decodeResult: success, version: HTTP/1.1, content: EmptyByteBufBE)
GET /session/7d7ecb7f0c3f35b6fe1fd1ef80a5860c/alert/text HTTP/1.1
User-Agent: selenium/4.4.0 (java windows)
Cache-Control: no-cache
Content-Type: application/json; charset=utf-8
host: localhost:56665
accept: */*

Response DefaultHttpResponse(decodeResult: success, version: HTTP/1.1)
HTTP/1.1 404 Not Found
Content-Type: application/json; charset=utf-8
cache-control: no-cache
content-length: 835

12:00:42.028 [AsyncHttpClient-1-2] DEBUG org.asynchttpclient.netty.channel.ChannelManager - Adding key: http://localhost:56665 for channel [id: 0x620f1558, L:/127.0.0.1:54840 - R:localhost/127.0.0.1:56665]
12:00:42.030 [Forwarding switchToWindow on session 7d7ecb7f0c3f35b6fe1fd1ef80a5860c to remote] DEBUG org.asynchttpclient.netty.request.NettyRequestSender - Using pooled Channel '[id: 0x620f1558, L:/127.0.0.1:54840 - R:localhost/127.0.0.1:56665]' for 'POST' to 'http://localhost:56665/session/7d7ecb7f0c3f35b6fe1fd1ef80a5860c/window'
12:00:42.030 [Forwarding switchToWindow on session 7d7ecb7f0c3f35b6fe1fd1ef80a5860c to remote] DEBUG org.asynchttpclient.netty.request.NettyRequestSender - Using open Channel [id: 0x620f1558, L:/127.0.0.1:54840 - R:localhost/127.0.0.1:56665] for POST '/session/7d7ecb7f0c3f35b6fe1fd1ef80a5860c/window'
12:00:42.031 [AsyncHttpClient-1-2] DEBUG org.asynchttpclient.netty.handler.HttpHandler - 

Request DefaultHttpRequest(decodeResult: success, version: HTTP/1.1)
POST /session/7d7ecb7f0c3f35b6fe1fd1ef80a5860c/window HTTP/1.1
User-Agent: selenium/4.4.0 (java windows)
Content-Length: 59
Content-Type: application/json; charset=utf-8
host: localhost:56665
accept: */*

Response DefaultHttpResponse(decodeResult: success, version: HTTP/1.1)
HTTP/1.1 200 OK
Content-Type: application/json; charset=utf-8
cache-control: no-cache
content-length: 14

12:00:42.031 [AsyncHttpClient-1-2] DEBUG org.asynchttpclient.netty.channel.ChannelManager - Adding key: http://localhost:56665 for channel [id: 0x620f1558, L:/127.0.0.1:54840 - R:localhost/127.0.0.1:56665]
12:00:42.031 [Forwarding getCurrentUrl on session 7d7ecb7f0c3f35b6fe1fd1ef80a5860c to remote] DEBUG org.asynchttpclient.netty.request.NettyRequestSender - Using pooled Channel '[id: 0x620f1558, L:/127.0.0.1:54840 - R:localhost/127.0.0.1:56665]' for 'GET' to 'http://localhost:56665/session/7d7ecb7f0c3f35b6fe1fd1ef80a5860c/url'
12:00:42.031 [Forwarding getCurrentUrl on session 7d7ecb7f0c3f35b6fe1fd1ef80a5860c to remote] DEBUG org.asynchttpclient.netty.request.NettyRequestSender - Using open Channel [id: 0x620f1558, L:/127.0.0.1:54840 - R:localhost/127.0.0.1:56665] for GET '/session/7d7ecb7f0c3f35b6fe1fd1ef80a5860c/url'
12:00:42.034 [AsyncHttpClient-1-2] DEBUG org.asynchttpclient.netty.handler.HttpHandler - 

Request DefaultFullHttpRequest(decodeResult: success, version: HTTP/1.1, content: EmptyByteBufBE)
GET /session/7d7ecb7f0c3f35b6fe1fd1ef80a5860c/url HTTP/1.1
User-Agent: selenium/4.4.0 (java windows)
Cache-Control: no-cache
Content-Type: application/json; charset=utf-8
host: localhost:56665
accept: */*

Response DefaultHttpResponse(decodeResult: success, version: HTTP/1.1)
HTTP/1.1 200 OK
Content-Type: application/json; charset=utf-8
cache-control: no-cache
content-length: 55

12:00:42.034 [AsyncHttpClient-1-2] DEBUG org.asynchttpclient.netty.channel.ChannelManager - Adding key: http://localhost:56665 for channel [id: 0x620f1558, L:/127.0.0.1:54840 - R:localhost/127.0.0.1:56665]
12:00:42.034 [Forwarding screenshot on session 7d7ecb7f0c3f35b6fe1fd1ef80a5860c to remote] DEBUG org.asynchttpclient.netty.request.NettyRequestSender - Using pooled Channel '[id: 0x620f1558, L:/127.0.0.1:54840 - R:localhost/127.0.0.1:56665]' for 'GET' to 'http://localhost:56665/session/7d7ecb7f0c3f35b6fe1fd1ef80a5860c/screenshot'
12:00:42.034 [Forwarding screenshot on session 7d7ecb7f0c3f35b6fe1fd1ef80a5860c to remote] DEBUG org.asynchttpclient.netty.request.NettyRequestSender - Using open Channel [id: 0x620f1558, L:/127.0.0.1:54840 - R:localhost/127.0.0.1:56665] for GET '/session/7d7ecb7f0c3f35b6fe1fd1ef80a5860c/screenshot'
12:00:42.155 [AsyncHttpClient-1-2] DEBUG org.asynchttpclient.netty.handler.HttpHandler - 

Request DefaultFullHttpRequest(decodeResult: success, version: HTTP/1.1, content: EmptyByteBufBE)
GET /session/7d7ecb7f0c3f35b6fe1fd1ef80a5860c/screenshot HTTP/1.1
User-Agent: selenium/4.4.0 (java windows)
Cache-Control: no-cache
Content-Type: application/json; charset=utf-8
host: localhost:56665
accept: */*

Response DefaultHttpResponse(decodeResult: success, version: HTTP/1.1)
HTTP/1.1 200 OK
Content-Type: application/json; charset=utf-8
cache-control: no-cache
content-length: 335268

12:00:42.155 [AsyncHttpClient-1-2] DEBUG org.asynchttpclient.netty.channel.ChannelManager - Adding key: http://localhost:56665 for channel [id: 0x620f1558, L:/127.0.0.1:54840 - R:localhost/127.0.0.1:56665]
12:00:42.162 [main] DEBUG net.serenitybdd.core.photography.Darkroom - Send negative for processing for target\site\serenity\c2e83f46b6a6d0f231d4b9b1e627105ee22d2c2c5a6dc16eb7b4e5bf0d651d1f.png
12:00:42.164 [Forwarding getPageSource on session 7d7ecb7f0c3f35b6fe1fd1ef80a5860c to remote] DEBUG org.asynchttpclient.netty.request.NettyRequestSender - Using pooled Channel '[id: 0x620f1558, L:/127.0.0.1:54840 - R:localhost/127.0.0.1:56665]' for 'POST' to 'http://localhost:56665/session/7d7ecb7f0c3f35b6fe1fd1ef80a5860c/execute/sync'
12:00:42.164 [Forwarding getPageSource on session 7d7ecb7f0c3f35b6fe1fd1ef80a5860c to remote] DEBUG org.asynchttpclient.netty.request.NettyRequestSender - Using open Channel [id: 0x620f1558, L:/127.0.0.1:54840 - R:localhost/127.0.0.1:56665] for POST '/session/7d7ecb7f0c3f35b6fe1fd1ef80a5860c/execute/sync'
12:00:42.172 [AsyncHttpClient-1-2] DEBUG org.asynchttpclient.netty.handler.HttpHandler - 

Request DefaultHttpRequest(decodeResult: success, version: HTTP/1.1)
POST /session/7d7ecb7f0c3f35b6fe1fd1ef80a5860c/execute/sync HTTP/1.1
User-Agent: selenium/4.4.0 (java windows)
Content-Length: 176
Content-Type: application/json; charset=utf-8
host: localhost:56665
accept: */*

Response DefaultHttpResponse(decodeResult: success, version: HTTP/1.1)
HTTP/1.1 200 OK
Content-Type: application/json; charset=utf-8
cache-control: no-cache
content-length: 136925

12:00:42.172 [AsyncHttpClient-1-2] DEBUG org.asynchttpclient.netty.channel.ChannelManager - Adding key: http://localhost:56665 for channel [id: 0x620f1558, L:/127.0.0.1:54840 - R:localhost/127.0.0.1:56665]
12:00:42.181 [Forwarding getCurrentUrl on session 7d7ecb7f0c3f35b6fe1fd1ef80a5860c to remote] DEBUG org.asynchttpclient.netty.request.NettyRequestSender - Using pooled Channel '[id: 0x620f1558, L:/127.0.0.1:54840 - R:localhost/127.0.0.1:56665]' for 'GET' to 'http://localhost:56665/session/7d7ecb7f0c3f35b6fe1fd1ef80a5860c/url'
12:00:42.181 [Forwarding getCurrentUrl on session 7d7ecb7f0c3f35b6fe1fd1ef80a5860c to remote] DEBUG org.asynchttpclient.netty.request.NettyRequestSender - Using open Channel [id: 0x620f1558, L:/127.0.0.1:54840 - R:localhost/127.0.0.1:56665] for GET '/session/7d7ecb7f0c3f35b6fe1fd1ef80a5860c/url'
12:00:42.184 [AsyncHttpClient-1-2] DEBUG org.asynchttpclient.netty.handler.HttpHandler - 

Request DefaultFullHttpRequest(decodeResult: success, version: HTTP/1.1, content: EmptyByteBufBE)
GET /session/7d7ecb7f0c3f35b6fe1fd1ef80a5860c/url HTTP/1.1
User-Agent: selenium/4.4.0 (java windows)
Cache-Control: no-cache
Content-Type: application/json; charset=utf-8
host: localhost:56665
accept: */*

Response DefaultHttpResponse(decodeResult: success, version: HTTP/1.1)
HTTP/1.1 200 OK
Content-Type: application/json; charset=utf-8
cache-control: no-cache
content-length: 55

12:00:42.184 [AsyncHttpClient-1-2] DEBUG org.asynchttpclient.netty.channel.ChannelManager - Adding key: http://localhost:56665 for channel [id: 0x620f1558, L:/127.0.0.1:54840 - R:localhost/127.0.0.1:56665]
12:00:42.185 [main] DEBUG net.thucydides.core.steps.StepInterceptor - STARTING STEP: ReniecStepDefinitions.regresaALaPestaniaDeLaReniec - performAs
12:00:42.186 [Forwarding getCurrentWindowHandle on session 7d7ecb7f0c3f35b6fe1fd1ef80a5860c to remote] DEBUG org.asynchttpclient.netty.request.NettyRequestSender - Using pooled Channel '[id: 0x620f1558, L:/127.0.0.1:54840 - R:localhost/127.0.0.1:56665]' for 'GET' to 'http://localhost:56665/session/7d7ecb7f0c3f35b6fe1fd1ef80a5860c/window'
12:00:42.186 [Forwarding getCurrentWindowHandle on session 7d7ecb7f0c3f35b6fe1fd1ef80a5860c to remote] DEBUG org.asynchttpclient.netty.request.NettyRequestSender - Using open Channel [id: 0x620f1558, L:/127.0.0.1:54840 - R:localhost/127.0.0.1:56665] for GET '/session/7d7ecb7f0c3f35b6fe1fd1ef80a5860c/window'
12:00:42.187 [AsyncHttpClient-1-2] DEBUG org.asynchttpclient.netty.handler.HttpHandler - 

Request DefaultFullHttpRequest(decodeResult: success, version: HTTP/1.1, content: EmptyByteBufBE)
GET /session/7d7ecb7f0c3f35b6fe1fd1ef80a5860c/window HTTP/1.1
User-Agent: selenium/4.4.0 (java windows)
Cache-Control: no-cache
Content-Type: application/json; charset=utf-8
host: localhost:56665
accept: */*

Response DefaultHttpResponse(decodeResult: success, version: HTTP/1.1)
HTTP/1.1 200 OK
Content-Type: application/json; charset=utf-8
cache-control: no-cache
content-length: 53

12:00:42.187 [AsyncHttpClient-1-2] DEBUG org.asynchttpclient.netty.channel.ChannelManager - Adding key: http://localhost:56665 for channel [id: 0x620f1558, L:/127.0.0.1:54840 - R:localhost/127.0.0.1:56665]
12:00:42.188 [Forwarding getWindowHandles on session 7d7ecb7f0c3f35b6fe1fd1ef80a5860c to remote] DEBUG org.asynchttpclient.netty.request.NettyRequestSender - Using pooled Channel '[id: 0x620f1558, L:/127.0.0.1:54840 - R:localhost/127.0.0.1:56665]' for 'GET' to 'http://localhost:56665/session/7d7ecb7f0c3f35b6fe1fd1ef80a5860c/window/handles'
12:00:42.188 [Forwarding getWindowHandles on session 7d7ecb7f0c3f35b6fe1fd1ef80a5860c to remote] DEBUG org.asynchttpclient.netty.request.NettyRequestSender - Using open Channel [id: 0x620f1558, L:/127.0.0.1:54840 - R:localhost/127.0.0.1:56665] for GET '/session/7d7ecb7f0c3f35b6fe1fd1ef80a5860c/window/handles'
12:00:42.189 [AsyncHttpClient-1-2] DEBUG org.asynchttpclient.netty.handler.HttpHandler - 

Request DefaultFullHttpRequest(decodeResult: success, version: HTTP/1.1, content: EmptyByteBufBE)
GET /session/7d7ecb7f0c3f35b6fe1fd1ef80a5860c/window/handles HTTP/1.1
User-Agent: selenium/4.4.0 (java windows)
Cache-Control: no-cache
Content-Type: application/json; charset=utf-8
host: localhost:56665
accept: */*

Response DefaultHttpResponse(decodeResult: success, version: HTTP/1.1)
HTTP/1.1 200 OK
Content-Type: application/json; charset=utf-8
cache-control: no-cache
content-length: 99

12:00:42.189 [AsyncHttpClient-1-2] DEBUG org.asynchttpclient.netty.channel.ChannelManager - Adding key: http://localhost:56665 for channel [id: 0x620f1558, L:/127.0.0.1:54840 - R:localhost/127.0.0.1:56665]
12:00:42.190 [Forwarding switchToWindow on session 7d7ecb7f0c3f35b6fe1fd1ef80a5860c to remote] DEBUG org.asynchttpclient.netty.request.NettyRequestSender - Using pooled Channel '[id: 0x620f1558, L:/127.0.0.1:54840 - R:localhost/127.0.0.1:56665]' for 'POST' to 'http://localhost:56665/session/7d7ecb7f0c3f35b6fe1fd1ef80a5860c/window'
12:00:42.190 [Forwarding switchToWindow on session 7d7ecb7f0c3f35b6fe1fd1ef80a5860c to remote] DEBUG org.asynchttpclient.netty.request.NettyRequestSender - Using open Channel [id: 0x620f1558, L:/127.0.0.1:54840 - R:localhost/127.0.0.1:56665] for POST '/session/7d7ecb7f0c3f35b6fe1fd1ef80a5860c/window'
12:00:42.198 [AsyncHttpClient-1-2] DEBUG org.asynchttpclient.netty.handler.HttpHandler - 

Request DefaultHttpRequest(decodeResult: success, version: HTTP/1.1)
POST /session/7d7ecb7f0c3f35b6fe1fd1ef80a5860c/window HTTP/1.1
User-Agent: selenium/4.4.0 (java windows)
Content-Length: 59
Content-Type: application/json; charset=utf-8
host: localhost:56665
accept: */*

Response DefaultHttpResponse(decodeResult: success, version: HTTP/1.1)
HTTP/1.1 200 OK
Content-Type: application/json; charset=utf-8
cache-control: no-cache
content-length: 14

12:00:42.198 [AsyncHttpClient-1-2] DEBUG org.asynchttpclient.netty.channel.ChannelManager - Adding key: http://localhost:56665 for channel [id: 0x620f1558, L:/127.0.0.1:54840 - R:localhost/127.0.0.1:56665]
12:00:42.203 [main] DEBUG net.thucydides.core.steps.StepInterceptor - STEP DONE: performAs
12:00:42.205 [main] DEBUG net.thucydides.core.steps.StepInterceptor - STEP DONE: !#title
12:00:42.212 [Forwarding getPageSource on session 7d7ecb7f0c3f35b6fe1fd1ef80a5860c to remote] DEBUG org.asynchttpclient.netty.request.NettyRequestSender - Using pooled Channel '[id: 0x620f1558, L:/127.0.0.1:54840 - R:localhost/127.0.0.1:56665]' for 'POST' to 'http://localhost:56665/session/7d7ecb7f0c3f35b6fe1fd1ef80a5860c/execute/sync'
12:00:42.212 [Forwarding getPageSource on session 7d7ecb7f0c3f35b6fe1fd1ef80a5860c to remote] DEBUG org.asynchttpclient.netty.request.NettyRequestSender - Using open Channel [id: 0x620f1558, L:/127.0.0.1:54840 - R:localhost/127.0.0.1:56665] for POST '/session/7d7ecb7f0c3f35b6fe1fd1ef80a5860c/execute/sync'
12:00:42.218 [AsyncHttpClient-1-2] DEBUG org.asynchttpclient.netty.handler.HttpHandler - 

Request DefaultHttpRequest(decodeResult: success, version: HTTP/1.1)
POST /session/7d7ecb7f0c3f35b6fe1fd1ef80a5860c/execute/sync HTTP/1.1
User-Agent: selenium/4.4.0 (java windows)
Content-Length: 176
Content-Type: application/json; charset=utf-8
host: localhost:56665
accept: */*

Response DefaultHttpResponse(decodeResult: success, version: HTTP/1.1)
HTTP/1.1 200 OK
Content-Type: application/json; charset=utf-8
cache-control: no-cache
content-length: 48206

12:00:42.218 [AsyncHttpClient-1-2] DEBUG org.asynchttpclient.netty.channel.ChannelManager - Adding key: http://localhost:56665 for channel [id: 0x620f1558, L:/127.0.0.1:54840 - R:localhost/127.0.0.1:56665]
12:00:42.223 [Forwarding getCurrentUrl on session 7d7ecb7f0c3f35b6fe1fd1ef80a5860c to remote] DEBUG org.asynchttpclient.netty.request.NettyRequestSender - Using pooled Channel '[id: 0x620f1558, L:/127.0.0.1:54840 - R:localhost/127.0.0.1:56665]' for 'GET' to 'http://localhost:56665/session/7d7ecb7f0c3f35b6fe1fd1ef80a5860c/url'
12:00:42.223 [Forwarding getCurrentUrl on session 7d7ecb7f0c3f35b6fe1fd1ef80a5860c to remote] DEBUG org.asynchttpclient.netty.request.NettyRequestSender - Using open Channel [id: 0x620f1558, L:/127.0.0.1:54840 - R:localhost/127.0.0.1:56665] for GET '/session/7d7ecb7f0c3f35b6fe1fd1ef80a5860c/url'
12:00:42.226 [AsyncHttpClient-1-2] DEBUG org.asynchttpclient.netty.handler.HttpHandler - 

Request DefaultFullHttpRequest(decodeResult: success, version: HTTP/1.1, content: EmptyByteBufBE)
GET /session/7d7ecb7f0c3f35b6fe1fd1ef80a5860c/url HTTP/1.1
User-Agent: selenium/4.4.0 (java windows)
Cache-Control: no-cache
Content-Type: application/json; charset=utf-8
host: localhost:56665
accept: */*

Response DefaultHttpResponse(decodeResult: success, version: HTTP/1.1)
HTTP/1.1 200 OK
Content-Type: application/json; charset=utf-8
cache-control: no-cache
content-length: 68

12:00:42.226 [AsyncHttpClient-1-2] DEBUG org.asynchttpclient.netty.channel.ChannelManager - Adding key: http://localhost:56665 for channel [id: 0x620f1558, L:/127.0.0.1:54840 - R:localhost/127.0.0.1:56665]
12:00:42.284 [AsyncHttpClient-1-1] DEBUG org.asynchttpclient.netty.channel.DefaultChannelPool - Entry count for : http://localhost:56665 : 1
12:00:42.284 [AsyncHttpClient-1-1] DEBUG org.asynchttpclient.netty.channel.DefaultChannelPool - Entry count for : http://localhost:54841 : 1
12:00:42.312 [Forwarding getCurrentWindowHandle on session 7d7ecb7f0c3f35b6fe1fd1ef80a5860c to remote] DEBUG org.asynchttpclient.netty.request.NettyRequestSender - Using pooled Channel '[id: 0x620f1558, L:/127.0.0.1:54840 - R:localhost/127.0.0.1:56665]' for 'GET' to 'http://localhost:56665/session/7d7ecb7f0c3f35b6fe1fd1ef80a5860c/window'
12:00:42.312 [Forwarding getCurrentWindowHandle on session 7d7ecb7f0c3f35b6fe1fd1ef80a5860c to remote] DEBUG org.asynchttpclient.netty.request.NettyRequestSender - Using open Channel [id: 0x620f1558, L:/127.0.0.1:54840 - R:localhost/127.0.0.1:56665] for GET '/session/7d7ecb7f0c3f35b6fe1fd1ef80a5860c/window'
12:00:42.313 [AsyncHttpClient-1-2] DEBUG org.asynchttpclient.netty.handler.HttpHandler - 

Request DefaultFullHttpRequest(decodeResult: success, version: HTTP/1.1, content: EmptyByteBufBE)
GET /session/7d7ecb7f0c3f35b6fe1fd1ef80a5860c/window HTTP/1.1
User-Agent: selenium/4.4.0 (java windows)
Cache-Control: no-cache
Content-Type: application/json; charset=utf-8
host: localhost:56665
accept: */*

Response DefaultHttpResponse(decodeResult: success, version: HTTP/1.1)
HTTP/1.1 200 OK
Content-Type: application/json; charset=utf-8
cache-control: no-cache
content-length: 53

12:00:42.313 [AsyncHttpClient-1-2] DEBUG org.asynchttpclient.netty.channel.ChannelManager - Adding key: http://localhost:56665 for channel [id: 0x620f1558, L:/127.0.0.1:54840 - R:localhost/127.0.0.1:56665]
12:00:42.314 [Forwarding getAlertText on session 7d7ecb7f0c3f35b6fe1fd1ef80a5860c to remote] DEBUG org.asynchttpclient.netty.request.NettyRequestSender - Using pooled Channel '[id: 0x620f1558, L:/127.0.0.1:54840 - R:localhost/127.0.0.1:56665]' for 'GET' to 'http://localhost:56665/session/7d7ecb7f0c3f35b6fe1fd1ef80a5860c/alert/text'
12:00:42.314 [Forwarding getAlertText on session 7d7ecb7f0c3f35b6fe1fd1ef80a5860c to remote] DEBUG org.asynchttpclient.netty.request.NettyRequestSender - Using open Channel [id: 0x620f1558, L:/127.0.0.1:54840 - R:localhost/127.0.0.1:56665] for GET '/session/7d7ecb7f0c3f35b6fe1fd1ef80a5860c/alert/text'
12:00:42.316 [AsyncHttpClient-1-2] DEBUG org.asynchttpclient.netty.handler.HttpHandler - 

Request DefaultFullHttpRequest(decodeResult: success, version: HTTP/1.1, content: EmptyByteBufBE)
GET /session/7d7ecb7f0c3f35b6fe1fd1ef80a5860c/alert/text HTTP/1.1
User-Agent: selenium/4.4.0 (java windows)
Cache-Control: no-cache
Content-Type: application/json; charset=utf-8
host: localhost:56665
accept: */*

Response DefaultHttpResponse(decodeResult: success, version: HTTP/1.1)
HTTP/1.1 404 Not Found
Content-Type: application/json; charset=utf-8
cache-control: no-cache
content-length: 835

12:00:42.316 [AsyncHttpClient-1-2] DEBUG org.asynchttpclient.netty.channel.ChannelManager - Adding key: http://localhost:56665 for channel [id: 0x620f1558, L:/127.0.0.1:54840 - R:localhost/127.0.0.1:56665]
12:00:42.318 [Forwarding switchToWindow on session 7d7ecb7f0c3f35b6fe1fd1ef80a5860c to remote] DEBUG org.asynchttpclient.netty.request.NettyRequestSender - Using pooled Channel '[id: 0x620f1558, L:/127.0.0.1:54840 - R:localhost/127.0.0.1:56665]' for 'POST' to 'http://localhost:56665/session/7d7ecb7f0c3f35b6fe1fd1ef80a5860c/window'
12:00:42.318 [Forwarding switchToWindow on session 7d7ecb7f0c3f35b6fe1fd1ef80a5860c to remote] DEBUG org.asynchttpclient.netty.request.NettyRequestSender - Using open Channel [id: 0x620f1558, L:/127.0.0.1:54840 - R:localhost/127.0.0.1:56665] for POST '/session/7d7ecb7f0c3f35b6fe1fd1ef80a5860c/window'
12:00:42.320 [AsyncHttpClient-1-2] DEBUG org.asynchttpclient.netty.handler.HttpHandler - 

Request DefaultHttpRequest(decodeResult: success, version: HTTP/1.1)
POST /session/7d7ecb7f0c3f35b6fe1fd1ef80a5860c/window HTTP/1.1
User-Agent: selenium/4.4.0 (java windows)
Content-Length: 59
Content-Type: application/json; charset=utf-8
host: localhost:56665
accept: */*

Response DefaultHttpResponse(decodeResult: success, version: HTTP/1.1)
HTTP/1.1 200 OK
Content-Type: application/json; charset=utf-8
cache-control: no-cache
content-length: 14

12:00:42.320 [AsyncHttpClient-1-2] DEBUG org.asynchttpclient.netty.channel.ChannelManager - Adding key: http://localhost:56665 for channel [id: 0x620f1558, L:/127.0.0.1:54840 - R:localhost/127.0.0.1:56665]
12:00:42.320 [Forwarding getCurrentUrl on session 7d7ecb7f0c3f35b6fe1fd1ef80a5860c to remote] DEBUG org.asynchttpclient.netty.request.NettyRequestSender - Using pooled Channel '[id: 0x620f1558, L:/127.0.0.1:54840 - R:localhost/127.0.0.1:56665]' for 'GET' to 'http://localhost:56665/session/7d7ecb7f0c3f35b6fe1fd1ef80a5860c/url'
12:00:42.320 [Forwarding getCurrentUrl on session 7d7ecb7f0c3f35b6fe1fd1ef80a5860c to remote] DEBUG org.asynchttpclient.netty.request.NettyRequestSender - Using open Channel [id: 0x620f1558, L:/127.0.0.1:54840 - R:localhost/127.0.0.1:56665] for GET '/session/7d7ecb7f0c3f35b6fe1fd1ef80a5860c/url'
12:00:42.323 [AsyncHttpClient-1-2] DEBUG org.asynchttpclient.netty.handler.HttpHandler - 

Request DefaultFullHttpRequest(decodeResult: success, version: HTTP/1.1, content: EmptyByteBufBE)
GET /session/7d7ecb7f0c3f35b6fe1fd1ef80a5860c/url HTTP/1.1
User-Agent: selenium/4.4.0 (java windows)
Cache-Control: no-cache
Content-Type: application/json; charset=utf-8
host: localhost:56665
accept: */*

Response DefaultHttpResponse(decodeResult: success, version: HTTP/1.1)
HTTP/1.1 200 OK
Content-Type: application/json; charset=utf-8
cache-control: no-cache
content-length: 68

12:00:42.324 [AsyncHttpClient-1-2] DEBUG org.asynchttpclient.netty.channel.ChannelManager - Adding key: http://localhost:56665 for channel [id: 0x620f1558, L:/127.0.0.1:54840 - R:localhost/127.0.0.1:56665]
12:00:42.324 [Forwarding screenshot on session 7d7ecb7f0c3f35b6fe1fd1ef80a5860c to remote] DEBUG org.asynchttpclient.netty.request.NettyRequestSender - Using pooled Channel '[id: 0x620f1558, L:/127.0.0.1:54840 - R:localhost/127.0.0.1:56665]' for 'GET' to 'http://localhost:56665/session/7d7ecb7f0c3f35b6fe1fd1ef80a5860c/screenshot'
12:00:42.324 [Forwarding screenshot on session 7d7ecb7f0c3f35b6fe1fd1ef80a5860c to remote] DEBUG org.asynchttpclient.netty.request.NettyRequestSender - Using open Channel [id: 0x620f1558, L:/127.0.0.1:54840 - R:localhost/127.0.0.1:56665] for GET '/session/7d7ecb7f0c3f35b6fe1fd1ef80a5860c/screenshot'
12:00:42.462 [AsyncHttpClient-1-2] DEBUG org.asynchttpclient.netty.handler.HttpHandler - 

Request DefaultFullHttpRequest(decodeResult: success, version: HTTP/1.1, content: EmptyByteBufBE)
GET /session/7d7ecb7f0c3f35b6fe1fd1ef80a5860c/screenshot HTTP/1.1
User-Agent: selenium/4.4.0 (java windows)
Cache-Control: no-cache
Content-Type: application/json; charset=utf-8
host: localhost:56665
accept: */*

Response DefaultHttpResponse(decodeResult: success, version: HTTP/1.1)
HTTP/1.1 200 OK
Content-Type: application/json; charset=utf-8
cache-control: no-cache
content-length: 678584

12:00:42.463 [AsyncHttpClient-1-2] DEBUG org.asynchttpclient.netty.channel.ChannelManager - Adding key: http://localhost:56665 for channel [id: 0x620f1558, L:/127.0.0.1:54840 - R:localhost/127.0.0.1:56665]
12:00:42.478 [main] DEBUG net.serenitybdd.core.photography.Darkroom - Send negative for processing for target\site\serenity\fcb1586f0d133b11bbcc262c6919562141cc6e73d53e8aebea0e62180a2fb8b8.png
12:00:42.479 [Forwarding getPageSource on session 7d7ecb7f0c3f35b6fe1fd1ef80a5860c to remote] DEBUG org.asynchttpclient.netty.request.NettyRequestSender - Using pooled Channel '[id: 0x620f1558, L:/127.0.0.1:54840 - R:localhost/127.0.0.1:56665]' for 'POST' to 'http://localhost:56665/session/7d7ecb7f0c3f35b6fe1fd1ef80a5860c/execute/sync'
12:00:42.479 [Forwarding getPageSource on session 7d7ecb7f0c3f35b6fe1fd1ef80a5860c to remote] DEBUG org.asynchttpclient.netty.request.NettyRequestSender - Using open Channel [id: 0x620f1558, L:/127.0.0.1:54840 - R:localhost/127.0.0.1:56665] for POST '/session/7d7ecb7f0c3f35b6fe1fd1ef80a5860c/execute/sync'
12:00:42.484 [AsyncHttpClient-1-2] DEBUG org.asynchttpclient.netty.handler.HttpHandler - 

Request DefaultHttpRequest(decodeResult: success, version: HTTP/1.1)
POST /session/7d7ecb7f0c3f35b6fe1fd1ef80a5860c/execute/sync HTTP/1.1
User-Agent: selenium/4.4.0 (java windows)
Content-Length: 176
Content-Type: application/json; charset=utf-8
host: localhost:56665
accept: */*

Response DefaultHttpResponse(decodeResult: success, version: HTTP/1.1)
HTTP/1.1 200 OK
Content-Type: application/json; charset=utf-8
cache-control: no-cache
content-length: 48206

12:00:42.484 [AsyncHttpClient-1-2] DEBUG org.asynchttpclient.netty.channel.ChannelManager - Adding key: http://localhost:56665 for channel [id: 0x620f1558, L:/127.0.0.1:54840 - R:localhost/127.0.0.1:56665]
12:00:42.487 [Forwarding getCurrentUrl on session 7d7ecb7f0c3f35b6fe1fd1ef80a5860c to remote] DEBUG org.asynchttpclient.netty.request.NettyRequestSender - Using pooled Channel '[id: 0x620f1558, L:/127.0.0.1:54840 - R:localhost/127.0.0.1:56665]' for 'GET' to 'http://localhost:56665/session/7d7ecb7f0c3f35b6fe1fd1ef80a5860c/url'
12:00:42.487 [Forwarding getCurrentUrl on session 7d7ecb7f0c3f35b6fe1fd1ef80a5860c to remote] DEBUG org.asynchttpclient.netty.request.NettyRequestSender - Using open Channel [id: 0x620f1558, L:/127.0.0.1:54840 - R:localhost/127.0.0.1:56665] for GET '/session/7d7ecb7f0c3f35b6fe1fd1ef80a5860c/url'
12:00:42.491 [AsyncHttpClient-1-2] DEBUG org.asynchttpclient.netty.handler.HttpHandler - 

Request DefaultFullHttpRequest(decodeResult: success, version: HTTP/1.1, content: EmptyByteBufBE)
GET /session/7d7ecb7f0c3f35b6fe1fd1ef80a5860c/url HTTP/1.1
User-Agent: selenium/4.4.0 (java windows)
Cache-Control: no-cache
Content-Type: application/json; charset=utf-8
host: localhost:56665
accept: */*

Response DefaultHttpResponse(decodeResult: success, version: HTTP/1.1)
HTTP/1.1 200 OK
Content-Type: application/json; charset=utf-8
cache-control: no-cache
content-length: 68

12:00:42.491 [AsyncHttpClient-1-2] DEBUG org.asynchttpclient.netty.channel.ChannelManager - Adding key: http://localhost:56665 for channel [id: 0x620f1558, L:/127.0.0.1:54840 - R:localhost/127.0.0.1:56665]
12:00:42.497 [Forwarding findElements on session 7d7ecb7f0c3f35b6fe1fd1ef80a5860c to remote] DEBUG org.asynchttpclient.netty.request.NettyRequestSender - Using pooled Channel '[id: 0x620f1558, L:/127.0.0.1:54840 - R:localhost/127.0.0.1:56665]' for 'POST' to 'http://localhost:56665/session/7d7ecb7f0c3f35b6fe1fd1ef80a5860c/elements'
12:00:42.497 [Forwarding findElements on session 7d7ecb7f0c3f35b6fe1fd1ef80a5860c to remote] DEBUG org.asynchttpclient.netty.request.NettyRequestSender - Using open Channel [id: 0x620f1558, L:/127.0.0.1:54840 - R:localhost/127.0.0.1:56665] for POST '/session/7d7ecb7f0c3f35b6fe1fd1ef80a5860c/elements'
12:00:42.504 [AsyncHttpClient-1-2] DEBUG org.asynchttpclient.netty.handler.HttpHandler - 

Request DefaultHttpRequest(decodeResult: success, version: HTTP/1.1)
POST /session/7d7ecb7f0c3f35b6fe1fd1ef80a5860c/elements HTTP/1.1
User-Agent: selenium/4.4.0 (java windows)
Content-Length: 60
Content-Type: application/json; charset=utf-8
host: localhost:56665
accept: */*

Response DefaultHttpResponse(decodeResult: success, version: HTTP/1.1)
HTTP/1.1 200 OK
Content-Type: application/json; charset=utf-8
cache-control: no-cache
content-length: 90

12:00:42.504 [AsyncHttpClient-1-2] DEBUG org.asynchttpclient.netty.channel.ChannelManager - Adding key: http://localhost:56665 for channel [id: 0x620f1558, L:/127.0.0.1:54840 - R:localhost/127.0.0.1:56665]
12:00:42.507 [Forwarding getElementAttribute on session 7d7ecb7f0c3f35b6fe1fd1ef80a5860c to remote] DEBUG org.asynchttpclient.netty.request.NettyRequestSender - Using pooled Channel '[id: 0x620f1558, L:/127.0.0.1:54840 - R:localhost/127.0.0.1:56665]' for 'POST' to 'http://localhost:56665/session/7d7ecb7f0c3f35b6fe1fd1ef80a5860c/execute/sync'
12:00:42.507 [Forwarding getElementAttribute on session 7d7ecb7f0c3f35b6fe1fd1ef80a5860c to remote] DEBUG org.asynchttpclient.netty.request.NettyRequestSender - Using open Channel [id: 0x620f1558, L:/127.0.0.1:54840 - R:localhost/127.0.0.1:56665] for POST '/session/7d7ecb7f0c3f35b6fe1fd1ef80a5860c/execute/sync'
12:00:42.514 [AsyncHttpClient-1-2] DEBUG org.asynchttpclient.netty.handler.HttpHandler - 

Request DefaultHttpRequest(decodeResult: success, version: HTTP/1.1)
POST /session/7d7ecb7f0c3f35b6fe1fd1ef80a5860c/execute/sync HTTP/1.1
User-Agent: selenium/4.4.0 (java windows)
Content-Length: 47346
Content-Type: application/json; charset=utf-8
host: localhost:56665
accept: */*

Response DefaultHttpResponse(decodeResult: success, version: HTTP/1.1)
HTTP/1.1 200 OK
Content-Type: application/json; charset=utf-8
cache-control: no-cache
content-length: 42

12:00:42.514 [AsyncHttpClient-1-2] DEBUG org.asynchttpclient.netty.channel.ChannelManager - Adding key: http://localhost:56665 for channel [id: 0x620f1558, L:/127.0.0.1:54840 - R:localhost/127.0.0.1:56665]
12:00:42.520 [main] INFO  - 
  _____   ___   ___   _____     ___     _     ___   ___   ___   ___  
 |_   _| | __| / __| |_   _|   | _ \   /_\   / __| / __| | __| |   \ 
   | |   | _|  \__ \   | |     |  _/  / _ \  \__ \ \__ \ | _|  | |) |
   |_|   |___| |___/   |_|     |_|   /_/ \_\ |___/ |___/ |___| |___/ 

Peruanos en el Extranjero Consulados en el mundo y Lista de Consulados en el mundo
----------------------------------------------------------------------
12:00:42.549 [Driver Command Executor] DEBUG org.asynchttpclient.netty.request.NettyRequestSender - Using pooled Channel '[id: 0x620f1558, L:/127.0.0.1:54840 - R:localhost/127.0.0.1:56665]' for 'DELETE' to 'http://localhost:56665/session/7d7ecb7f0c3f35b6fe1fd1ef80a5860c'
12:00:42.549 [Driver Command Executor] DEBUG org.asynchttpclient.netty.request.NettyRequestSender - Using open Channel [id: 0x620f1558, L:/127.0.0.1:54840 - R:localhost/127.0.0.1:56665] for DELETE '/session/7d7ecb7f0c3f35b6fe1fd1ef80a5860c'
12:00:42.550 [AsyncHttpClient-1-4] DEBUG org.asynchttpclient.netty.handler.WebSocketHandler - Channel Closed: [id: 0x88d71c53, L:/127.0.0.1:54847 ! R:localhost/127.0.0.1:54841] with attribute NettyResponseFuture{currentRetry=0,
	isDone=1,
	isCancelled=0,
	asyncHandler=org.asynchttpclient.ws.WebSocketUpgradeHandler@268ceb37,
	nettyRequest=org.asynchttpclient.netty.request.NettyRequest@3f90b1d2,
	future=java.util.concurrent.CompletableFuture@7407191a[Completed normally],
	uri=ws://localhost:54841/devtools/browser/42aa653e-fbcb-4bcb-96d2-f91680d06771,
	keepAlive=true,
	redirectCount=0,
	timeoutsHolder=null,
	inAuth=0,
	touch=1672333232777}
12:00:42.550 [AsyncHttpClient-1-4] DEBUG org.asynchttpclient.netty.channel.ChannelManager - Closing Channel [id: 0x88d71c53, L:/127.0.0.1:54847 ! R:localhost/127.0.0.1:54841] 
12:00:42.586 [AsyncHttpClient-1-3] DEBUG org.asynchttpclient.netty.handler.HttpHandler - Unexpected I/O exception on channel [id: 0xce232ded, L:/127.0.0.1:54846 - R:localhost/127.0.0.1:54841]
java.io.IOException: Se ha forzado la interrupción de una conexión existente por el host remoto
	at sun.nio.ch.SocketDispatcher.read0(Native Method)
	at sun.nio.ch.SocketDispatcher.read(SocketDispatcher.java:43)
	at sun.nio.ch.IOUtil.readIntoNativeBuffer(IOUtil.java:223)
	at sun.nio.ch.IOUtil.read(IOUtil.java:192)
	at sun.nio.ch.SocketChannelImpl.read(SocketChannelImpl.java:380)
	at io.netty.buffer.PooledByteBuf.setBytes(PooledByteBuf.java:258)
	at io.netty.buffer.AbstractByteBuf.writeBytes(AbstractByteBuf.java:1132)
	at io.netty.channel.socket.nio.NioSocketChannel.doReadBytes(NioSocketChannel.java:357)
	at io.netty.channel.nio.AbstractNioByteChannel$NioByteUnsafe.read(AbstractNioByteChannel.java:151)
	at io.netty.channel.nio.NioEventLoop.processSelectedKey(NioEventLoop.java:722)
	at io.netty.channel.nio.NioEventLoop.processSelectedKeysOptimized(NioEventLoop.java:658)
	at io.netty.channel.nio.NioEventLoop.processSelectedKeys(NioEventLoop.java:584)
	at io.netty.channel.nio.NioEventLoop.run(NioEventLoop.java:496)
	at io.netty.util.concurrent.SingleThreadEventExecutor$4.run(SingleThreadEventExecutor.java:997)
	at io.netty.util.internal.ThreadExecutorMap$2.run(ThreadExecutorMap.java:74)
	at io.netty.util.concurrent.FastThreadLocalRunnable.run(FastThreadLocalRunnable.java:30)
	at java.lang.Thread.run(Thread.java:748)
12:00:42.586 [AsyncHttpClient-1-3] DEBUG org.asynchttpclient.netty.channel.ChannelManager - Closing Channel [id: 0xce232ded, L:/127.0.0.1:54846 - R:localhost/127.0.0.1:54841] 
12:00:42.587 [AsyncHttpClient-1-3] DEBUG org.asynchttpclient.netty.handler.HttpHandler - Channel Closed: [id: 0xce232ded, L:/127.0.0.1:54846 ! R:localhost/127.0.0.1:54841] with attribute DISCARD
12:00:42.593 [AsyncHttpClient-1-2] DEBUG org.asynchttpclient.netty.handler.HttpHandler - 

Request DefaultFullHttpRequest(decodeResult: success, version: HTTP/1.1, content: EmptyByteBufBE)
DELETE /session/7d7ecb7f0c3f35b6fe1fd1ef80a5860c HTTP/1.1
User-Agent: selenium/4.4.0 (java windows)
Content-Type: application/json; charset=utf-8
host: localhost:56665
accept: */*

Response DefaultHttpResponse(decodeResult: success, version: HTTP/1.1)
HTTP/1.1 200 OK
Content-Type: application/json; charset=utf-8
cache-control: no-cache
content-length: 14

12:00:42.593 [AsyncHttpClient-1-2] DEBUG org.asynchttpclient.netty.channel.ChannelManager - Adding key: http://localhost:56665 for channel [id: 0x620f1558, L:/127.0.0.1:54840 - R:localhost/127.0.0.1:56665]
12:00:42.642 [AsyncHttpClient-1-2] DEBUG org.asynchttpclient.netty.handler.HttpHandler - Channel Closed: [id: 0x620f1558, L:/127.0.0.1:54840 ! R:localhost/127.0.0.1:56665] with attribute DISCARD
]]></system-out>
    <system-err><![CDATA[Starting ChromeDriver 108.0.5359.71 (1e0e3868ee06e91ad636a874420e3ca3ae3756ac-refs/branch-heads/5359@{#1016}) on port 56665
Only local connections are allowed.
Please see https://chromedriver.chromium.org/security-considerations for suggestions on keeping ChromeDriver safe.
ChromeDriver was started successfully.
dic 29, 2022 12:00:32 PM org.openqa.selenium.remote.ProtocolHandshake createSession
INFORMACIÓN: Detected upstream dialect: W3C
dic 29, 2022 12:00:32 PM org.openqa.selenium.devtools.CdpVersionFinder findNearestMatch
ADVERTENCIA: Unable to find an exact match for CDP version 108, so returning the closest version found: 104
dic 29, 2022 12:00:32 PM org.openqa.selenium.devtools.CdpVersionFinder findNearestMatch
INFORMACIÓN: Found CDP implementation for version 108 of 104
]]></system-err>
  </testcase>
</testsuite>